#
# There is insufficient memory for the Java Runtime Environment to continue.
# Native memory allocation (malloc) failed to allocate 1812992 bytes for Chunk::new
# Possible reasons:
#   The system is out of physical RAM or swap space
#   The process is running with CompressedOops enabled, and the Java Heap may be blocking the growth of the native heap
# Possible solutions:
#   Reduce memory load on the system
#   Increase physical memory or swap space
#   Check if swap backing store is full
#   Decrease Java heap size (-Xmx/-Xms)
#   Decrease number of Java threads
#   Decrease Java thread stack sizes (-Xss)
#   Set larger code cache with -XX:ReservedCodeCacheSize=
#   JVM is running with Unscaled Compressed Oops mode in which the Java heap is
#     placed in the first 4GB address space. The Java Heap base address is the
#     maximum limit for the native heap growth. Please use -XX:HeapBaseMinAddress
#     to set the Java Heap base and to place the Java Heap above 4GB virtual address.
# This output file may be truncated or incomplete.
#
#  Out of Memory Error (arena.cpp:184), pid=19408, tid=12044
#
# JRE version: Java(TM) SE Runtime Environment (19.0.2+7) (build 19.0.2+7-44)
# Java VM: Java HotSpot(TM) 64-Bit Server VM (19.0.2+7-44, mixed mode, sharing, tiered, compressed oops, compressed class ptrs, g1 gc, windows-amd64)
# No core dump will be written. Minidumps are not enabled by default on client versions of Windows
#

---------------  S U M M A R Y ------------

Command Line: -XX:MaxMetaspaceSize=512m --add-opens=java.base/java.util=ALL-UNNAMED --add-opens=java.base/java.lang=ALL-UNNAMED --add-opens=java.base/java.lang.invoke=ALL-UNNAMED --add-opens=java.prefs/java.util.prefs=ALL-UNNAMED --add-exports=jdk.compiler/com.sun.tools.javac.api=ALL-UNNAMED --add-exports=jdk.compiler/com.sun.tools.javac.util=ALL-UNNAMED --add-opens=java.base/java.nio.charset=ALL-UNNAMED --add-opens=java.base/java.net=ALL-UNNAMED --add-opens=java.base/java.util.concurrent.atomic=ALL-UNNAMED -Xmx2048m -Dfile.encoding=utf8 -Duser.country=US -Duser.language=en -Duser.variant -javaagent:C:\Users\SYS0124-P001\.gradle\wrapper\dists\gradle-8.10.2-all\7iv73wktx1xtkvlq19urqw1wm\gradle-8.10.2\lib\agents\gradle-instrumentation-agent-8.10.2.jar org.gradle.launcher.daemon.bootstrap.GradleDaemon 8.10.2

Host: 11th Gen Intel(R) Core(TM) i7-1165G7 @ 2.80GHz, 8 cores, 7G,  Windows 11 , 64 bit Build 26100 (10.0.26100.2161)
Time: Thu Nov 21 12:03:16 2024 W. Central Africa Standard Time elapsed time: 156.633988 seconds (0d 0h 2m 36s)

---------------  T H R E A D  ---------------

Current thread (0x000002356a1d3190):  JavaThread "C2 CompilerThread0" daemon [_thread_in_native, id=12044, stack(0x000000aeea200000,0x000000aeea300000)]


Current CompileTask:
C2: 156634 17347   !   4       java.io.ObjectOutputStream::writeObject0 (620 bytes)

Stack: [0x000000aeea200000,0x000000aeea300000]
Native frames: (J=compiled Java code, j=interpreted, Vv=VM code, C=native code)
V  [jvm.dll+0x6ee21a]
V  [jvm.dll+0x85765e]
V  [jvm.dll+0x85904e]
V  [jvm.dll+0x859703]
V  [jvm.dll+0x28298f]
V  [jvm.dll+0xc9adf]
V  [jvm.dll+0xc9e65]
V  [jvm.dll+0x3bca4c]
V  [jvm.dll+0x1ee29a]
V  [jvm.dll+0x24c52b]
V  [jvm.dll+0x24b781]
V  [jvm.dll+0x1d6ce1]
V  [jvm.dll+0x25b25a]
V  [jvm.dll+0x2596e8]
V  [jvm.dll+0x807588]
V  [jvm.dll+0x80125a]
V  [jvm.dll+0x6ecf0b]
C  [ucrtbase.dll+0x14ea0]
C  [KERNEL32.DLL+0x2dbe7]
C  [ntdll.dll+0xdfbec]


---------------  P R O C E S S  ---------------

Threads class SMR info:
_java_thread_list=0x000002357e19d2a0, length=49, elements={
0x000002354bb1e460, 0x000002356a1c5d70, 0x000002356a1c7500, 0x000002356a1c8db0,
0x000002356a1cc9f0, 0x000002356a1cf420, 0x000002356a1cfe40, 0x000002356a1d3190,
0x000002356a1d95c0, 0x000002356e5130a0, 0x000002356a197380, 0x000002356e779860,
0x00000235700cd5f0, 0x00000235701bc7c0, 0x00000235701b1140, 0x00000235701e0e80,
0x00000235701a8c40, 0x000002357027f5a0, 0x0000023570297330, 0x0000023570296890,
0x0000023570296de0, 0x0000023570297880, 0x0000023570298870, 0x0000023570295df0,
0x0000023570299310, 0x0000023570297dd0, 0x0000023570298dc0, 0x0000023570b26830,
0x0000023570b26d80, 0x0000023570b27d70, 0x0000023570b262e0, 0x0000023570b25d90,
0x0000023570b25840, 0x0000023570b27820, 0x0000023570b24300, 0x0000023570b282c0,
0x0000023570b24da0, 0x0000023570b252f0, 0x0000023570b2bd30, 0x0000023570b2a2a0,
0x0000023570b2a7f0, 0x0000023572dd8d90, 0x0000023574cc3cb0, 0x0000023574cc2220,
0x0000023574cc2770, 0x0000023574cc51f0, 0x0000023574cc4ca0, 0x0000023574cc2cc0,
0x0000023574a30a70
}

Java Threads: ( => current thread )
  0x000002354bb1e460 JavaThread "main" [_thread_blocked, id=34668, stack(0x000000aee9500000,0x000000aee9600000)]
  0x000002356a1c5d70 JavaThread "Reference Handler" daemon [_thread_blocked, id=26840, stack(0x000000aee9c00000,0x000000aee9d00000)]
  0x000002356a1c7500 JavaThread "Finalizer" daemon [_thread_blocked, id=28068, stack(0x000000aee9d00000,0x000000aee9e00000)]
  0x000002356a1c8db0 JavaThread "Signal Dispatcher" daemon [_thread_blocked, id=30756, stack(0x000000aee9e00000,0x000000aee9f00000)]
  0x000002356a1cc9f0 JavaThread "Attach Listener" daemon [_thread_blocked, id=32484, stack(0x000000aee9f00000,0x000000aeea000000)]
  0x000002356a1cf420 JavaThread "Service Thread" daemon [_thread_blocked, id=21468, stack(0x000000aeea000000,0x000000aeea100000)]
  0x000002356a1cfe40 JavaThread "Monitor Deflation Thread" daemon [_thread_blocked, id=29320, stack(0x000000aeea100000,0x000000aeea200000)]
=>0x000002356a1d3190 JavaThread "C2 CompilerThread0" daemon [_thread_in_native, id=12044, stack(0x000000aeea200000,0x000000aeea300000)]
  0x000002356a1d95c0 JavaThread "C1 CompilerThread0" daemon [_thread_blocked, id=25828, stack(0x000000aeea300000,0x000000aeea400000)]
  0x000002356e5130a0 JavaThread "Sweeper thread" daemon [_thread_blocked, id=25888, stack(0x000000aeea400000,0x000000aeea500000)]
  0x000002356a197380 JavaThread "Common-Cleaner" daemon [_thread_blocked, id=33696, stack(0x000000aeea500000,0x000000aeea600000)]
  0x000002356e779860 JavaThread "Notification Thread" daemon [_thread_blocked, id=33160, stack(0x000000aeea600000,0x000000aeea700000)]
  0x00000235700cd5f0 JavaThread "Daemon health stats" [_thread_blocked, id=1884, stack(0x000000aeeac00000,0x000000aeead00000)]
  0x00000235701bc7c0 JavaThread "Incoming local TCP Connector on port 53594" [_thread_in_native, id=26356, stack(0x000000aeead00000,0x000000aeeae00000)]
  0x00000235701b1140 JavaThread "Daemon periodic checks" [_thread_blocked, id=28972, stack(0x000000aeeae00000,0x000000aeeaf00000)]
  0x00000235701e0e80 JavaThread "Daemon" [_thread_blocked, id=31132, stack(0x000000aeeaf00000,0x000000aeeb000000)]
  0x00000235701a8c40 JavaThread "Handler for socket connection from /127.0.0.1:53594 to /127.0.0.1:53603" [_thread_in_native, id=31176, stack(0x000000aeeb000000,0x000000aeeb100000)]
  0x000002357027f5a0 JavaThread "Cancel handler" [_thread_blocked, id=35272, stack(0x000000aeeb100000,0x000000aeeb200000)]
  0x0000023570297330 JavaThread "Daemon worker" [_thread_in_native, id=20736, stack(0x000000aeeb200000,0x000000aeeb300000)]
  0x0000023570296890 JavaThread "Asynchronous log dispatcher for DefaultDaemonConnection: socket connection from /127.0.0.1:53594 to /127.0.0.1:53603" [_thread_blocked, id=25056, stack(0x000000aeeb300000,0x000000aeeb400000)]
  0x0000023570296de0 JavaThread "Stdin handler" [_thread_blocked, id=15596, stack(0x000000aeeb400000,0x000000aeeb500000)]
  0x0000023570297880 JavaThread "Daemon client event forwarder" [_thread_blocked, id=31124, stack(0x000000aeeb500000,0x000000aeeb600000)]
  0x0000023570298870 JavaThread "Cache worker for journal cache (C:\Users\SYS0124-P001\.gradle\caches\journal-1)" [_thread_blocked, id=15004, stack(0x000000aeeb600000,0x000000aeeb700000)]
  0x0000023570295df0 JavaThread "File lock request listener" [_thread_in_native, id=32700, stack(0x000000aeeb700000,0x000000aeeb800000)]
  0x0000023570299310 JavaThread "Cache worker for file hash cache (C:\Users\SYS0124-P001\.gradle\caches\8.10.2\fileHashes)" [_thread_blocked, id=32872, stack(0x000000aeeb800000,0x000000aeeb900000)]
  0x0000023570297dd0 JavaThread "Cache worker for file hash cache (C:\Users\SYS0124-P001\react_test\TodoListApp\android\.gradle\8.10.2\fileHashes)" [_thread_blocked, id=10540, stack(0x000000aeebd00000,0x000000aeebe00000)]
  0x0000023570298dc0 JavaThread "Cache worker for Build Output Cleanup Cache (C:\Users\SYS0124-P001\react_test\TodoListApp\android\.gradle\buildOutputCleanup)" [_thread_blocked, id=31648, stack(0x000000aeebe00000,0x000000aeebf00000)]
  0x0000023570b26830 JavaThread "File watcher server" daemon [_thread_in_native, id=27516, stack(0x000000aeec000000,0x000000aeec100000)]
  0x0000023570b26d80 JavaThread "File watcher consumer" daemon [_thread_blocked, id=26064, stack(0x000000aeec100000,0x000000aeec200000)]
  0x0000023570b27d70 JavaThread "jar transforms" [_thread_blocked, id=29832, stack(0x000000aeec200000,0x000000aeec300000)]
  0x0000023570b262e0 JavaThread "jar transforms Thread 2" [_thread_blocked, id=30096, stack(0x000000aeec300000,0x000000aeec400000)]
  0x0000023570b25d90 JavaThread "jar transforms Thread 3" [_thread_blocked, id=5528, stack(0x000000aeec400000,0x000000aeec500000)]
  0x0000023570b25840 JavaThread "Cache worker for checksums cache (C:\Users\SYS0124-P001\react_test\TodoListApp\android\.gradle\8.10.2\checksums)" [_thread_blocked, id=34540, stack(0x000000aeec500000,0x000000aeec600000)]
  0x0000023570b27820 JavaThread "Cache worker for file content cache (C:\Users\SYS0124-P001\.gradle\caches\8.10.2\fileContent)" [_thread_blocked, id=20732, stack(0x000000aeec600000,0x000000aeec700000)]
  0x0000023570b24300 JavaThread "Cache worker for cache directory md-rule (C:\Users\SYS0124-P001\.gradle\caches\8.10.2\md-rule)" [_thread_blocked, id=34800, stack(0x000000aeec700000,0x000000aeec800000)]
  0x0000023570b282c0 JavaThread "Cache worker for cache directory md-supplier (C:\Users\SYS0124-P001\.gradle\caches\8.10.2\md-supplier)" [_thread_blocked, id=16448, stack(0x000000aeec800000,0x000000aeec900000)]
  0x0000023570b24da0 JavaThread "jar transforms Thread 4" [_thread_blocked, id=28240, stack(0x000000aeeca00000,0x000000aeecb00000)]
  0x0000023570b252f0 JavaThread "jar transforms Thread 5" [_thread_blocked, id=18748, stack(0x000000aeec900000,0x000000aeeca00000)]
  0x0000023570b2bd30 JavaThread "jar transforms Thread 6" [_thread_blocked, id=11376, stack(0x000000aeecc00000,0x000000aeecd00000)]
  0x0000023570b2a2a0 JavaThread "jar transforms Thread 7" [_thread_blocked, id=22348, stack(0x000000aeecd00000,0x000000aeece00000)]
  0x0000023570b2a7f0 JavaThread "jar transforms Thread 8" [_thread_blocked, id=34496, stack(0x000000aeece00000,0x000000aeecf00000)]
  0x0000023572dd8d90 JavaThread "Cache worker for Build Output Cleanup Cache (C:\Users\SYS0124-P001\react_test\TodoListApp\node_modules\@react-native\gradle-plugin\.gradle\buildOutputCleanup)" [_thread_blocked, id=35672, stack(0x000000aeebf00000,0x000000aeec000000)]
  0x0000023574cc3cb0 JavaThread "Unconstrained build operations" [_thread_blocked, id=21096, stack(0x000000aee9100000,0x000000aee9200000)]
  0x0000023574cc2220 JavaThread "Unconstrained build operations Thread 2" [_thread_blocked, id=33352, stack(0x000000aee9300000,0x000000aee9400000)]
  0x0000023574cc2770 JavaThread "Unconstrained build operations Thread 3" [_thread_blocked, id=13752, stack(0x000000aeed000000,0x000000aeed100000)]
  0x0000023574cc51f0 JavaThread "Unconstrained build operations Thread 4" [_thread_blocked, id=35300, stack(0x000000aeed100000,0x000000aeed200000)]
  0x0000023574cc4ca0 JavaThread "Unconstrained build operations Thread 5" [_thread_blocked, id=16284, stack(0x000000aeed200000,0x000000aeed300000)]
  0x0000023574cc2cc0 JavaThread "Unconstrained build operations Thread 6" [_thread_blocked, id=22184, stack(0x000000aeed300000,0x000000aeed400000)]
  0x0000023574a30a70 JavaThread "Kotlin DSL Writer" [_thread_blocked, id=8436, stack(0x000000aeed400000,0x000000aeed500000)]

Other Threads:
  0x000002356a1a9720 VMThread "VM Thread" [stack: 0x000000aee9b00000,0x000000aee9c00000] [id=2248]
  0x000002354bb1f340 WatcherThread "VM Periodic Task Thread" [stack: 0x000000aeea700000,0x000000aeea800000] [id=30052]
  0x000002354bb82530 WorkerThread "GC Thread#0" [stack: 0x000000aee9600000,0x000000aee9700000] [id=9500]
  0x000002356e7dfc30 WorkerThread "GC Thread#1" [stack: 0x000000aeea800000,0x000000aeea900000] [id=4092]
  0x000002356e7dff00 WorkerThread "GC Thread#2" [stack: 0x000000aeea900000,0x000000aeeaa00000] [id=32724]
  0x000002356e7e0770 WorkerThread "GC Thread#3" [stack: 0x000000aeeaa00000,0x000000aeeab00000] [id=24740]
  0x000002356e7e01d0 WorkerThread "GC Thread#4" [stack: 0x000000aeeab00000,0x000000aeeac00000] [id=34948]
  0x0000023570037210 WorkerThread "GC Thread#5" [stack: 0x000000aeeb900000,0x000000aeeba00000] [id=33424]
  0x0000023570039c40 WorkerThread "GC Thread#6" [stack: 0x000000aeeba00000,0x000000aeebb00000] [id=29400]
  0x00000235700374e0 WorkerThread "GC Thread#7" [stack: 0x000000aeebb00000,0x000000aeebc00000] [id=26368]
  0x000002354bb93490 ConcurrentGCThread "G1 Main Marker" [stack: 0x000000aee9700000,0x000000aee9800000] [id=9772]
  0x000002354bb94e80 WorkerThread "G1 Conc#0" [stack: 0x000000aee9800000,0x000000aee9900000] [id=34112]
  0x0000023570036400 WorkerThread "G1 Conc#1" [stack: 0x000000aeebc00000,0x000000aeebd00000] [id=35724]
  0x000002356a0606b0 ConcurrentGCThread "G1 Refine#0" [stack: 0x000000aee9900000,0x000000aee9a00000] [id=19848]
  0x000002356a062a10 ConcurrentGCThread "G1 Service" [stack: 0x000000aee9a00000,0x000000aee9b00000] [id=23732]

Threads with active compile tasks:
C2 CompilerThread0   156688 17347   !   4       java.io.ObjectOutputStream::writeObject0 (620 bytes)

VM state: not at safepoint (normal execution)

VM Mutex/Monitor currently owned by a thread: None

Heap address: 0x0000000080000000, size: 2048 MB, Compressed Oops mode: 32-bit

CDS archive(s) mapped at: [0x0000000800000000-0x0000000800c40000-0x0000000800c40000), size 12845056, SharedBaseAddress: 0x0000000800000000, ArchiveRelocationMode: 0.
Compressed class space mapped at: 0x0000000801000000-0x000000081ac00000, reserved size: 432013312
Narrow klass base: 0x0000000800000000, Narrow klass shift: 0, Narrow klass range: 0x100000000

GC Precious Log:
 CardTable entry size: 512
 Card Set container configuration: InlinePtr #cards 5 size 8 Array Of Cards #cards 12 size 40 Howl #buckets 4 coarsen threshold 1843 Howl Bitmap #cards 512 size 80 coarsen threshold 460 Card regions per heap region 1 cards per card region 2048
 CPUs: 8 total, 8 available
 Memory: 7834M
 Large Page Support: Disabled
 NUMA Support: Disabled
 Compressed Oops: Enabled (32-bit)
 Heap Region Size: 1M
 Heap Min Capacity: 8M
 Heap Initial Capacity: 124M
 Heap Max Capacity: 2G
 Pre-touch: Disabled
 Parallel Workers: 8
 Concurrent Workers: 2
 Concurrent Refinement Workers: 8
 Periodic GC: Disabled

Heap:
 garbage-first heap   total 336896K, used 267942K [0x0000000080000000, 0x0000000100000000)
  region size 1024K, 157 young (160768K), 3 survivors (3072K)
 Metaspace       used 143969K, committed 146240K, reserved 552960K
  class space    used 18000K, committed 19200K, reserved 421888K

Heap Regions: E=young(eden), S=young(survivor), O=old, HS=humongous(starts), HC=humongous(continues), CS=collection set, F=free, OA=open archive, CA=closed archive, TAMS=top-at-mark-start (previous, next)
|   0|0x0000000080000000, 0x0000000080100000, 0x0000000080100000|100%| O|  |TAMS 0x0000000080100000, 0x0000000080000000| Untracked 
|   1|0x0000000080100000, 0x0000000080200000, 0x0000000080200000|100%| O|  |TAMS 0x0000000080200000, 0x0000000080100000| Untracked 
|   2|0x0000000080200000, 0x0000000080300000, 0x0000000080300000|100%|HS|  |TAMS 0x0000000080300000, 0x0000000080200000| Complete 
|   3|0x0000000080300000, 0x0000000080400000, 0x0000000080400000|100%|HC|  |TAMS 0x0000000080400000, 0x0000000080300000| Complete 
|   4|0x0000000080400000, 0x0000000080500000, 0x0000000080500000|100%|HC|  |TAMS 0x0000000080500000, 0x0000000080400000| Complete 
|   5|0x0000000080500000, 0x0000000080600000, 0x0000000080600000|100%|HC|  |TAMS 0x0000000080600000, 0x0000000080500000| Complete 
|   6|0x0000000080600000, 0x0000000080700000, 0x0000000080700000|100%| O|  |TAMS 0x0000000080700000, 0x0000000080600000| Untracked 
|   7|0x0000000080700000, 0x0000000080800000, 0x0000000080800000|100%|HS|  |TAMS 0x0000000080800000, 0x0000000080700000| Complete 
|   8|0x0000000080800000, 0x0000000080900000, 0x0000000080900000|100%| O|  |TAMS 0x0000000080900000, 0x0000000080800000| Untracked 
|   9|0x0000000080900000, 0x0000000080a00000, 0x0000000080a00000|100%| O|  |TAMS 0x0000000080a00000, 0x0000000080900000| Untracked 
|  10|0x0000000080a00000, 0x0000000080b00000, 0x0000000080b00000|100%| O|  |TAMS 0x0000000080b00000, 0x0000000080a00000| Untracked 
|  11|0x0000000080b00000, 0x0000000080c00000, 0x0000000080c00000|100%| O|  |TAMS 0x0000000080c00000, 0x0000000080b00000| Untracked 
|  12|0x0000000080c00000, 0x0000000080d00000, 0x0000000080d00000|100%| O|  |TAMS 0x0000000080d00000, 0x0000000080c00000| Untracked 
|  13|0x0000000080d00000, 0x0000000080e00000, 0x0000000080e00000|100%| O|  |TAMS 0x0000000080e00000, 0x0000000080d00000| Untracked 
|  14|0x0000000080e00000, 0x0000000080f00000, 0x0000000080f00000|100%| O|  |TAMS 0x0000000080f00000, 0x0000000080e00000| Untracked 
|  15|0x0000000080f00000, 0x0000000081000000, 0x0000000081000000|100%| O|  |TAMS 0x0000000081000000, 0x0000000080f00000| Untracked 
|  16|0x0000000081000000, 0x0000000081100000, 0x0000000081100000|100%| O|  |TAMS 0x0000000081100000, 0x0000000081000000| Untracked 
|  17|0x0000000081100000, 0x0000000081200000, 0x0000000081200000|100%| O|  |TAMS 0x0000000081200000, 0x0000000081100000| Untracked 
|  18|0x0000000081200000, 0x0000000081300000, 0x0000000081300000|100%| O|  |TAMS 0x0000000081300000, 0x0000000081200000| Untracked 
|  19|0x0000000081300000, 0x0000000081400000, 0x0000000081400000|100%| O|  |TAMS 0x0000000081400000, 0x0000000081300000| Untracked 
|  20|0x0000000081400000, 0x0000000081500000, 0x0000000081500000|100%| O|  |TAMS 0x0000000081500000, 0x0000000081400000| Untracked 
|  21|0x0000000081500000, 0x0000000081600000, 0x0000000081600000|100%| O|  |TAMS 0x0000000081600000, 0x0000000081500000| Untracked 
|  22|0x0000000081600000, 0x00000000816f3c00, 0x0000000081700000| 95%| O|  |TAMS 0x00000000816f3c00, 0x0000000081600000| Untracked 
|  23|0x0000000081700000, 0x0000000081800000, 0x0000000081800000|100%| O|  |TAMS 0x0000000081800000, 0x0000000081700000| Untracked 
|  24|0x0000000081800000, 0x0000000081900000, 0x0000000081900000|100%| O|  |TAMS 0x0000000081900000, 0x0000000081800000| Untracked 
|  25|0x0000000081900000, 0x0000000081a00000, 0x0000000081a00000|100%| O|  |TAMS 0x0000000081a00000, 0x0000000081900000| Untracked 
|  26|0x0000000081a00000, 0x0000000081b00000, 0x0000000081b00000|100%| O|  |TAMS 0x0000000081b00000, 0x0000000081a00000| Untracked 
|  27|0x0000000081b00000, 0x0000000081c00000, 0x0000000081c00000|100%| O|  |TAMS 0x0000000081c00000, 0x0000000081b00000| Untracked 
|  28|0x0000000081c00000, 0x0000000081d00000, 0x0000000081d00000|100%| O|  |TAMS 0x0000000081d00000, 0x0000000081c00000| Untracked 
|  29|0x0000000081d00000, 0x0000000081e00000, 0x0000000081e00000|100%| O|  |TAMS 0x0000000081e00000, 0x0000000081d00000| Untracked 
|  30|0x0000000081e00000, 0x0000000081f00000, 0x0000000081f00000|100%| O|  |TAMS 0x0000000081f00000, 0x0000000081e00000| Untracked 
|  31|0x0000000081f00000, 0x0000000082000000, 0x0000000082000000|100%| O|  |TAMS 0x0000000082000000, 0x0000000081f00000| Untracked 
|  32|0x0000000082000000, 0x0000000082100000, 0x0000000082100000|100%| O|  |TAMS 0x0000000082100000, 0x0000000082000000| Untracked 
|  33|0x0000000082100000, 0x0000000082200000, 0x0000000082200000|100%| O|  |TAMS 0x0000000082200000, 0x0000000082100000| Untracked 
|  34|0x0000000082200000, 0x0000000082300000, 0x0000000082300000|100%| O|  |TAMS 0x0000000082300000, 0x0000000082200000| Untracked 
|  35|0x0000000082300000, 0x0000000082400000, 0x0000000082400000|100%| O|  |TAMS 0x0000000082400000, 0x0000000082300000| Untracked 
|  36|0x0000000082400000, 0x0000000082500000, 0x0000000082500000|100%| O|  |TAMS 0x0000000082500000, 0x0000000082400000| Untracked 
|  37|0x0000000082500000, 0x0000000082600000, 0x0000000082600000|100%| O|  |TAMS 0x0000000082600000, 0x0000000082500000| Untracked 
|  38|0x0000000082600000, 0x0000000082700000, 0x0000000082700000|100%| O|  |TAMS 0x0000000082700000, 0x0000000082600000| Untracked 
|  39|0x0000000082700000, 0x0000000082800000, 0x0000000082800000|100%| O|  |TAMS 0x0000000082800000, 0x0000000082700000| Untracked 
|  40|0x0000000082800000, 0x0000000082900000, 0x0000000082900000|100%| O|  |TAMS 0x0000000082900000, 0x0000000082800000| Untracked 
|  41|0x0000000082900000, 0x0000000082a00000, 0x0000000082a00000|100%| O|  |TAMS 0x0000000082a00000, 0x0000000082900000| Untracked 
|  42|0x0000000082a00000, 0x0000000082b00000, 0x0000000082b00000|100%| O|  |TAMS 0x0000000082b00000, 0x0000000082a00000| Untracked 
|  43|0x0000000082b00000, 0x0000000082c00000, 0x0000000082c00000|100%| O|  |TAMS 0x0000000082c00000, 0x0000000082b00000| Untracked 
|  44|0x0000000082c00000, 0x0000000082d00000, 0x0000000082d00000|100%| O|  |TAMS 0x0000000082d00000, 0x0000000082c00000| Untracked 
|  45|0x0000000082d00000, 0x0000000082e00000, 0x0000000082e00000|100%| O|  |TAMS 0x0000000082e00000, 0x0000000082d00000| Untracked 
|  46|0x0000000082e00000, 0x0000000082f00000, 0x0000000082f00000|100%| O|  |TAMS 0x0000000082f00000, 0x0000000082e00000| Complete 
|  47|0x0000000082f00000, 0x0000000083000000, 0x0000000083000000|100%| O|  |TAMS 0x0000000083000000, 0x0000000082f00000| Untracked 
|  48|0x0000000083000000, 0x0000000083100000, 0x0000000083100000|100%| O|  |TAMS 0x0000000083100000, 0x0000000083000000| Untracked 
|  49|0x0000000083100000, 0x0000000083200000, 0x0000000083200000|100%| O|  |TAMS 0x0000000083200000, 0x0000000083100000| Untracked 
|  50|0x0000000083200000, 0x0000000083300000, 0x0000000083300000|100%| O|  |TAMS 0x0000000083300000, 0x0000000083200000| Untracked 
|  51|0x0000000083300000, 0x0000000083400000, 0x0000000083400000|100%| O|  |TAMS 0x0000000083400000, 0x0000000083300000| Untracked 
|  52|0x0000000083400000, 0x0000000083500000, 0x0000000083500000|100%| O|  |TAMS 0x0000000083500000, 0x0000000083400000| Untracked 
|  53|0x0000000083500000, 0x0000000083600000, 0x0000000083600000|100%| O|  |TAMS 0x0000000083600000, 0x0000000083500000| Complete 
|  54|0x0000000083600000, 0x0000000083700000, 0x0000000083700000|100%| O|  |TAMS 0x0000000083700000, 0x0000000083600000| Untracked 
|  55|0x0000000083700000, 0x0000000083800000, 0x0000000083800000|100%| O|  |TAMS 0x0000000083800000, 0x0000000083700000| Complete 
|  56|0x0000000083800000, 0x0000000083900000, 0x0000000083900000|100%|HS|  |TAMS 0x0000000083800000, 0x0000000083800000| Complete 
|  57|0x0000000083900000, 0x0000000083a00000, 0x0000000083a00000|100%| O|  |TAMS 0x0000000083a00000, 0x0000000083900000| Untracked 
|  58|0x0000000083a00000, 0x0000000083b00000, 0x0000000083b00000|100%| O|  |TAMS 0x0000000083b00000, 0x0000000083a00000| Untracked 
|  59|0x0000000083b00000, 0x0000000083c00000, 0x0000000083c00000|100%| O|  |TAMS 0x0000000083c00000, 0x0000000083b00000| Untracked 
|  60|0x0000000083c00000, 0x0000000083d00000, 0x0000000083d00000|100%| O|  |TAMS 0x0000000083d00000, 0x0000000083c00000| Untracked 
|  61|0x0000000083d00000, 0x0000000083e00000, 0x0000000083e00000|100%| O|  |TAMS 0x0000000083e00000, 0x0000000083d00000| Untracked 
|  62|0x0000000083e00000, 0x0000000083f00000, 0x0000000083f00000|100%| O|  |TAMS 0x0000000083f00000, 0x0000000083e00000| Untracked 
|  63|0x0000000083f00000, 0x0000000084000000, 0x0000000084000000|100%| O|  |TAMS 0x0000000084000000, 0x0000000083f00000| Untracked 
|  64|0x0000000084000000, 0x0000000084100000, 0x0000000084100000|100%| O|  |TAMS 0x0000000084100000, 0x0000000084000000| Untracked 
|  65|0x0000000084100000, 0x0000000084200000, 0x0000000084200000|100%| O|  |TAMS 0x0000000084200000, 0x0000000084100000| Complete 
|  66|0x0000000084200000, 0x0000000084300000, 0x0000000084300000|100%| O|  |TAMS 0x0000000084300000, 0x0000000084200000| Untracked 
|  67|0x0000000084300000, 0x0000000084400000, 0x0000000084400000|100%| O|  |TAMS 0x0000000084400000, 0x0000000084300000| Untracked 
|  68|0x0000000084400000, 0x0000000084400000, 0x0000000084500000|  0%| F|  |TAMS 0x0000000084400000, 0x0000000084400000| Untracked 
|  69|0x0000000084500000, 0x0000000084600000, 0x0000000084600000|100%| O|  |TAMS 0x0000000084600000, 0x0000000084500000| Complete 
|  70|0x0000000084600000, 0x0000000084700000, 0x0000000084700000|100%|HS|  |TAMS 0x0000000084700000, 0x0000000084600000| Complete 
|  71|0x0000000084700000, 0x0000000084800000, 0x0000000084800000|100%|HC|  |TAMS 0x0000000084800000, 0x0000000084700000| Complete 
|  72|0x0000000084800000, 0x0000000084900000, 0x0000000084900000|100%|HC|  |TAMS 0x0000000084900000, 0x0000000084800000| Complete 
|  73|0x0000000084900000, 0x0000000084a00000, 0x0000000084a00000|100%|HC|  |TAMS 0x0000000084a00000, 0x0000000084900000| Complete 
|  74|0x0000000084a00000, 0x0000000084b00000, 0x0000000084b00000|100%|HC|  |TAMS 0x0000000084b00000, 0x0000000084a00000| Complete 
|  75|0x0000000084b00000, 0x0000000084c00000, 0x0000000084c00000|100%|HC|  |TAMS 0x0000000084c00000, 0x0000000084b00000| Complete 
|  76|0x0000000084c00000, 0x0000000084d00000, 0x0000000084d00000|100%| O|  |TAMS 0x0000000084d00000, 0x0000000084c00000| Complete 
|  77|0x0000000084d00000, 0x0000000084e00000, 0x0000000084e00000|100%|HS|  |TAMS 0x0000000084e00000, 0x0000000084d00000| Complete 
|  78|0x0000000084e00000, 0x0000000084e00000, 0x0000000084f00000|  0%| F|  |TAMS 0x0000000084e00000, 0x0000000084e00000| Untracked 
|  79|0x0000000084f00000, 0x0000000085000000, 0x0000000085000000|100%| O|  |TAMS 0x0000000085000000, 0x0000000084f00000| Untracked 
|  80|0x0000000085000000, 0x0000000085100000, 0x0000000085100000|100%| O|  |TAMS 0x0000000085100000, 0x0000000085000000| Untracked 
|  81|0x0000000085100000, 0x0000000085200000, 0x0000000085200000|100%| O|  |TAMS 0x0000000085200000, 0x0000000085100000| Untracked 
|  82|0x0000000085200000, 0x0000000085300000, 0x0000000085300000|100%| O|  |TAMS 0x0000000085300000, 0x0000000085200000| Untracked 
|  83|0x0000000085300000, 0x0000000085400000, 0x0000000085400000|100%| O|  |TAMS 0x0000000085400000, 0x0000000085300000| Untracked 
|  84|0x0000000085400000, 0x0000000085500000, 0x0000000085500000|100%| O|  |TAMS 0x0000000085500000, 0x0000000085400000| Untracked 
|  85|0x0000000085500000, 0x0000000085600000, 0x0000000085600000|100%| O|  |TAMS 0x0000000085600000, 0x0000000085500000| Untracked 
|  86|0x0000000085600000, 0x0000000085700000, 0x0000000085700000|100%| O|  |TAMS 0x0000000085700000, 0x0000000085600000| Untracked 
|  87|0x0000000085700000, 0x0000000085800000, 0x0000000085800000|100%| O|  |TAMS 0x0000000085800000, 0x0000000085700000| Untracked 
|  88|0x0000000085800000, 0x0000000085900000, 0x0000000085900000|100%| O|  |TAMS 0x0000000085900000, 0x0000000085800000| Untracked 
|  89|0x0000000085900000, 0x0000000085a00000, 0x0000000085a00000|100%| O|  |TAMS 0x0000000085a00000, 0x0000000085900000| Untracked 
|  90|0x0000000085a00000, 0x0000000085b00000, 0x0000000085b00000|100%| O|  |TAMS 0x0000000085b00000, 0x0000000085a00000| Untracked 
|  91|0x0000000085b00000, 0x0000000085c00000, 0x0000000085c00000|100%| O|  |TAMS 0x0000000085c00000, 0x0000000085b00000| Untracked 
|  92|0x0000000085c00000, 0x0000000085d00000, 0x0000000085d00000|100%| O|  |TAMS 0x0000000085d00000, 0x0000000085c00000| Untracked 
|  93|0x0000000085d00000, 0x0000000085e00000, 0x0000000085e00000|100%| O|  |TAMS 0x0000000085e00000, 0x0000000085d00000| Untracked 
|  94|0x0000000085e00000, 0x0000000085f00000, 0x0000000085f00000|100%| O|  |TAMS 0x0000000085f00000, 0x0000000085e00000| Untracked 
|  95|0x0000000085f00000, 0x0000000086000000, 0x0000000086000000|100%| O|  |TAMS 0x0000000086000000, 0x0000000085f00000| Untracked 
|  96|0x0000000086000000, 0x0000000086100000, 0x0000000086100000|100%| O|  |TAMS 0x0000000086100000, 0x0000000086000000| Untracked 
|  97|0x0000000086100000, 0x0000000086200000, 0x0000000086200000|100%| O|  |TAMS 0x0000000086200000, 0x0000000086100000| Untracked 
|  98|0x0000000086200000, 0x0000000086300000, 0x0000000086300000|100%| O|  |TAMS 0x0000000086300000, 0x0000000086200000| Untracked 
|  99|0x0000000086300000, 0x0000000086400000, 0x0000000086400000|100%| O|  |TAMS 0x0000000086400000, 0x0000000086300000| Untracked 
| 100|0x0000000086400000, 0x0000000086500000, 0x0000000086500000|100%| O|  |TAMS 0x0000000086500000, 0x0000000086400000| Untracked 
| 101|0x0000000086500000, 0x0000000086600000, 0x0000000086600000|100%| O|  |TAMS 0x0000000086600000, 0x0000000086500000| Untracked 
| 102|0x0000000086600000, 0x0000000086700000, 0x0000000086700000|100%| O|  |TAMS 0x0000000086700000, 0x0000000086600000| Untracked 
| 103|0x0000000086700000, 0x0000000086800000, 0x0000000086800000|100%| O|  |TAMS 0x0000000086800000, 0x0000000086700000| Untracked 
| 104|0x0000000086800000, 0x0000000086900000, 0x0000000086900000|100%| O|  |TAMS 0x0000000086900000, 0x0000000086800000| Untracked 
| 105|0x0000000086900000, 0x0000000086a00000, 0x0000000086a00000|100%| O|  |TAMS 0x0000000086a00000, 0x0000000086900000| Untracked 
| 106|0x0000000086a00000, 0x0000000086b00000, 0x0000000086b00000|100%| O|  |TAMS 0x0000000086b00000, 0x0000000086a00000| Untracked 
| 107|0x0000000086b00000, 0x0000000086b4a800, 0x0000000086c00000| 29%| O|  |TAMS 0x0000000086b4a800, 0x0000000086b00000| Untracked 
| 108|0x0000000086c00000, 0x0000000086c00000, 0x0000000086d00000|  0%| F|  |TAMS 0x0000000086c00000, 0x0000000086c00000| Untracked 
| 109|0x0000000086d00000, 0x0000000086d00000, 0x0000000086e00000|  0%| F|  |TAMS 0x0000000086d00000, 0x0000000086d00000| Untracked 
| 110|0x0000000086e00000, 0x0000000086f00000, 0x0000000086f00000|100%| O|  |TAMS 0x0000000086f00000, 0x0000000086e00000| Untracked 
| 111|0x0000000086f00000, 0x0000000086f00000, 0x0000000087000000|  0%| F|  |TAMS 0x0000000086f00000, 0x0000000086f00000| Untracked 
| 112|0x0000000087000000, 0x0000000087000000, 0x0000000087100000|  0%| F|  |TAMS 0x0000000087000000, 0x0000000087000000| Untracked 
| 113|0x0000000087100000, 0x0000000087100000, 0x0000000087200000|  0%| F|  |TAMS 0x0000000087100000, 0x0000000087100000| Untracked 
| 114|0x0000000087200000, 0x0000000087200000, 0x0000000087300000|  0%| F|  |TAMS 0x0000000087200000, 0x0000000087200000| Untracked 
| 115|0x0000000087300000, 0x0000000087300000, 0x0000000087400000|  0%| F|  |TAMS 0x0000000087300000, 0x0000000087300000| Untracked 
| 116|0x0000000087400000, 0x0000000087400000, 0x0000000087500000|  0%| F|  |TAMS 0x0000000087400000, 0x0000000087400000| Untracked 
| 117|0x0000000087500000, 0x0000000087500000, 0x0000000087600000|  0%| F|  |TAMS 0x0000000087500000, 0x0000000087500000| Untracked 
| 118|0x0000000087600000, 0x0000000087600000, 0x0000000087700000|  0%| F|  |TAMS 0x0000000087600000, 0x0000000087600000| Untracked 
| 119|0x0000000087700000, 0x0000000087700000, 0x0000000087800000|  0%| F|  |TAMS 0x0000000087700000, 0x0000000087700000| Untracked 
| 120|0x0000000087800000, 0x0000000087800000, 0x0000000087900000|  0%| F|  |TAMS 0x0000000087800000, 0x0000000087800000| Untracked 
| 121|0x0000000087900000, 0x0000000087900000, 0x0000000087a00000|  0%| F|  |TAMS 0x0000000087900000, 0x0000000087900000| Untracked 
| 122|0x0000000087a00000, 0x0000000087a00000, 0x0000000087b00000|  0%| F|  |TAMS 0x0000000087a00000, 0x0000000087a00000| Untracked 
| 123|0x0000000087b00000, 0x0000000087b00000, 0x0000000087c00000|  0%| F|  |TAMS 0x0000000087b00000, 0x0000000087b00000| Untracked 
| 124|0x0000000087c00000, 0x0000000087c00000, 0x0000000087d00000|  0%| F|  |TAMS 0x0000000087c00000, 0x0000000087c00000| Untracked 
| 125|0x0000000087d00000, 0x0000000087d00000, 0x0000000087e00000|  0%| F|  |TAMS 0x0000000087d00000, 0x0000000087d00000| Untracked 
| 126|0x0000000087e00000, 0x0000000087e00000, 0x0000000087f00000|  0%| F|  |TAMS 0x0000000087e00000, 0x0000000087e00000| Untracked 
| 127|0x0000000087f00000, 0x0000000087f00000, 0x0000000088000000|  0%| F|  |TAMS 0x0000000087f00000, 0x0000000087f00000| Untracked 
| 128|0x0000000088000000, 0x0000000088000000, 0x0000000088100000|  0%| F|  |TAMS 0x0000000088000000, 0x0000000088000000| Untracked 
| 129|0x0000000088100000, 0x0000000088100000, 0x0000000088200000|  0%| F|  |TAMS 0x0000000088100000, 0x0000000088100000| Untracked 
| 130|0x0000000088200000, 0x0000000088200000, 0x0000000088300000|  0%| F|  |TAMS 0x0000000088200000, 0x0000000088200000| Untracked 
| 131|0x0000000088300000, 0x0000000088300000, 0x0000000088400000|  0%| F|  |TAMS 0x0000000088300000, 0x0000000088300000| Untracked 
| 132|0x0000000088400000, 0x0000000088400000, 0x0000000088500000|  0%| F|  |TAMS 0x0000000088400000, 0x0000000088400000| Untracked 
| 133|0x0000000088500000, 0x0000000088500000, 0x0000000088600000|  0%| F|  |TAMS 0x0000000088500000, 0x0000000088500000| Untracked 
| 134|0x0000000088600000, 0x0000000088600000, 0x0000000088700000|  0%| F|  |TAMS 0x0000000088600000, 0x0000000088600000| Untracked 
| 135|0x0000000088700000, 0x0000000088700000, 0x0000000088800000|  0%| F|  |TAMS 0x0000000088700000, 0x0000000088700000| Untracked 
| 136|0x0000000088800000, 0x0000000088800000, 0x0000000088900000|  0%| F|  |TAMS 0x0000000088800000, 0x0000000088800000| Untracked 
| 137|0x0000000088900000, 0x0000000088900000, 0x0000000088a00000|  0%| F|  |TAMS 0x0000000088900000, 0x0000000088900000| Untracked 
| 138|0x0000000088a00000, 0x0000000088a00000, 0x0000000088b00000|  0%| F|  |TAMS 0x0000000088a00000, 0x0000000088a00000| Untracked 
| 139|0x0000000088b00000, 0x0000000088b00000, 0x0000000088c00000|  0%| F|  |TAMS 0x0000000088b00000, 0x0000000088b00000| Untracked 
| 140|0x0000000088c00000, 0x0000000088c00000, 0x0000000088d00000|  0%| F|  |TAMS 0x0000000088c00000, 0x0000000088c00000| Untracked 
| 141|0x0000000088d00000, 0x0000000088d00000, 0x0000000088e00000|  0%| F|  |TAMS 0x0000000088d00000, 0x0000000088d00000| Untracked 
| 142|0x0000000088e00000, 0x0000000088e00000, 0x0000000088f00000|  0%| F|  |TAMS 0x0000000088e00000, 0x0000000088e00000| Untracked 
| 143|0x0000000088f00000, 0x0000000088f00000, 0x0000000089000000|  0%| F|  |TAMS 0x0000000088f00000, 0x0000000088f00000| Untracked 
| 144|0x0000000089000000, 0x0000000089000000, 0x0000000089100000|  0%| F|  |TAMS 0x0000000089000000, 0x0000000089000000| Untracked 
| 145|0x0000000089100000, 0x0000000089100000, 0x0000000089200000|  0%| F|  |TAMS 0x0000000089100000, 0x0000000089100000| Untracked 
| 146|0x0000000089200000, 0x0000000089200000, 0x0000000089300000|  0%| F|  |TAMS 0x0000000089200000, 0x0000000089200000| Untracked 
| 147|0x0000000089300000, 0x0000000089300000, 0x0000000089400000|  0%| F|  |TAMS 0x0000000089300000, 0x0000000089300000| Untracked 
| 148|0x0000000089400000, 0x0000000089400000, 0x0000000089500000|  0%| F|  |TAMS 0x0000000089400000, 0x0000000089400000| Untracked 
| 149|0x0000000089500000, 0x0000000089500000, 0x0000000089600000|  0%| F|  |TAMS 0x0000000089500000, 0x0000000089500000| Untracked 
| 150|0x0000000089600000, 0x0000000089600000, 0x0000000089700000|  0%| F|  |TAMS 0x0000000089600000, 0x0000000089600000| Untracked 
| 151|0x0000000089700000, 0x0000000089700000, 0x0000000089800000|  0%| F|  |TAMS 0x0000000089700000, 0x0000000089700000| Untracked 
| 152|0x0000000089800000, 0x0000000089800000, 0x0000000089900000|  0%| F|  |TAMS 0x0000000089800000, 0x0000000089800000| Untracked 
| 153|0x0000000089900000, 0x0000000089900000, 0x0000000089a00000|  0%| F|  |TAMS 0x0000000089900000, 0x0000000089900000| Untracked 
| 154|0x0000000089a00000, 0x0000000089a00000, 0x0000000089b00000|  0%| F|  |TAMS 0x0000000089a00000, 0x0000000089a00000| Untracked 
| 155|0x0000000089b00000, 0x0000000089b00000, 0x0000000089c00000|  0%| F|  |TAMS 0x0000000089b00000, 0x0000000089b00000| Untracked 
| 156|0x0000000089c00000, 0x0000000089c00000, 0x0000000089d00000|  0%| F|  |TAMS 0x0000000089c00000, 0x0000000089c00000| Untracked 
| 157|0x0000000089d00000, 0x0000000089d00000, 0x0000000089e00000|  0%| F|  |TAMS 0x0000000089d00000, 0x0000000089d00000| Untracked 
| 158|0x0000000089e00000, 0x0000000089e00000, 0x0000000089f00000|  0%| F|  |TAMS 0x0000000089e00000, 0x0000000089e00000| Untracked 
| 159|0x0000000089f00000, 0x0000000089f00000, 0x000000008a000000|  0%| F|  |TAMS 0x0000000089f00000, 0x0000000089f00000| Untracked 
| 160|0x000000008a000000, 0x000000008a000000, 0x000000008a100000|  0%| F|  |TAMS 0x000000008a000000, 0x000000008a000000| Untracked 
| 161|0x000000008a100000, 0x000000008a100000, 0x000000008a200000|  0%| F|  |TAMS 0x000000008a100000, 0x000000008a100000| Untracked 
| 162|0x000000008a200000, 0x000000008a200000, 0x000000008a300000|  0%| F|  |TAMS 0x000000008a200000, 0x000000008a200000| Untracked 
| 163|0x000000008a300000, 0x000000008a300000, 0x000000008a400000|  0%| F|  |TAMS 0x000000008a300000, 0x000000008a300000| Untracked 
| 164|0x000000008a400000, 0x000000008a400000, 0x000000008a500000|  0%| F|  |TAMS 0x000000008a400000, 0x000000008a400000| Untracked 
| 165|0x000000008a500000, 0x000000008a500000, 0x000000008a600000|  0%| F|  |TAMS 0x000000008a500000, 0x000000008a500000| Untracked 
| 166|0x000000008a600000, 0x000000008a600000, 0x000000008a700000|  0%| F|  |TAMS 0x000000008a600000, 0x000000008a600000| Untracked 
| 167|0x000000008a700000, 0x000000008a700000, 0x000000008a800000|  0%| F|  |TAMS 0x000000008a700000, 0x000000008a700000| Untracked 
| 168|0x000000008a800000, 0x000000008a800000, 0x000000008a900000|  0%| F|  |TAMS 0x000000008a800000, 0x000000008a800000| Untracked 
| 169|0x000000008a900000, 0x000000008a900000, 0x000000008aa00000|  0%| F|  |TAMS 0x000000008a900000, 0x000000008a900000| Untracked 
| 170|0x000000008aa00000, 0x000000008aa00000, 0x000000008ab00000|  0%| F|  |TAMS 0x000000008aa00000, 0x000000008aa00000| Untracked 
| 171|0x000000008ab00000, 0x000000008ab00000, 0x000000008ac00000|  0%| F|  |TAMS 0x000000008ab00000, 0x000000008ab00000| Untracked 
| 172|0x000000008ac00000, 0x000000008ac00e68, 0x000000008ad00000|  0%| E|  |TAMS 0x000000008ac00000, 0x000000008ac00000| Complete 
| 173|0x000000008ad00000, 0x000000008ae00000, 0x000000008ae00000|100%| E|CS|TAMS 0x000000008ad00000, 0x000000008ad00000| Complete 
| 174|0x000000008ae00000, 0x000000008af00000, 0x000000008af00000|100%| E|CS|TAMS 0x000000008ae00000, 0x000000008ae00000| Complete 
| 175|0x000000008af00000, 0x000000008b000000, 0x000000008b000000|100%| E|CS|TAMS 0x000000008af00000, 0x000000008af00000| Complete 
| 176|0x000000008b000000, 0x000000008b100000, 0x000000008b100000|100%| E|CS|TAMS 0x000000008b000000, 0x000000008b000000| Complete 
| 177|0x000000008b100000, 0x000000008b200000, 0x000000008b200000|100%| E|CS|TAMS 0x000000008b100000, 0x000000008b100000| Complete 
| 178|0x000000008b200000, 0x000000008b300000, 0x000000008b300000|100%| E|CS|TAMS 0x000000008b200000, 0x000000008b200000| Complete 
| 179|0x000000008b300000, 0x000000008b400000, 0x000000008b400000|100%| E|CS|TAMS 0x000000008b300000, 0x000000008b300000| Complete 
| 180|0x000000008b400000, 0x000000008b500000, 0x000000008b500000|100%| E|CS|TAMS 0x000000008b400000, 0x000000008b400000| Complete 
| 181|0x000000008b500000, 0x000000008b600000, 0x000000008b600000|100%| E|CS|TAMS 0x000000008b500000, 0x000000008b500000| Complete 
| 182|0x000000008b600000, 0x000000008b700000, 0x000000008b700000|100%| E|CS|TAMS 0x000000008b600000, 0x000000008b600000| Complete 
| 183|0x000000008b700000, 0x000000008b800000, 0x000000008b800000|100%| E|CS|TAMS 0x000000008b700000, 0x000000008b700000| Complete 
| 184|0x000000008b800000, 0x000000008b900000, 0x000000008b900000|100%| E|CS|TAMS 0x000000008b800000, 0x000000008b800000| Complete 
| 185|0x000000008b900000, 0x000000008ba00000, 0x000000008ba00000|100%| E|CS|TAMS 0x000000008b900000, 0x000000008b900000| Complete 
| 186|0x000000008ba00000, 0x000000008bb00000, 0x000000008bb00000|100%| E|CS|TAMS 0x000000008ba00000, 0x000000008ba00000| Complete 
| 187|0x000000008bb00000, 0x000000008bc00000, 0x000000008bc00000|100%| E|CS|TAMS 0x000000008bb00000, 0x000000008bb00000| Complete 
| 188|0x000000008bc00000, 0x000000008bd00000, 0x000000008bd00000|100%| E|CS|TAMS 0x000000008bc00000, 0x000000008bc00000| Complete 
| 189|0x000000008bd00000, 0x000000008be00000, 0x000000008be00000|100%| E|CS|TAMS 0x000000008bd00000, 0x000000008bd00000| Complete 
| 190|0x000000008be00000, 0x000000008bf00000, 0x000000008bf00000|100%| E|CS|TAMS 0x000000008be00000, 0x000000008be00000| Complete 
| 191|0x000000008bf00000, 0x000000008c000000, 0x000000008c000000|100%| E|CS|TAMS 0x000000008bf00000, 0x000000008bf00000| Complete 
| 192|0x000000008c000000, 0x000000008c100000, 0x000000008c100000|100%| E|CS|TAMS 0x000000008c000000, 0x000000008c000000| Complete 
| 193|0x000000008c100000, 0x000000008c200000, 0x000000008c200000|100%| E|CS|TAMS 0x000000008c100000, 0x000000008c100000| Complete 
| 194|0x000000008c200000, 0x000000008c300000, 0x000000008c300000|100%| E|CS|TAMS 0x000000008c200000, 0x000000008c200000| Complete 
| 195|0x000000008c300000, 0x000000008c400000, 0x000000008c400000|100%| E|CS|TAMS 0x000000008c300000, 0x000000008c300000| Complete 
| 196|0x000000008c400000, 0x000000008c500000, 0x000000008c500000|100%| E|CS|TAMS 0x000000008c400000, 0x000000008c400000| Complete 
| 197|0x000000008c500000, 0x000000008c600000, 0x000000008c600000|100%| E|CS|TAMS 0x000000008c500000, 0x000000008c500000| Complete 
| 198|0x000000008c600000, 0x000000008c700000, 0x000000008c700000|100%| E|CS|TAMS 0x000000008c600000, 0x000000008c600000| Complete 
| 199|0x000000008c700000, 0x000000008c800000, 0x000000008c800000|100%| E|CS|TAMS 0x000000008c700000, 0x000000008c700000| Complete 
| 200|0x000000008c800000, 0x000000008c900000, 0x000000008c900000|100%| E|CS|TAMS 0x000000008c800000, 0x000000008c800000| Complete 
| 201|0x000000008c900000, 0x000000008ca00000, 0x000000008ca00000|100%| E|CS|TAMS 0x000000008c900000, 0x000000008c900000| Complete 
| 202|0x000000008ca00000, 0x000000008cb00000, 0x000000008cb00000|100%| E|CS|TAMS 0x000000008ca00000, 0x000000008ca00000| Complete 
| 203|0x000000008cb00000, 0x000000008cc00000, 0x000000008cc00000|100%| E|CS|TAMS 0x000000008cb00000, 0x000000008cb00000| Complete 
| 204|0x000000008cc00000, 0x000000008cd00000, 0x000000008cd00000|100%| E|CS|TAMS 0x000000008cc00000, 0x000000008cc00000| Complete 
| 205|0x000000008cd00000, 0x000000008ce00000, 0x000000008ce00000|100%| E|CS|TAMS 0x000000008cd00000, 0x000000008cd00000| Complete 
| 206|0x000000008ce00000, 0x000000008cf00000, 0x000000008cf00000|100%| E|CS|TAMS 0x000000008ce00000, 0x000000008ce00000| Complete 
| 207|0x000000008cf00000, 0x000000008d000000, 0x000000008d000000|100%| E|CS|TAMS 0x000000008cf00000, 0x000000008cf00000| Complete 
| 208|0x000000008d000000, 0x000000008d100000, 0x000000008d100000|100%| E|CS|TAMS 0x000000008d000000, 0x000000008d000000| Complete 
| 209|0x000000008d100000, 0x000000008d200000, 0x000000008d200000|100%| E|CS|TAMS 0x000000008d100000, 0x000000008d100000| Complete 
| 210|0x000000008d200000, 0x000000008d300000, 0x000000008d300000|100%| E|CS|TAMS 0x000000008d200000, 0x000000008d200000| Complete 
| 211|0x000000008d300000, 0x000000008d400000, 0x000000008d400000|100%| E|CS|TAMS 0x000000008d300000, 0x000000008d300000| Complete 
| 212|0x000000008d400000, 0x000000008d500000, 0x000000008d500000|100%| E|CS|TAMS 0x000000008d400000, 0x000000008d400000| Complete 
| 213|0x000000008d500000, 0x000000008d600000, 0x000000008d600000|100%| E|CS|TAMS 0x000000008d500000, 0x000000008d500000| Complete 
| 214|0x000000008d600000, 0x000000008d700000, 0x000000008d700000|100%| E|CS|TAMS 0x000000008d600000, 0x000000008d600000| Complete 
| 215|0x000000008d700000, 0x000000008d800000, 0x000000008d800000|100%| E|CS|TAMS 0x000000008d700000, 0x000000008d700000| Complete 
| 216|0x000000008d800000, 0x000000008d900000, 0x000000008d900000|100%| E|CS|TAMS 0x000000008d800000, 0x000000008d800000| Complete 
| 217|0x000000008d900000, 0x000000008da00000, 0x000000008da00000|100%| E|CS|TAMS 0x000000008d900000, 0x000000008d900000| Complete 
| 218|0x000000008da00000, 0x000000008db00000, 0x000000008db00000|100%| E|CS|TAMS 0x000000008da00000, 0x000000008da00000| Complete 
| 219|0x000000008db00000, 0x000000008dc00000, 0x000000008dc00000|100%| E|CS|TAMS 0x000000008db00000, 0x000000008db00000| Complete 
| 220|0x000000008dc00000, 0x000000008dd00000, 0x000000008dd00000|100%| E|CS|TAMS 0x000000008dc00000, 0x000000008dc00000| Complete 
| 221|0x000000008dd00000, 0x000000008de00000, 0x000000008de00000|100%| E|CS|TAMS 0x000000008dd00000, 0x000000008dd00000| Complete 
| 222|0x000000008de00000, 0x000000008df00000, 0x000000008df00000|100%| E|CS|TAMS 0x000000008de00000, 0x000000008de00000| Complete 
| 223|0x000000008df00000, 0x000000008e000000, 0x000000008e000000|100%| E|CS|TAMS 0x000000008df00000, 0x000000008df00000| Complete 
| 224|0x000000008e000000, 0x000000008e100000, 0x000000008e100000|100%| E|CS|TAMS 0x000000008e000000, 0x000000008e000000| Complete 
| 225|0x000000008e100000, 0x000000008e200000, 0x000000008e200000|100%| E|CS|TAMS 0x000000008e100000, 0x000000008e100000| Complete 
| 226|0x000000008e200000, 0x000000008e300000, 0x000000008e300000|100%| E|CS|TAMS 0x000000008e200000, 0x000000008e200000| Complete 
| 227|0x000000008e300000, 0x000000008e400000, 0x000000008e400000|100%| E|CS|TAMS 0x000000008e300000, 0x000000008e300000| Complete 
| 228|0x000000008e400000, 0x000000008e500000, 0x000000008e500000|100%| E|CS|TAMS 0x000000008e400000, 0x000000008e400000| Complete 
| 229|0x000000008e500000, 0x000000008e600000, 0x000000008e600000|100%| E|CS|TAMS 0x000000008e500000, 0x000000008e500000| Complete 
| 230|0x000000008e600000, 0x000000008e66b630, 0x000000008e700000| 41%| S|CS|TAMS 0x000000008e600000, 0x000000008e600000| Complete 
| 231|0x000000008e700000, 0x000000008e800000, 0x000000008e800000|100%| S|CS|TAMS 0x000000008e700000, 0x000000008e700000| Complete 
| 232|0x000000008e800000, 0x000000008e900000, 0x000000008e900000|100%| S|CS|TAMS 0x000000008e800000, 0x000000008e800000| Complete 
| 233|0x000000008e900000, 0x000000008ea00000, 0x000000008ea00000|100%| E|CS|TAMS 0x000000008e900000, 0x000000008e900000| Complete 
| 234|0x000000008ea00000, 0x000000008eb00000, 0x000000008eb00000|100%| E|CS|TAMS 0x000000008ea00000, 0x000000008ea00000| Complete 
| 235|0x000000008eb00000, 0x000000008ec00000, 0x000000008ec00000|100%| E|CS|TAMS 0x000000008eb00000, 0x000000008eb00000| Complete 
| 236|0x000000008ec00000, 0x000000008ed00000, 0x000000008ed00000|100%| E|CS|TAMS 0x000000008ec00000, 0x000000008ec00000| Complete 
| 237|0x000000008ed00000, 0x000000008ee00000, 0x000000008ee00000|100%| E|CS|TAMS 0x000000008ed00000, 0x000000008ed00000| Complete 
| 238|0x000000008ee00000, 0x000000008ef00000, 0x000000008ef00000|100%| E|CS|TAMS 0x000000008ee00000, 0x000000008ee00000| Complete 
| 239|0x000000008ef00000, 0x000000008f000000, 0x000000008f000000|100%| E|CS|TAMS 0x000000008ef00000, 0x000000008ef00000| Complete 
| 240|0x000000008f000000, 0x000000008f100000, 0x000000008f100000|100%| E|CS|TAMS 0x000000008f000000, 0x000000008f000000| Complete 
| 241|0x000000008f100000, 0x000000008f200000, 0x000000008f200000|100%| E|CS|TAMS 0x000000008f100000, 0x000000008f100000| Complete 
| 242|0x000000008f200000, 0x000000008f300000, 0x000000008f300000|100%| E|CS|TAMS 0x000000008f200000, 0x000000008f200000| Complete 
| 243|0x000000008f300000, 0x000000008f400000, 0x000000008f400000|100%| E|CS|TAMS 0x000000008f300000, 0x000000008f300000| Complete 
| 244|0x000000008f400000, 0x000000008f500000, 0x000000008f500000|100%| E|CS|TAMS 0x000000008f400000, 0x000000008f400000| Complete 
| 245|0x000000008f500000, 0x000000008f600000, 0x000000008f600000|100%| E|CS|TAMS 0x000000008f500000, 0x000000008f500000| Complete 
| 246|0x000000008f600000, 0x000000008f700000, 0x000000008f700000|100%| E|CS|TAMS 0x000000008f600000, 0x000000008f600000| Complete 
| 247|0x000000008f700000, 0x000000008f800000, 0x000000008f800000|100%| E|CS|TAMS 0x000000008f700000, 0x000000008f700000| Complete 
| 248|0x000000008f800000, 0x000000008f900000, 0x000000008f900000|100%| E|CS|TAMS 0x000000008f800000, 0x000000008f800000| Complete 
| 249|0x000000008f900000, 0x000000008fa00000, 0x000000008fa00000|100%| E|CS|TAMS 0x000000008f900000, 0x000000008f900000| Complete 
| 250|0x000000008fa00000, 0x000000008fb00000, 0x000000008fb00000|100%| E|CS|TAMS 0x000000008fa00000, 0x000000008fa00000| Complete 
| 251|0x000000008fb00000, 0x000000008fc00000, 0x000000008fc00000|100%| E|CS|TAMS 0x000000008fb00000, 0x000000008fb00000| Complete 
| 252|0x000000008fc00000, 0x000000008fd00000, 0x000000008fd00000|100%| E|CS|TAMS 0x000000008fc00000, 0x000000008fc00000| Complete 
| 253|0x000000008fd00000, 0x000000008fe00000, 0x000000008fe00000|100%| E|CS|TAMS 0x000000008fd00000, 0x000000008fd00000| Complete 
| 254|0x000000008fe00000, 0x000000008ff00000, 0x000000008ff00000|100%| E|CS|TAMS 0x000000008fe00000, 0x000000008fe00000| Complete 
| 255|0x000000008ff00000, 0x0000000090000000, 0x0000000090000000|100%| E|CS|TAMS 0x000000008ff00000, 0x000000008ff00000| Complete 
| 256|0x0000000090000000, 0x0000000090100000, 0x0000000090100000|100%| E|CS|TAMS 0x0000000090000000, 0x0000000090000000| Complete 
| 257|0x0000000090100000, 0x0000000090200000, 0x0000000090200000|100%| E|CS|TAMS 0x0000000090100000, 0x0000000090100000| Complete 
| 258|0x0000000090200000, 0x0000000090300000, 0x0000000090300000|100%| E|CS|TAMS 0x0000000090200000, 0x0000000090200000| Complete 
| 259|0x0000000090300000, 0x0000000090400000, 0x0000000090400000|100%| E|CS|TAMS 0x0000000090300000, 0x0000000090300000| Complete 
| 260|0x0000000090400000, 0x0000000090500000, 0x0000000090500000|100%| E|CS|TAMS 0x0000000090400000, 0x0000000090400000| Complete 
| 261|0x0000000090500000, 0x0000000090600000, 0x0000000090600000|100%| E|CS|TAMS 0x0000000090500000, 0x0000000090500000| Complete 
| 262|0x0000000090600000, 0x0000000090700000, 0x0000000090700000|100%| E|CS|TAMS 0x0000000090600000, 0x0000000090600000| Complete 
| 263|0x0000000090700000, 0x0000000090800000, 0x0000000090800000|100%| E|CS|TAMS 0x0000000090700000, 0x0000000090700000| Complete 
| 264|0x0000000090800000, 0x0000000090900000, 0x0000000090900000|100%| E|CS|TAMS 0x0000000090800000, 0x0000000090800000| Complete 
| 265|0x0000000090900000, 0x0000000090a00000, 0x0000000090a00000|100%| E|CS|TAMS 0x0000000090900000, 0x0000000090900000| Complete 
| 266|0x0000000090a00000, 0x0000000090b00000, 0x0000000090b00000|100%| E|CS|TAMS 0x0000000090a00000, 0x0000000090a00000| Complete 
| 267|0x0000000090b00000, 0x0000000090c00000, 0x0000000090c00000|100%| E|CS|TAMS 0x0000000090b00000, 0x0000000090b00000| Complete 
| 268|0x0000000090c00000, 0x0000000090d00000, 0x0000000090d00000|100%| E|CS|TAMS 0x0000000090c00000, 0x0000000090c00000| Complete 
| 269|0x0000000090d00000, 0x0000000090e00000, 0x0000000090e00000|100%| E|CS|TAMS 0x0000000090d00000, 0x0000000090d00000| Complete 
| 270|0x0000000090e00000, 0x0000000090f00000, 0x0000000090f00000|100%| E|CS|TAMS 0x0000000090e00000, 0x0000000090e00000| Complete 
| 271|0x0000000090f00000, 0x0000000091000000, 0x0000000091000000|100%| E|CS|TAMS 0x0000000090f00000, 0x0000000090f00000| Complete 
| 272|0x0000000091000000, 0x0000000091100000, 0x0000000091100000|100%| E|CS|TAMS 0x0000000091000000, 0x0000000091000000| Complete 
| 273|0x0000000091100000, 0x0000000091200000, 0x0000000091200000|100%| E|CS|TAMS 0x0000000091100000, 0x0000000091100000| Complete 
| 274|0x0000000091200000, 0x0000000091300000, 0x0000000091300000|100%| E|CS|TAMS 0x0000000091200000, 0x0000000091200000| Complete 
| 275|0x0000000091300000, 0x0000000091400000, 0x0000000091400000|100%| E|CS|TAMS 0x0000000091300000, 0x0000000091300000| Complete 
| 276|0x0000000091400000, 0x0000000091500000, 0x0000000091500000|100%| E|CS|TAMS 0x0000000091400000, 0x0000000091400000| Complete 
| 277|0x0000000091500000, 0x0000000091600000, 0x0000000091600000|100%| E|CS|TAMS 0x0000000091500000, 0x0000000091500000| Complete 
| 278|0x0000000091600000, 0x0000000091700000, 0x0000000091700000|100%| E|CS|TAMS 0x0000000091600000, 0x0000000091600000| Complete 
| 279|0x0000000091700000, 0x0000000091800000, 0x0000000091800000|100%| E|CS|TAMS 0x0000000091700000, 0x0000000091700000| Complete 
| 280|0x0000000091800000, 0x0000000091900000, 0x0000000091900000|100%| E|CS|TAMS 0x0000000091800000, 0x0000000091800000| Complete 
| 281|0x0000000091900000, 0x0000000091a00000, 0x0000000091a00000|100%| E|CS|TAMS 0x0000000091900000, 0x0000000091900000| Complete 
| 282|0x0000000091a00000, 0x0000000091b00000, 0x0000000091b00000|100%| E|CS|TAMS 0x0000000091a00000, 0x0000000091a00000| Complete 
| 283|0x0000000091b00000, 0x0000000091c00000, 0x0000000091c00000|100%| E|CS|TAMS 0x0000000091b00000, 0x0000000091b00000| Complete 
| 284|0x0000000091c00000, 0x0000000091d00000, 0x0000000091d00000|100%| E|CS|TAMS 0x0000000091c00000, 0x0000000091c00000| Complete 
| 285|0x0000000091d00000, 0x0000000091e00000, 0x0000000091e00000|100%| E|CS|TAMS 0x0000000091d00000, 0x0000000091d00000| Complete 
| 286|0x0000000091e00000, 0x0000000091f00000, 0x0000000091f00000|100%| E|CS|TAMS 0x0000000091e00000, 0x0000000091e00000| Complete 
| 287|0x0000000091f00000, 0x0000000092000000, 0x0000000092000000|100%| E|CS|TAMS 0x0000000091f00000, 0x0000000091f00000| Complete 
| 288|0x0000000092000000, 0x0000000092100000, 0x0000000092100000|100%| E|CS|TAMS 0x0000000092000000, 0x0000000092000000| Complete 
| 289|0x0000000092100000, 0x0000000092200000, 0x0000000092200000|100%| E|CS|TAMS 0x0000000092100000, 0x0000000092100000| Complete 
| 290|0x0000000092200000, 0x0000000092300000, 0x0000000092300000|100%| E|CS|TAMS 0x0000000092200000, 0x0000000092200000| Complete 
| 291|0x0000000092300000, 0x0000000092400000, 0x0000000092400000|100%| E|CS|TAMS 0x0000000092300000, 0x0000000092300000| Complete 
| 292|0x0000000092400000, 0x0000000092500000, 0x0000000092500000|100%| E|CS|TAMS 0x0000000092400000, 0x0000000092400000| Complete 
| 293|0x0000000092500000, 0x0000000092600000, 0x0000000092600000|100%| E|CS|TAMS 0x0000000092500000, 0x0000000092500000| Complete 
| 294|0x0000000092600000, 0x0000000092700000, 0x0000000092700000|100%| E|CS|TAMS 0x0000000092600000, 0x0000000092600000| Complete 
| 295|0x0000000092700000, 0x0000000092800000, 0x0000000092800000|100%| E|CS|TAMS 0x0000000092700000, 0x0000000092700000| Complete 
| 296|0x0000000092800000, 0x0000000092900000, 0x0000000092900000|100%| E|CS|TAMS 0x0000000092800000, 0x0000000092800000| Complete 
| 297|0x0000000092900000, 0x0000000092a00000, 0x0000000092a00000|100%| E|CS|TAMS 0x0000000092900000, 0x0000000092900000| Complete 
| 298|0x0000000092a00000, 0x0000000092b00000, 0x0000000092b00000|100%| E|CS|TAMS 0x0000000092a00000, 0x0000000092a00000| Complete 
| 299|0x0000000092b00000, 0x0000000092c00000, 0x0000000092c00000|100%| E|CS|TAMS 0x0000000092b00000, 0x0000000092b00000| Complete 
| 300|0x0000000092c00000, 0x0000000092d00000, 0x0000000092d00000|100%| E|CS|TAMS 0x0000000092c00000, 0x0000000092c00000| Complete 
| 301|0x0000000092d00000, 0x0000000092e00000, 0x0000000092e00000|100%| E|CS|TAMS 0x0000000092d00000, 0x0000000092d00000| Complete 
| 302|0x0000000092e00000, 0x0000000092f00000, 0x0000000092f00000|100%| E|CS|TAMS 0x0000000092e00000, 0x0000000092e00000| Complete 
| 303|0x0000000092f00000, 0x0000000093000000, 0x0000000093000000|100%| E|CS|TAMS 0x0000000092f00000, 0x0000000092f00000| Complete 
| 304|0x0000000093000000, 0x0000000093100000, 0x0000000093100000|100%| E|CS|TAMS 0x0000000093000000, 0x0000000093000000| Complete 
| 305|0x0000000093100000, 0x0000000093200000, 0x0000000093200000|100%| E|CS|TAMS 0x0000000093100000, 0x0000000093100000| Complete 
| 306|0x0000000093200000, 0x0000000093300000, 0x0000000093300000|100%| E|CS|TAMS 0x0000000093200000, 0x0000000093200000| Complete 
| 307|0x0000000093300000, 0x0000000093400000, 0x0000000093400000|100%| E|CS|TAMS 0x0000000093300000, 0x0000000093300000| Complete 
| 308|0x0000000093400000, 0x0000000093500000, 0x0000000093500000|100%| E|CS|TAMS 0x0000000093400000, 0x0000000093400000| Complete 
| 309|0x0000000093500000, 0x0000000093600000, 0x0000000093600000|100%| E|CS|TAMS 0x0000000093500000, 0x0000000093500000| Complete 
| 310|0x0000000093600000, 0x0000000093700000, 0x0000000093700000|100%| E|CS|TAMS 0x0000000093600000, 0x0000000093600000| Complete 
| 311|0x0000000093700000, 0x0000000093800000, 0x0000000093800000|100%| E|CS|TAMS 0x0000000093700000, 0x0000000093700000| Complete 
| 312|0x0000000093800000, 0x0000000093900000, 0x0000000093900000|100%| E|CS|TAMS 0x0000000093800000, 0x0000000093800000| Complete 
| 313|0x0000000093900000, 0x0000000093a00000, 0x0000000093a00000|100%| E|CS|TAMS 0x0000000093900000, 0x0000000093900000| Complete 
| 314|0x0000000093a00000, 0x0000000093b00000, 0x0000000093b00000|100%| E|CS|TAMS 0x0000000093a00000, 0x0000000093a00000| Complete 
| 315|0x0000000093b00000, 0x0000000093c00000, 0x0000000093c00000|100%| E|CS|TAMS 0x0000000093b00000, 0x0000000093b00000| Complete 
| 316|0x0000000093c00000, 0x0000000093d00000, 0x0000000093d00000|100%| E|CS|TAMS 0x0000000093c00000, 0x0000000093c00000| Complete 
| 317|0x0000000093d00000, 0x0000000093e00000, 0x0000000093e00000|100%| E|CS|TAMS 0x0000000093d00000, 0x0000000093d00000| Complete 
| 318|0x0000000093e00000, 0x0000000093f00000, 0x0000000093f00000|100%| E|CS|TAMS 0x0000000093e00000, 0x0000000093e00000| Complete 
| 319|0x0000000093f00000, 0x0000000094000000, 0x0000000094000000|100%| E|CS|TAMS 0x0000000093f00000, 0x0000000093f00000| Complete 
| 320|0x0000000094000000, 0x0000000094100000, 0x0000000094100000|100%| E|CS|TAMS 0x0000000094000000, 0x0000000094000000| Complete 
| 321|0x0000000094100000, 0x0000000094200000, 0x0000000094200000|100%| E|CS|TAMS 0x0000000094100000, 0x0000000094100000| Complete 
| 322|0x0000000094200000, 0x0000000094300000, 0x0000000094300000|100%| E|CS|TAMS 0x0000000094200000, 0x0000000094200000| Complete 
| 323|0x0000000094300000, 0x0000000094400000, 0x0000000094400000|100%| E|CS|TAMS 0x0000000094300000, 0x0000000094300000| Complete 
| 324|0x0000000094400000, 0x0000000094500000, 0x0000000094500000|100%| E|CS|TAMS 0x0000000094400000, 0x0000000094400000| Complete 
| 325|0x0000000094500000, 0x0000000094600000, 0x0000000094600000|100%| E|CS|TAMS 0x0000000094500000, 0x0000000094500000| Complete 
| 326|0x0000000094600000, 0x0000000094700000, 0x0000000094700000|100%| E|CS|TAMS 0x0000000094600000, 0x0000000094600000| Complete 
| 327|0x0000000094700000, 0x0000000094800000, 0x0000000094800000|100%| E|CS|TAMS 0x0000000094700000, 0x0000000094700000| Complete 
| 328|0x0000000094800000, 0x0000000094900000, 0x0000000094900000|100%| E|CS|TAMS 0x0000000094800000, 0x0000000094800000| Complete 

Card table byte_map: [0x0000023563180000,0x0000023563580000] _byte_map_base: 0x0000023562d80000

Marking Bits (Prev, Next): (CMBitMap*) 0x000002354bb82b60, (CMBitMap*) 0x000002354bb82ba0
 Prev Bits: [0x0000023563980000, 0x0000023565980000)
 Next Bits: [0x0000023565980000, 0x0000023567980000)

Polling page: 0x0000023549a30000

Metaspace:

Usage:
  Non-class:    123.02 MB used.
      Class:     17.58 MB used.
       Both:    140.59 MB used.

Virtual space:
  Non-class space:      128.00 MB reserved,     124.06 MB ( 97%) committed,  2 nodes.
      Class space:      412.00 MB reserved,      18.75 MB (  5%) committed,  1 nodes.
             Both:      540.00 MB reserved,     142.81 MB ( 26%) committed. 

Chunk freelists:
   Non-Class:  3.44 MB
       Class:  1.22 MB
        Both:  4.66 MB

MaxMetaspaceSize: 512.00 MB
CompressedClassSpaceSize: 412.00 MB
Initial GC threshold: 21.00 MB
Current GC threshold: 227.50 MB
CDS: on
MetaspaceReclaimPolicy: balanced
 - commit_granule_bytes: 65536.
 - commit_granule_words: 8192.
 - virtual_space_node_default_size: 8388608.
 - enlarge_chunks_in_place: 1.
 - new_chunks_are_fully_committed: 0.
 - uncommit_free_chunks: 1.
 - use_allocation_guard: 0.


Internal statistics:

num_allocs_failed_limit: 57.
num_arena_births: 4254.
num_arena_deaths: 10.
num_vsnodes_births: 3.
num_vsnodes_deaths: 0.
num_space_committed: 2283.
num_space_uncommitted: 0.
num_chunks_returned_to_freelist: 73.
num_chunks_taken_from_freelist: 10137.
num_chunk_merges: 59.
num_chunk_splits: 7153.
num_chunks_enlarged: 4910.
num_inconsistent_stats: 0.

CodeHeap 'non-profiled nmethods': size=120000Kb used=9375Kb max_used=9375Kb free=110624Kb
 bounds [0x000002355b520000, 0x000002355be50000, 0x0000023562a50000]
CodeHeap 'profiled nmethods': size=120000Kb used=29329Kb max_used=29329Kb free=90670Kb
 bounds [0x0000023553a50000, 0x0000023555700000, 0x000002355af80000]
CodeHeap 'non-nmethods': size=5760Kb used=2703Kb max_used=2762Kb free=3057Kb
 bounds [0x000002355af80000, 0x000002355b240000, 0x000002355b520000]
 total_blobs=15144 nmethods=13972 adapters=1080
 compilation: enabled
              stopped_count=0, restarted_count=0
 full_count=0

Compilation events (20 events):
Event: 155.609 Thread 0x000002356a1d95c0 nmethod 17366 0x000002355be47690 code [0x000002355be47820, 0x000002355be478d8]
Event: 155.609 Thread 0x000002356a1d95c0 17367       1       java.text.DecimalFormatSymbols::getInfinity (5 bytes)
Event: 155.609 Thread 0x000002356a1d95c0 nmethod 17367 0x000002355be47990 code [0x000002355be47b20, 0x000002355be47bd8]
Event: 155.625 Thread 0x000002356a1d95c0 17368       3       sun.security.util.math.intpoly.IntegerPolynomial::decode (148 bytes)
Event: 155.626 Thread 0x000002356a1d95c0 nmethod 17368 0x00000235556eac90 code [0x00000235556eae40, 0x00000235556eb1d8]
Event: 155.636 Thread 0x000002356a1d95c0 17369       1       org.gradle.internal.logging.events.ProgressStartEvent::getBuildOperationId (5 bytes)
Event: 155.636 Thread 0x000002356a1d95c0 nmethod 17369 0x000002355be47c90 code [0x000002355be47e20, 0x000002355be47ed8]
Event: 155.646 Thread 0x000002356a1d95c0 17370       3       org.gradle.cache.internal.cacheops.CacheAccessOperationsStack::getOrCreateStack (33 bytes)
Event: 155.646 Thread 0x000002356a1d95c0 nmethod 17370 0x00000235556eb410 code [0x00000235556eb5e0, 0x00000235556ebad8]
Event: 155.646 Thread 0x000002356a1d95c0 17371       3       org.gradle.cache.internal.cacheops.CacheOperationStack::pushCacheAction (12 bytes)
Event: 155.646 Thread 0x000002356a1d95c0 nmethod 17371 0x00000235556ebc90 code [0x00000235556ebe20, 0x00000235556ebf38]
Event: 155.648 Thread 0x000002356a1d95c0 17372       3       java.util.Vector::<init> (7 bytes)
Event: 155.648 Thread 0x000002356a1d95c0 nmethod 17372 0x00000235556ec010 code [0x00000235556ec1c0, 0x00000235556ec308]
Event: 155.648 Thread 0x000002356a1d95c0 17373       3       java.util.Vector::<init> (49 bytes)
Event: 155.648 Thread 0x000002356a1d95c0 nmethod 17373 0x00000235556ec390 code [0x00000235556ec5e0, 0x00000235556ecdc8]
Event: 155.648 Thread 0x000002356a1d95c0 17374   !   3       com.sun.org.apache.xerces.internal.utils.XMLSecurityManager::getSystemProperty (113 bytes)
Event: 155.650 Thread 0x000002356a1d95c0 nmethod 17374 0x00000235556ed110 code [0x00000235556ed460, 0x00000235556ee758]
Event: 155.650 Thread 0x000002356a1d95c0 17375       3       com.sun.org.apache.xerces.internal.util.ParserConfigurationSettings::checkProperty (51 bytes)
Event: 155.650 Thread 0x000002356a1d95c0 nmethod 17375 0x00000235556ef190 code [0x00000235556ef380, 0x00000235556ef7f8]
Event: 155.650 Thread 0x000002356a1d95c0 17378       3       java.util.Vector::add (23 bytes)

GC Heap History (20 events):
Event: 87.279 GC heap before
{Heap before GC invocations=79 (full 0):
 garbage-first heap   total 280576K, used 231038K [0x0000000080000000, 0x0000000100000000)
  region size 1024K, 134 young (137216K), 2 survivors (2048K)
 Metaspace       used 104472K, committed 106368K, reserved 552960K
  class space    used 13248K, committed 14272K, reserved 421888K
}
Event: 87.286 GC heap after
{Heap after GC invocations=80 (full 0):
 garbage-first heap   total 280576K, used 104390K [0x0000000080000000, 0x0000000100000000)
  region size 1024K, 9 young (9216K), 9 survivors (9216K)
 Metaspace       used 104472K, committed 106368K, reserved 552960K
  class space    used 13248K, committed 14272K, reserved 421888K
}
Event: 95.928 GC heap before
{Heap before GC invocations=80 (full 0):
 garbage-first heap   total 280576K, used 230342K [0x0000000080000000, 0x0000000100000000)
  region size 1024K, 132 young (135168K), 9 survivors (9216K)
 Metaspace       used 124373K, committed 126400K, reserved 552960K
  class space    used 15542K, committed 16576K, reserved 421888K
}
Event: 95.940 GC heap after
{Heap after GC invocations=81 (full 0):
 garbage-first heap   total 280576K, used 109696K [0x0000000080000000, 0x0000000100000000)
  region size 1024K, 14 young (14336K), 14 survivors (14336K)
 Metaspace       used 124373K, committed 126400K, reserved 552960K
  class space    used 15542K, committed 16576K, reserved 421888K
}
Event: 115.108 GC heap before
{Heap before GC invocations=81 (full 0):
 garbage-first heap   total 280576K, used 232576K [0x0000000080000000, 0x0000000100000000)
  region size 1024K, 134 young (137216K), 14 survivors (14336K)
 Metaspace       used 127291K, committed 129408K, reserved 552960K
  class space    used 15967K, committed 17088K, reserved 421888K
}
Event: 115.141 GC heap after
{Heap after GC invocations=82 (full 0):
 garbage-first heap   total 280576K, used 112913K [0x0000000080000000, 0x0000000100000000)
  region size 1024K, 9 young (9216K), 9 survivors (9216K)
 Metaspace       used 127291K, committed 129408K, reserved 552960K
  class space    used 15967K, committed 17088K, reserved 421888K
}
Event: 115.726 GC heap before
{Heap before GC invocations=82 (full 0):
 garbage-first heap   total 280576K, used 234769K [0x0000000080000000, 0x0000000100000000)
  region size 1024K, 128 young (131072K), 9 survivors (9216K)
 Metaspace       used 127315K, committed 129408K, reserved 552960K
  class space    used 15970K, committed 17088K, reserved 421888K
}
Event: 115.740 GC heap after
{Heap after GC invocations=83 (full 0):
 garbage-first heap   total 280576K, used 113936K [0x0000000080000000, 0x0000000100000000)
  region size 1024K, 10 young (10240K), 10 survivors (10240K)
 Metaspace       used 127315K, committed 129408K, reserved 552960K
  class space    used 15970K, committed 17088K, reserved 421888K
}
Event: 115.973 GC heap before
{Heap before GC invocations=83 (full 0):
 garbage-first heap   total 280576K, used 236816K [0x0000000080000000, 0x0000000100000000)
  region size 1024K, 130 young (133120K), 10 survivors (10240K)
 Metaspace       used 127315K, committed 129408K, reserved 552960K
  class space    used 15970K, committed 17088K, reserved 421888K
}
Event: 115.990 GC heap after
{Heap after GC invocations=84 (full 0):
 garbage-first heap   total 280576K, used 116364K [0x0000000080000000, 0x0000000100000000)
  region size 1024K, 7 young (7168K), 7 survivors (7168K)
 Metaspace       used 127315K, committed 129408K, reserved 552960K
  class space    used 15970K, committed 17088K, reserved 421888K
}
Event: 116.187 GC heap before
{Heap before GC invocations=84 (full 0):
 garbage-first heap   total 280576K, used 239244K [0x0000000080000000, 0x0000000100000000)
  region size 1024K, 127 young (130048K), 7 survivors (7168K)
 Metaspace       used 127315K, committed 129408K, reserved 552960K
  class space    used 15970K, committed 17088K, reserved 421888K
}
Event: 116.191 GC heap after
{Heap after GC invocations=85 (full 0):
 garbage-first heap   total 280576K, used 117666K [0x0000000080000000, 0x0000000100000000)
  region size 1024K, 9 young (9216K), 9 survivors (9216K)
 Metaspace       used 127315K, committed 129408K, reserved 552960K
  class space    used 15970K, committed 17088K, reserved 421888K
}
Event: 116.444 GC heap before
{Heap before GC invocations=85 (full 0):
 garbage-first heap   total 280576K, used 240546K [0x0000000080000000, 0x0000000100000000)
  region size 1024K, 129 young (132096K), 9 survivors (9216K)
 Metaspace       used 127315K, committed 129408K, reserved 552960K
  class space    used 15970K, committed 17088K, reserved 421888K
}
Event: 116.449 GC heap after
{Heap after GC invocations=86 (full 0):
 garbage-first heap   total 280576K, used 119547K [0x0000000080000000, 0x0000000100000000)
  region size 1024K, 10 young (10240K), 10 survivors (10240K)
 Metaspace       used 127315K, committed 129408K, reserved 552960K
  class space    used 15970K, committed 17088K, reserved 421888K
}
Event: 116.988 GC heap before
{Heap before GC invocations=86 (full 0):
 garbage-first heap   total 280576K, used 241403K [0x0000000080000000, 0x0000000100000000)
  region size 1024K, 129 young (132096K), 10 survivors (10240K)
 Metaspace       used 127330K, committed 129408K, reserved 552960K
  class space    used 15970K, committed 17088K, reserved 421888K
}
Event: 117.001 GC heap after
{Heap after GC invocations=87 (full 0):
 garbage-first heap   total 280576K, used 112298K [0x0000000080000000, 0x0000000100000000)
  region size 1024K, 2 young (2048K), 2 survivors (2048K)
 Metaspace       used 127330K, committed 129408K, reserved 552960K
  class space    used 15970K, committed 17088K, reserved 421888K
}
Event: 119.927 GC heap before
{Heap before GC invocations=87 (full 0):
 garbage-first heap   total 280576K, used 243370K [0x0000000080000000, 0x0000000100000000)
  region size 1024K, 129 young (132096K), 2 survivors (2048K)
 Metaspace       used 129255K, committed 131456K, reserved 552960K
  class space    used 16127K, committed 17280K, reserved 421888K
}
Event: 119.938 GC heap after
{Heap after GC invocations=88 (full 0):
 garbage-first heap   total 336896K, used 119713K [0x0000000080000000, 0x0000000100000000)
  region size 1024K, 9 young (9216K), 9 survivors (9216K)
 Metaspace       used 129255K, committed 131456K, reserved 552960K
  class space    used 16127K, committed 17280K, reserved 421888K
}
Event: 125.327 GC heap before
{Heap before GC invocations=88 (full 0):
 garbage-first heap   total 336896K, used 216993K [0x0000000080000000, 0x0000000100000000)
  region size 1024K, 105 young (107520K), 9 survivors (9216K)
 Metaspace       used 134480K, committed 136640K, reserved 552960K
  class space    used 16826K, committed 17984K, reserved 421888K
}
Event: 125.337 GC heap after
{Heap after GC invocations=89 (full 0):
 garbage-first heap   total 336896K, used 113318K [0x0000000080000000, 0x0000000100000000)
  region size 1024K, 3 young (3072K), 3 survivors (3072K)
 Metaspace       used 134480K, committed 136640K, reserved 552960K
  class space    used 16826K, committed 17984K, reserved 421888K
}

Dll operation events (15 events):
Event: 0.030 Loaded shared library C:\Program Files\Java\jdk-19\bin\java.dll
Event: 0.046 Loaded shared library C:\Program Files\Java\jdk-19\bin\jsvml.dll
Event: 0.313 Loaded shared library C:\Program Files\Java\jdk-19\bin\zip.dll
Event: 0.318 Loaded shared library C:\Program Files\Java\jdk-19\bin\instrument.dll
Event: 0.335 Loaded shared library C:\Program Files\Java\jdk-19\bin\net.dll
Event: 0.345 Loaded shared library C:\Program Files\Java\jdk-19\bin\nio.dll
Event: 0.349 Loaded shared library C:\Program Files\Java\jdk-19\bin\zip.dll
Event: 0.764 Loaded shared library C:\Program Files\Java\jdk-19\bin\jimage.dll
Event: 1.012 Loaded shared library C:\Program Files\Java\jdk-19\bin\verify.dll
Event: 1.236 Loaded shared library C:\Users\SYS0124-P001\.gradle\native\c067742578af261105cb4f569cf0c3c89f3d7b1fecec35dd04571415982c5e48\windows-amd64\native-platform.dll
Event: 1.856 Loaded shared library C:\Users\SYS0124-P001\.gradle\native\100fb08df4bc3b14c8652ba06237920a3bd2aa13389f12d3474272988ae205f9\windows-amd64\native-platform-file-events.dll
Event: 3.614 Loaded shared library C:\Program Files\Java\jdk-19\bin\management.dll
Event: 3.626 Loaded shared library C:\Program Files\Java\jdk-19\bin\management_ext.dll
Event: 4.175 Loaded shared library C:\Program Files\Java\jdk-19\bin\extnet.dll
Event: 4.780 Loaded shared library C:\Program Files\Java\jdk-19\bin\sunmscapi.dll

Deoptimization events (20 events):
Event: 152.449 Thread 0x0000023570297330 Uncommon trap: trap_request=0xffffff45 fr.pc=0x000002355b936cac relative=0x000000000000036c
Event: 152.449 Thread 0x0000023570297330 Uncommon trap: reason=unstable_if action=reinterpret pc=0x000002355b936cac method=java.io.ObjectOutputStream$HandleTable.assign(Ljava/lang/Object;)I @ 24 c2
Event: 152.450 Thread 0x0000023570297330 DEOPT PACKING pc=0x000002355b936cac sp=0x000000aeeb2f4fd0
Event: 152.450 Thread 0x0000023570297330 DEOPT UNPACKING pc=0x000002355afea5a3 sp=0x000000aeeb2f4f98 mode 2
Event: 152.591 Thread 0x0000023570297330 Uncommon trap: trap_request=0xffffffde fr.pc=0x000002355b9334d4 relative=0x0000000000000134
Event: 152.591 Thread 0x0000023570297330 Uncommon trap: reason=class_check action=maybe_recompile pc=0x000002355b9334d4 method=com.google.common.base.CharMatcher$Or.matches(C)Z @ 5 c2
Event: 152.591 Thread 0x0000023570297330 DEOPT PACKING pc=0x000002355b9334d4 sp=0x000000aeeb2f6990
Event: 152.593 Thread 0x0000023570297330 DEOPT UNPACKING pc=0x000002355afea5a3 sp=0x000000aeeb2f6948 mode 2
Event: 152.593 Thread 0x0000023570297330 Uncommon trap: trap_request=0xffffffde fr.pc=0x000002355b9334d4 relative=0x0000000000000134
Event: 152.593 Thread 0x0000023570297330 Uncommon trap: reason=class_check action=maybe_recompile pc=0x000002355b9334d4 method=com.google.common.base.CharMatcher$Or.matches(C)Z @ 5 c2
Event: 152.593 Thread 0x0000023570297330 DEOPT PACKING pc=0x000002355b9334d4 sp=0x000000aeeb2f6920
Event: 152.593 Thread 0x0000023570297330 DEOPT UNPACKING pc=0x000002355afea5a3 sp=0x000000aeeb2f68d8 mode 2
Event: 152.593 Thread 0x0000023570297330 Uncommon trap: trap_request=0xffffffde fr.pc=0x000002355b9334d4 relative=0x0000000000000134
Event: 152.593 Thread 0x0000023570297330 Uncommon trap: reason=class_check action=maybe_recompile pc=0x000002355b9334d4 method=com.google.common.base.CharMatcher$Or.matches(C)Z @ 5 c2
Event: 152.593 Thread 0x0000023570297330 DEOPT PACKING pc=0x000002355b9334d4 sp=0x000000aeeb2f68b0
Event: 152.593 Thread 0x0000023570297330 DEOPT UNPACKING pc=0x000002355afea5a3 sp=0x000000aeeb2f6868 mode 2
Event: 152.593 Thread 0x0000023570297330 Uncommon trap: trap_request=0xffffffde fr.pc=0x000002355b9334d4 relative=0x0000000000000134
Event: 152.593 Thread 0x0000023570297330 Uncommon trap: reason=class_check action=maybe_recompile pc=0x000002355b9334d4 method=com.google.common.base.CharMatcher$Or.matches(C)Z @ 5 c2
Event: 152.593 Thread 0x0000023570297330 DEOPT PACKING pc=0x000002355b9334d4 sp=0x000000aeeb2f6990
Event: 152.593 Thread 0x0000023570297330 DEOPT UNPACKING pc=0x000002355afea5a3 sp=0x000000aeeb2f6948 mode 2

Classes loaded (20 events):
Event: 127.691 Loading class java/util/AbstractCollectionCustomizer
Event: 127.691 Loading class java/util/AbstractCollectionCustomizer done
Event: 128.089 Loading class java/util/function/LongUnaryOperator
Event: 128.089 Loading class java/util/function/LongUnaryOperator done
Event: 128.988 Loading class java/lang/StringBeanInfo
Event: 128.988 Loading class java/lang/StringBeanInfo done
Event: 128.989 Loading class java/lang/StringBeanInfo
Event: 128.989 Loading class java/lang/StringBeanInfo done
Event: 128.989 Loading class java/lang/StringCustomizer
Event: 128.989 Loading class java/lang/StringCustomizer done
Event: 128.990 Loading class java/lang/StringCustomizer
Event: 128.990 Loading class java/lang/StringCustomizer done
Event: 129.039 Loading class java/io/FileBeanInfo
Event: 129.039 Loading class java/io/FileBeanInfo done
Event: 129.045 Loading class java/io/FileBeanInfo
Event: 129.045 Loading class java/io/FileBeanInfo done
Event: 129.046 Loading class java/io/FileCustomizer
Event: 129.046 Loading class java/io/FileCustomizer done
Event: 129.049 Loading class java/io/FileCustomizer
Event: 129.049 Loading class java/io/FileCustomizer done

Classes unloaded (18 events):
Event: 15.047 Thread 0x000002356a1a9720 Unloading class 0x00000008016488f8 '_BuildScript_$_run_closure1$_closure2'
Event: 15.047 Thread 0x000002356a1a9720 Unloading class 0x0000000801648520 '_BuildScript_$_run_closure1'
Event: 15.047 Thread 0x000002356a1a9720 Unloading class 0x0000000801648000 '_BuildScript_'
Event: 77.515 Thread 0x000002356a1a9720 Unloading class 0x00000008017288f8 '_BuildScript_$_run_closure2'
Event: 77.516 Thread 0x000002356a1a9720 Unloading class 0x0000000801728520 '_BuildScript_$_run_closure1'
Event: 77.517 Thread 0x000002356a1a9720 Unloading class 0x0000000801728000 '_BuildScript_'
Event: 77.517 Thread 0x000002356a1a9720 Unloading class 0x0000000801718000 '_BuildScript_'
Event: 77.519 Thread 0x000002356a1a9720 Unloading class 0x00000008017108f8 '_BuildScript_$_run_closure1$_closure2'
Event: 77.519 Thread 0x000002356a1a9720 Unloading class 0x0000000801710520 '_BuildScript_$_run_closure1'
Event: 77.519 Thread 0x000002356a1a9720 Unloading class 0x0000000801710000 '_BuildScript_'
Event: 77.520 Thread 0x000002356a1a9720 Unloading class 0x000000080170e000 '_BuildScript_$_run_closure1$_closure2'
Event: 77.520 Thread 0x000002356a1a9720 Unloading class 0x000000080170d8f8 '_BuildScript_$_run_closure1'
Event: 77.520 Thread 0x000002356a1a9720 Unloading class 0x000000080170d3d8 '_BuildScript_'
Event: 77.523 Thread 0x000002356a1a9720 Unloading class 0x000000080170d000 'ProtobufPatchPlugin$_apply_closure1$_closure2$_closure3$_closure4'
Event: 77.523 Thread 0x000002356a1a9720 Unloading class 0x000000080170ca68 'ProtobufPatchPlugin$_apply_closure1$_closure2$_closure3'
Event: 77.523 Thread 0x000002356a1a9720 Unloading class 0x000000080170c690 'ProtobufPatchPlugin$_apply_closure1$_closure2'
Event: 77.523 Thread 0x000002356a1a9720 Unloading class 0x000000080170c2b8 'ProtobufPatchPlugin$_apply_closure1'
Event: 77.523 Thread 0x000002356a1a9720 Unloading class 0x000000080170c000 'ProtobufPatchPlugin'

Classes redefined (0 events):
No events

Internal exceptions (20 events):
Event: 129.237 Thread 0x0000023570297330 Exception <a 'java/lang/ClassNotFoundException'{0x0000000090c48f60}: org/gradle/plugins/ide/eclipse/model/EclipseModel_DecoratedCustomizer> (0x0000000090c48f60) 
thrown [s\open\src\hotspot\share\classfile\systemDictionary.cpp, line 255]
Event: 129.320 Thread 0x0000023570297330 Exception <a 'java/lang/ClassNotFoundException'{0x0000000090ccb310}: org/gradle/plugins/ide/eclipse/model/EclipseProject_DecoratedBeanInfo> (0x0000000090ccb310) 
thrown [s\open\src\hotspot\share\classfile\systemDictionary.cpp, line 255]
Event: 129.321 Thread 0x0000023570297330 Exception <a 'java/lang/ClassNotFoundException'{0x0000000090ce3000}: org/gradle/plugins/ide/eclipse/model/EclipseProjectBeanInfo> (0x0000000090ce3000) 
thrown [s\open\src\hotspot\share\classfile\systemDictionary.cpp, line 255]
Event: 129.327 Thread 0x0000023570297330 Exception <a 'java/lang/ClassNotFoundException'{0x0000000090cfaf68}: org/gradle/plugins/ide/eclipse/model/EclipseProjectCustomizer> (0x0000000090cfaf68) 
thrown [s\open\src\hotspot\share\classfile\systemDictionary.cpp, line 255]
Event: 129.336 Thread 0x0000023570297330 Exception <a 'java/lang/ClassNotFoundException'{0x0000000090b2e0c8}: org/gradle/plugins/ide/eclipse/model/EclipseProject_DecoratedCustomizer> (0x0000000090b2e0c8) 
thrown [s\open\src\hotspot\share\classfile\systemDictionary.cpp, line 255]
Event: 129.545 Thread 0x0000023570297880 Exception <a 'java/lang/NoSuchMethodError'{0x0000000090907e48}: static Lorg/gradle/internal/build/event/types/DefaultProjectConfigurationDescriptor;.<clinit>()V> (0x0000000090907e48) 
thrown [s\open\src\hotspot\share\prims\jni.cpp, line 1107]
Event: 138.317 Thread 0x0000023570297330 Exception <a 'sun/nio/fs/WindowsException'{0x000000008fc0a8b8}> (0x000000008fc0a8b8) 
thrown [s\open\src\hotspot\share\prims\jni.cpp, line 517]
Event: 138.317 Thread 0x0000023570297330 Exception <a 'sun/nio/fs/WindowsException'{0x000000008fc0cbd8}> (0x000000008fc0cbd8) 
thrown [s\open\src\hotspot\share\prims\jni.cpp, line 517]
Event: 143.084 Thread 0x0000023570297330 Exception <a 'sun/nio/fs/WindowsException'{0x000000008b468280}> (0x000000008b468280) 
thrown [s\open\src\hotspot\share\prims\jni.cpp, line 517]
Event: 143.088 Thread 0x0000023570297330 Exception <a 'sun/nio/fs/WindowsException'{0x000000008b46a490}> (0x000000008b46a490) 
thrown [s\open\src\hotspot\share\prims\jni.cpp, line 517]
Event: 143.106 Thread 0x0000023570297330 Exception <a 'sun/nio/fs/WindowsException'{0x000000008b475f50}> (0x000000008b475f50) 
thrown [s\open\src\hotspot\share\prims\jni.cpp, line 517]
Event: 143.122 Thread 0x0000023570297330 Exception <a 'sun/nio/fs/WindowsException'{0x000000008b47f3b8}> (0x000000008b47f3b8) 
thrown [s\open\src\hotspot\share\prims\jni.cpp, line 517]
Event: 143.149 Thread 0x0000023570297330 Exception <a 'sun/nio/fs/WindowsException'{0x000000008b489dc0}> (0x000000008b489dc0) 
thrown [s\open\src\hotspot\share\prims\jni.cpp, line 517]
Event: 152.232 Thread 0x0000023570297330 Exception <a 'java/lang/NoSuchMethodError'{0x000000008b2ed5f8}: static Lorg/gradle/api/internal/catalog/DefaultVersionCatalog;.<clinit>()V> (0x000000008b2ed5f8) 
thrown [s\open\src\hotspot\share\prims\jni.cpp, line 1107]
Event: 152.424 Thread 0x0000023570297330 Exception <a 'java/lang/NoSuchMethodError'{0x000000008b149908}: static [Ljava/lang/Object;.<clinit>()V> (0x000000008b149908) 
thrown [s\open\src\hotspot\share\prims\jni.cpp, line 1107]
Event: 152.440 Thread 0x0000023570297330 Exception <a 'java/lang/NoSuchMethodError'{0x000000008b179d80}: static Lorg/gradle/api/internal/catalog/DependencyModel;.<clinit>()V> (0x000000008b179d80) 
thrown [s\open\src\hotspot\share\prims\jni.cpp, line 1107]
Event: 152.441 Thread 0x0000023570297330 Exception <a 'java/lang/NoSuchMethodError'{0x000000008b17dd18}: static Lorg/gradle/api/internal/catalog/AbstractContextAwareModel;.<clinit>()V> (0x000000008b17dd18) 
thrown [s\open\src\hotspot\share\prims\jni.cpp, line 1107]
Event: 152.449 Thread 0x0000023570297330 Exception <a 'java/lang/NoSuchMethodError'{0x000000008b19c7f8}: static Lorg/gradle/api/internal/artifacts/dependencies/AbstractVersionConstraint;.<clinit>()V> (0x000000008b19c7f8) 
thrown [s\open\src\hotspot\share\prims\jni.cpp, line 1107]
Event: 152.504 Thread 0x0000023570297330 Exception <a 'java/lang/NoSuchMethodError'{0x000000008b05e460}: static Lorg/gradle/api/internal/catalog/PluginModel;.<clinit>()V> (0x000000008b05e460) 
thrown [s\open\src\hotspot\share\prims\jni.cpp, line 1107]
Event: 152.515 Thread 0x0000023570297330 Exception <a 'java/lang/NoSuchMethodError'{0x000000008b079d20}: static Lorg/gradle/api/internal/catalog/VersionModel;.<clinit>()V> (0x000000008b079d20) 
thrown [s\open\src\hotspot\share\prims\jni.cpp, line 1107]

VM Operations (20 events):
Event: 141.187 Executing VM operation: Cleanup done
Event: 142.193 Executing VM operation: Cleanup
Event: 142.193 Executing VM operation: Cleanup done
Event: 142.740 Executing VM operation: ICBufferFull
Event: 142.741 Executing VM operation: ICBufferFull done
Event: 143.747 Executing VM operation: Cleanup
Event: 143.747 Executing VM operation: Cleanup done
Event: 146.775 Executing VM operation: Cleanup
Event: 146.791 Executing VM operation: Cleanup done
Event: 151.813 Executing VM operation: Cleanup
Event: 151.814 Executing VM operation: Cleanup done
Event: 152.399 Executing VM operation: HandshakeAllThreads
Event: 152.401 Executing VM operation: HandshakeAllThreads done
Event: 153.412 Executing VM operation: Cleanup
Event: 153.446 Executing VM operation: Cleanup done
Event: 154.457 Executing VM operation: Cleanup
Event: 154.458 Executing VM operation: Cleanup done
Event: 155.466 Executing VM operation: Cleanup
Event: 155.466 Executing VM operation: Cleanup done
Event: 156.469 Executing VM operation: Cleanup

Events (20 events):
Event: 126.639 Thread 0x000002356e5130a0 flushing nmethod 0x000002355503af10
Event: 126.639 Thread 0x000002356e5130a0 flushing nmethod 0x000002355503cf10
Event: 126.639 Thread 0x000002356e5130a0 flushing nmethod 0x0000023555042690
Event: 126.639 Thread 0x000002356e5130a0 flushing nmethod 0x000002355509b490
Event: 126.639 Thread 0x000002356e5130a0 flushing nmethod 0x000002355509fa10
Event: 126.639 Thread 0x000002356e5130a0 flushing nmethod 0x000002355509ff10
Event: 126.639 Thread 0x000002356e5130a0 flushing nmethod 0x00000235550a0890
Event: 126.639 Thread 0x000002356e5130a0 flushing nmethod 0x00000235550a1110
Event: 126.641 Thread 0x000002356e5130a0 flushing nmethod 0x0000023555302910
Event: 126.642 Thread 0x000002356e5130a0 flushing nmethod 0x0000023555310610
Event: 126.642 Thread 0x000002356e5130a0 flushing nmethod 0x0000023555310a90
Event: 126.642 Thread 0x000002356e5130a0 flushing nmethod 0x0000023555311310
Event: 126.642 Thread 0x000002356e5130a0 flushing nmethod 0x0000023555311610
Event: 126.642 Thread 0x000002356e5130a0 flushing nmethod 0x000002355531a090
Event: 126.642 Thread 0x000002356e5130a0 flushing nmethod 0x000002355531e510
Event: 127.138 Thread 0x0000023574d7c8b0 Thread exited: 0x0000023574d7c8b0
Event: 141.641 Thread 0x000002356f401130 Thread added: 0x000002356f401130
Event: 142.111 Thread 0x000002356f401130 Thread exited: 0x000002356f401130
Event: 142.552 Thread 0x000002356f401130 Thread added: 0x000002356f401130
Event: 146.717 Thread 0x000002356f401130 Thread exited: 0x000002356f401130


Dynamic libraries:
0x00007ff6a63d0000 - 0x00007ff6a63e0000 	C:\Program Files\Java\jdk-19\bin\java.exe
0x00007ff8cbe20000 - 0x00007ff8cc083000 	C:\WINDOWS\SYSTEM32\ntdll.dll
0x00007ff8caea0000 - 0x00007ff8caf68000 	C:\WINDOWS\System32\KERNEL32.DLL
0x00007ff8c9420000 - 0x00007ff8c97d1000 	C:\WINDOWS\System32\KERNELBASE.dll
0x0000000076820000 - 0x0000000076b4e000 	C:\Program Files\Norton Security\NortonData\22.23.10.10\Definitions\IPSDefs\20241120.064\IPSEng64.dll
0x00007ff8cbc00000 - 0x00007ff8cbcb4000 	C:\WINDOWS\System32\ADVAPI32.dll
0x00007ff8ca1d0000 - 0x00007ff8ca279000 	C:\WINDOWS\System32\msvcrt.dll
0x00007ff8caf70000 - 0x00007ff8cb016000 	C:\WINDOWS\System32\sechost.dll
0x00007ff8cb8f0000 - 0x00007ff8cba06000 	C:\WINDOWS\System32\RPCRT4.dll
0x00007ff8ca280000 - 0x00007ff8ca288000 	C:\WINDOWS\System32\PSAPI.DLL
0x00007ff8c97e0000 - 0x00007ff8c992b000 	C:\WINDOWS\System32\ucrtbase.dll
0x00007ff8a8f80000 - 0x00007ff8a8f9b000 	C:\Program Files\Java\jdk-19\bin\VCRUNTIME140.dll
0x00007ff877c50000 - 0x00007ff877c68000 	C:\Program Files\Java\jdk-19\bin\jli.dll
0x00007ff8cacd0000 - 0x00007ff8cae98000 	C:\WINDOWS\System32\USER32.dll
0x00007ff8c9930000 - 0x00007ff8c9957000 	C:\WINDOWS\System32\win32u.dll
0x00007ff8a5950000 - 0x00007ff8a5be0000 	C:\WINDOWS\WinSxS\amd64_microsoft.windows.common-controls_6595b64144ccf1df_6.0.26100.2161_none_3e0cadb0e33078e1\COMCTL32.dll
0x00007ff8ca120000 - 0x00007ff8ca14a000 	C:\WINDOWS\System32\GDI32.dll
0x00007ff8c9960000 - 0x00007ff8c9a85000 	C:\WINDOWS\System32\gdi32full.dll
0x00007ff8c92b0000 - 0x00007ff8c9353000 	C:\WINDOWS\System32\msvcp_win.dll
0x00007ff8b70f0000 - 0x00007ff8b70fb000 	C:\WINDOWS\SYSTEM32\VERSION.dll
0x00007ff8cbda0000 - 0x00007ff8cbdcf000 	C:\WINDOWS\System32\IMM32.DLL
0x00007ff89bd20000 - 0x00007ff89bd2c000 	C:\Program Files\Java\jdk-19\bin\vcruntime140_1.dll
0x00007ff80f850000 - 0x00007ff80f8de000 	C:\Program Files\Java\jdk-19\bin\msvcp140.dll
0x00007fffe1450000 - 0x00007fffe2110000 	C:\Program Files\Java\jdk-19\bin\server\jvm.dll
0x00007ff8bb6a0000 - 0x00007ff8bb6d6000 	C:\WINDOWS\SYSTEM32\WINMM.dll
0x00007ff8a7800000 - 0x00007ff8a780a000 	C:\WINDOWS\SYSTEM32\WSOCK32.dll
0x00007ff8ca610000 - 0x00007ff8ca684000 	C:\WINDOWS\System32\WS2_32.dll
0x00007ff8c8030000 - 0x00007ff8c804a000 	C:\WINDOWS\SYSTEM32\kernel.appcore.dll
0x00007ff87c970000 - 0x00007ff87c97a000 	C:\Program Files\Java\jdk-19\bin\jimage.dll
0x00007ff8c6a50000 - 0x00007ff8c6c91000 	C:\WINDOWS\SYSTEM32\DBGHELP.DLL
0x00007ff8ca290000 - 0x00007ff8ca60d000 	C:\WINDOWS\System32\combase.dll
0x00007ff8cbcc0000 - 0x00007ff8cbd96000 	C:\WINDOWS\System32\OLEAUT32.dll
0x00007ff8a4380000 - 0x00007ff8a43b9000 	C:\WINDOWS\SYSTEM32\dbgcore.DLL
0x00007ff8c9210000 - 0x00007ff8c92a9000 	C:\WINDOWS\System32\bcryptPrimitives.dll
0x00007ff87b530000 - 0x00007ff87b53e000 	C:\Program Files\Java\jdk-19\bin\instrument.dll
0x00007ff810640000 - 0x00007ff810666000 	C:\Program Files\Java\jdk-19\bin\java.dll
0x00007ff804840000 - 0x00007ff804917000 	C:\Program Files\Java\jdk-19\bin\jsvml.dll
0x00007ff8cb170000 - 0x00007ff8cb86f000 	C:\WINDOWS\System32\SHELL32.dll
0x00007ff8c6f00000 - 0x00007ff8c772d000 	C:\WINDOWS\SYSTEM32\windows.storage.dll
0x00007ff8cba10000 - 0x00007ff8cbae3000 	C:\WINDOWS\System32\SHCORE.dll
0x00007ff8cac60000 - 0x00007ff8cacbd000 	C:\WINDOWS\System32\shlwapi.dll
0x00007ff8c9120000 - 0x00007ff8c914e000 	C:\WINDOWS\SYSTEM32\profapi.dll
0x00007ff810910000 - 0x00007ff810928000 	C:\Program Files\Java\jdk-19\bin\zip.dll
0x00007ff810510000 - 0x00007ff810523000 	C:\Program Files\Java\jdk-19\bin\net.dll
0x00007ff8bfa40000 - 0x00007ff8bfb66000 	C:\WINDOWS\SYSTEM32\WINHTTP.dll
0x00007ff8c8560000 - 0x00007ff8c85c8000 	C:\WINDOWS\system32\mswsock.dll
0x00007ff80f830000 - 0x00007ff80f846000 	C:\Program Files\Java\jdk-19\bin\nio.dll
0x00007ff879e50000 - 0x00007ff879e60000 	C:\Program Files\Java\jdk-19\bin\verify.dll
0x00007ff810670000 - 0x00007ff810697000 	C:\Users\SYS0124-P001\.gradle\native\c067742578af261105cb4f569cf0c3c89f3d7b1fecec35dd04571415982c5e48\windows-amd64\native-platform.dll
0x00007ffffe010000 - 0x00007ffffe154000 	C:\Users\SYS0124-P001\.gradle\native\100fb08df4bc3b14c8652ba06237920a3bd2aa13389f12d3474272988ae205f9\windows-amd64\native-platform-file-events.dll
0x00007ff8787b0000 - 0x00007ff8787ba000 	C:\Program Files\Java\jdk-19\bin\management.dll
0x00007ff877520000 - 0x00007ff87752b000 	C:\Program Files\Java\jdk-19\bin\management_ext.dll
0x00007ff8c8800000 - 0x00007ff8c881c000 	C:\WINDOWS\SYSTEM32\CRYPTSP.dll
0x00007ff8c7f90000 - 0x00007ff8c7fc8000 	C:\WINDOWS\system32\rsaenh.dll
0x00007ff8c8600000 - 0x00007ff8c862b000 	C:\WINDOWS\SYSTEM32\USERENV.dll
0x00007ff8c8a40000 - 0x00007ff8c8a66000 	C:\WINDOWS\SYSTEM32\bcrypt.dll
0x00007ff8c8820000 - 0x00007ff8c882c000 	C:\WINDOWS\SYSTEM32\CRYPTBASE.dll
0x00007ff8c7a40000 - 0x00007ff8c7a71000 	C:\WINDOWS\SYSTEM32\IPHLPAPI.DLL
0x00007ff8cb160000 - 0x00007ff8cb16a000 	C:\WINDOWS\System32\NSI.dll
0x00007ff8c01b0000 - 0x00007ff8c01ce000 	C:\WINDOWS\SYSTEM32\dhcpcsvc6.DLL
0x00007ff8c0180000 - 0x00007ff8c01a5000 	C:\WINDOWS\SYSTEM32\dhcpcsvc.DLL
0x00007ff8c7ad0000 - 0x00007ff8c7bf5000 	C:\WINDOWS\SYSTEM32\DNSAPI.dll
0x00007ff86b320000 - 0x00007ff86b328000 	C:\Program Files\Java\jdk-19\bin\extnet.dll
0x00007ff8460b0000 - 0x00007ff8460be000 	C:\Program Files\Java\jdk-19\bin\sunmscapi.dll
0x00007ff8c9b10000 - 0x00007ff8c9c86000 	C:\WINDOWS\System32\CRYPT32.dll
0x00007ff8c8a00000 - 0x00007ff8c8a30000 	C:\WINDOWS\SYSTEM32\ncrypt.dll
0x00007ff8c89b0000 - 0x00007ff8c89ef000 	C:\WINDOWS\SYSTEM32\NTASN1.dll
0x00007ff890320000 - 0x00007ff890328000 	C:\WINDOWS\system32\wshunix.dll
0x00007ff8c8160000 - 0x00007ff8c8195000 	C:\WINDOWS\SYSTEM32\ntmarta.dll
0x00007ff8bd550000 - 0x00007ff8bd55b000 	C:\Windows\System32\rasadhlp.dll
0x00007ff8c05f0000 - 0x00007ff8c0676000 	C:\WINDOWS\System32\fwpuclnt.dll

dbghelp: loaded successfully - version: 4.0.5 - missing functions: none
symbol engine: initialized successfully - sym options: 0x614 - pdb path: .;C:\Program Files\Java\jdk-19\bin;C:\WINDOWS\SYSTEM32;C:\Program Files\Norton Security\NortonData\22.23.10.10\Definitions\IPSDefs\20241120.064;C:\WINDOWS\WinSxS\amd64_microsoft.windows.common-controls_6595b64144ccf1df_6.0.26100.2161_none_3e0cadb0e33078e1;C:\Program Files\Java\jdk-19\bin\server;C:\Users\SYS0124-P001\.gradle\native\c067742578af261105cb4f569cf0c3c89f3d7b1fecec35dd04571415982c5e48\windows-amd64;C:\Users\SYS0124-P001\.gradle\native\100fb08df4bc3b14c8652ba06237920a3bd2aa13389f12d3474272988ae205f9\windows-amd64

VM Arguments:
jvm_args: -XX:MaxMetaspaceSize=512m --add-opens=java.base/java.util=ALL-UNNAMED --add-opens=java.base/java.lang=ALL-UNNAMED --add-opens=java.base/java.lang.invoke=ALL-UNNAMED --add-opens=java.prefs/java.util.prefs=ALL-UNNAMED --add-exports=jdk.compiler/com.sun.tools.javac.api=ALL-UNNAMED --add-exports=jdk.compiler/com.sun.tools.javac.util=ALL-UNNAMED --add-opens=java.base/java.nio.charset=ALL-UNNAMED --add-opens=java.base/java.net=ALL-UNNAMED --add-opens=java.base/java.util.concurrent.atomic=ALL-UNNAMED -Xmx2048m -Dfile.encoding=utf8 -Duser.country=US -Duser.language=en -Duser.variant -javaagent:C:\Users\SYS0124-P001\.gradle\wrapper\dists\gradle-8.10.2-all\7iv73wktx1xtkvlq19urqw1wm\gradle-8.10.2\lib\agents\gradle-instrumentation-agent-8.10.2.jar 
java_command: org.gradle.launcher.daemon.bootstrap.GradleDaemon 8.10.2
java_class_path (initial): C:\Users\SYS0124-P001\.gradle\wrapper\dists\gradle-8.10.2-all\7iv73wktx1xtkvlq19urqw1wm\gradle-8.10.2\lib\gradle-daemon-main-8.10.2.jar
Launcher Type: SUN_STANDARD

[Global flags]
     intx CICompilerCount                          = 4                                         {product} {ergonomic}
   size_t CompressedClassSpaceSize                 = 432013312                                 {product} {ergonomic}
     uint ConcGCThreads                            = 2                                         {product} {ergonomic}
     uint G1ConcRefinementThreads                  = 8                                         {product} {ergonomic}
   size_t G1HeapRegionSize                         = 1048576                                   {product} {ergonomic}
    uintx GCDrainStackTargetSize                   = 64                                        {product} {ergonomic}
   size_t InitialHeapSize                          = 130023424                                 {product} {ergonomic}
   size_t MarkStackSize                            = 4194304                                   {product} {ergonomic}
   size_t MaxHeapSize                              = 2147483648                                {product} {command line}
   size_t MaxMetaspaceSize                         = 536870912                                 {product} {command line}
   size_t MaxNewSize                               = 1287651328                                {product} {ergonomic}
   size_t MinHeapDeltaBytes                        = 1048576                                   {product} {ergonomic}
   size_t MinHeapSize                              = 8388608                                   {product} {ergonomic}
    uintx NonNMethodCodeHeapSize                   = 5839372                                {pd product} {ergonomic}
    uintx NonProfiledCodeHeapSize                  = 122909434                              {pd product} {ergonomic}
    uintx ProfiledCodeHeapSize                     = 122909434                              {pd product} {ergonomic}
    uintx ReservedCodeCacheSize                    = 251658240                              {pd product} {ergonomic}
     bool SegmentedCodeCache                       = true                                      {product} {ergonomic}
   size_t SoftMaxHeapSize                          = 2147483648                             {manageable} {ergonomic}
     bool UseCompressedClassPointers               = true                           {product lp64_product} {ergonomic}
     bool UseCompressedOops                        = true                           {product lp64_product} {ergonomic}
     bool UseG1GC                                  = true                                      {product} {ergonomic}
     bool UseLargePagesIndividualAllocation        = false                                  {pd product} {ergonomic}

Logging:
Log output configuration:
 #0: stdout all=warning uptime,level,tags foldmultilines=false
 #1: stderr all=off uptime,level,tags foldmultilines=false

Environment Variables:
PATH=C:\Program Files (x86)\NVIDIA Corporation\PhysX\Common;C:\Program Files (x86)\ActiveState Komodo Edit 12\;C:\Program Files\Common Files\Oracle\Java\javapath;C:\Program Files (x86)\Common Files\Oracle\Java\java8path;C:\Program Files (x86)\Common Files\Oracle\Java\javapath;C:\windows\system32;C:\windows;C:\windows\System32\Wbem;C:\windows\System32\WindowsPowerShell\v1.0\;C:\windows\System32\OpenSSH\;C:\Program Files\PuTTY\;C:\Program Files (x86)\nodejs\;C:\Program Files\HP\HP One Agent;C:\WINDOWS\system32;C:\WINDOWS;C:\WINDOWS\System32\Wbem;C:\WINDOWS\System32\WindowsPowerShell\v1.0\;C:\WINDOWS\System32\OpenSSH\;C:\xampp\php;C:\ProgramData\ComposerSetup\bin;C:\Users\SYS0124-P001\AppData\Local\Programs\Python\Python313;C:\Users\SYS0124-P001\AppData\Local\Programs\Python\Python313\Scripts\;C:\Users\SYS0124-P001\AppData\Local\Programs\Python\Python313\;C:\Users\SYS0124-P001\anaconda3;C:\Users\SYS0124-P001\anaconda3\Library\mingw-w64\bin;C:\Users\SYS0124-P001\anaconda3\Library\usr\bin;C:\Users\SYS0124-P001\anaconda3\Library\bin;C:\Users\SYS0124-P001\anaconda3\Scripts;C:\Users\SYS0124-P001\AppData\Local\Microsoft\WindowsApps;C:\Users\SYS0124-P001\AppData\Local\Programs\Microsoft VS Code\bin;C:\xampp\php;C:\Users\SYS0124-P001\AppData\Local\ComposerSetup\bin;C:\Users\SYS0124-P001\AppData\Roaming\Composer\vendor\bin;C:\Users\SYS0124-P001\AppData\Roaming\npm;C:\Users\SYS0124-P001\AppData\Local\GitHubDesktop\bin;C:\Users\SYS0124-P001\AppData\Local\Programs\Git\cmd;C:\Users\SYS0124-P001\.bun\bin;C:\Users\SYS0124-P001\AppData\Local\atom\bin
USERNAME=SYS0124-P001
OS=Windows_NT
PROCESSOR_IDENTIFIER=Intel64 Family 6 Model 140 Stepping 1, GenuineIntel
TMP=C:\Users\SYS012~1\AppData\Local\Temp
TEMP=C:\Users\SYS012~1\AppData\Local\Temp



---------------  S Y S T E M  ---------------

OS:
 Windows 11 , 64 bit Build 26100 (10.0.26100.2161)
OS uptime: 0 days 20:54 hours
Hyper-V role detected

CPU: total 8 (initial active 8) (4 cores per cpu, 2 threads per core) family 6 model 140 stepping 1 microcode 0xb4, cx8, cmov, fxsr, ht, mmx, 3dnowpref, sse, sse2, sse3, ssse3, sse4.1, sse4.2, popcnt, lzcnt, tsc, tscinvbit, avx, avx2, aes, erms, clmul, bmi1, bmi2, adx, avx512f, avx512dq, avx512cd, avx512bw, avx512vl, sha, fma, vzeroupper, avx512_vpopcntdq, avx512_vpclmulqdq, avx512_vaes, avx512_vnni, clflush, clflushopt, clwb, avx512_vbmi2, avx512_vbmi, hv, rdtscp, rdpid, fsrm, gfni, avx512_bitalg

Memory: 4k page, system-wide physical 7834M (335M free)
TotalPageFile size 31386M (AvailPageFile size 0M)
current process WorkingSet (physical memory assigned to process): 227M, peak: 549M
current process commit charge ("private bytes"): 719M, peak: 749M

vm_info: Java HotSpot(TM) 64-Bit Server VM (19.0.2+7-44) for windows-amd64 JRE (19.0.2+7-44), built on 2022-11-30T18:02:09Z by "mach5one" with MS VC++ 17.1 (VS2022)

END.
