#
# There is insufficient memory for the Java Runtime Environment to continue.
# Native memory allocation (mmap) failed to map 178257920 bytes for G1 virtual space
# Possible reasons:
#   The system is out of physical RAM or swap space
#   The process is running with CompressedOops enabled, and the Java Heap may be blocking the growth of the native heap
# Possible solutions:
#   Reduce memory load on the system
#   Increase physical memory or swap space
#   Check if swap backing store is full
#   Decrease Java heap size (-Xmx/-Xms)
#   Decrease number of Java threads
#   Decrease Java thread stack sizes (-Xss)
#   Set larger code cache with -XX:ReservedCodeCacheSize=
#   JVM is running with Unscaled Compressed Oops mode in which the Java heap is
#     placed in the first 4GB address space. The Java Heap base address is the
#     maximum limit for the native heap growth. Please use -XX:HeapBaseMinAddress
#     to set the Java Heap base and to place the Java Heap above 4GB virtual address.
# This output file may be truncated or incomplete.
#
#  Out of Memory Error (os_windows.cpp:3536), pid=12044, tid=33376
#
# JRE version: Java(TM) SE Runtime Environment (19.0.2+7) (build 19.0.2+7-44)
# Java VM: Java HotSpot(TM) 64-Bit Server VM (19.0.2+7-44, mixed mode, sharing, tiered, compressed oops, compressed class ptrs, g1 gc, windows-amd64)
# No core dump will be written. Minidumps are not enabled by default on client versions of Windows
#

---------------  S U M M A R Y ------------

Command Line: -XX:MaxMetaspaceSize=512m --add-opens=java.base/java.util=ALL-UNNAMED --add-opens=java.base/java.lang=ALL-UNNAMED --add-opens=java.base/java.lang.invoke=ALL-UNNAMED --add-opens=java.prefs/java.util.prefs=ALL-UNNAMED --add-exports=jdk.compiler/com.sun.tools.javac.api=ALL-UNNAMED --add-exports=jdk.compiler/com.sun.tools.javac.util=ALL-UNNAMED --add-opens=java.base/java.nio.charset=ALL-UNNAMED --add-opens=java.base/java.net=ALL-UNNAMED --add-opens=java.base/java.util.concurrent.atomic=ALL-UNNAMED -Xmx2048m -Dfile.encoding=utf8 -Duser.country=US -Duser.language=en -Duser.variant -javaagent:C:\Users\SYS0124-P001\.gradle\wrapper\dists\gradle-8.10.2-all\7iv73wktx1xtkvlq19urqw1wm\gradle-8.10.2\lib\agents\gradle-instrumentation-agent-8.10.2.jar org.gradle.launcher.daemon.bootstrap.GradleDaemon 8.10.2

Host: 11th Gen Intel(R) Core(TM) i7-1165G7 @ 2.80GHz, 8 cores, 7G,  Windows 11 , 64 bit Build 26100 (10.0.26100.2161)
Time: Thu Nov 21 12:06:33 2024 W. Central Africa Standard Time elapsed time: 175.184313 seconds (0d 0h 2m 55s)

---------------  T H R E A D  ---------------

Current thread (0x00000231aee47600):  VMThread "VM Thread" [stack: 0x000000443fd00000,0x000000443fe00000] [id=33376]

Stack: [0x000000443fd00000,0x000000443fe00000]
Native frames: (J=compiled Java code, j=interpreted, Vv=VM code, C=native code)
V  [jvm.dll+0x6ee21a]
V  [jvm.dll+0x85765e]
V  [jvm.dll+0x85904e]
V  [jvm.dll+0x859703]
V  [jvm.dll+0x28298f]
V  [jvm.dll+0x6eb009]
V  [jvm.dll+0x6dfbaa]
V  [jvm.dll+0x3573f6]
V  [jvm.dll+0x35ee56]
V  [jvm.dll+0x3b541e]
V  [jvm.dll+0x3b564f]
V  [jvm.dll+0x32c9ea]
V  [jvm.dll+0x32ca97]
V  [jvm.dll+0x374cd2]
V  [jvm.dll+0x37340f]
V  [jvm.dll+0x32c210]
V  [jvm.dll+0x3729ab]
V  [jvm.dll+0x85ebc3]
V  [jvm.dll+0x85f989]
V  [jvm.dll+0x85febd]
V  [jvm.dll+0x86034b]
V  [jvm.dll+0x860407]
V  [jvm.dll+0x80125a]
V  [jvm.dll+0x6ecf0b]
C  [ucrtbase.dll+0x14ea0]
C  [KERNEL32.DLL+0x2dbe7]
C  [ntdll.dll+0xdfbec]

VM_Operation (0x000000443f5fb0a0): G1CollectForAllocation, mode: safepoint, requested by thread 0x00000231b6de5520


---------------  P R O C E S S  ---------------

Threads class SMR info:
_java_thread_list=0x00000231b6cb0ac0, length=78, elements={
0x00000231900f2ad0, 0x00000231aee62790, 0x00000231aee662e0, 0x00000231aee6fda0,
0x00000231aee74890, 0x00000231aee76750, 0x00000231b34089d0, 0x00000231b3411ad0,
0x00000231b3418080, 0x00000231b342d100, 0x00000231b342abd0, 0x00000231b342c110,
0x00000231b342b670, 0x00000231b342c660, 0x00000231b342cbb0, 0x00000231b342dba0,
0x00000231b342a680, 0x00000231b342b120, 0x00000231b5124050, 0x00000231b51245a0,
0x00000231b5125040, 0x00000231b5122070, 0x00000231b5125ae0, 0x00000231b51235b0,
0x00000231b5123b00, 0x00000231b5126030, 0x00000231b51225c0, 0x00000231b5126580,
0x00000231b5122b10, 0x00000231b5129000, 0x00000231b5126ad0, 0x00000231b5129550,
0x00000231b5127020, 0x00000231b5127ac0, 0x00000231b5128010, 0x00000231b5128560,
0x00000231b3476af0, 0x00000231b34765a0, 0x00000231b3478580, 0x00000231b34755b0,
0x00000231b3475b00, 0x00000231b3477590, 0x00000231b3477ae0, 0x00000231b3476050,
0x00000231b347a560, 0x00000231b347aab0, 0x00000231b347b000, 0x00000231b347b550,
0x00000231b347bff0, 0x00000231b347c540, 0x00000231b347ca90, 0x00000231b3726610,
0x00000231b3725620, 0x00000231b37270b0, 0x00000231b3723b90, 0x00000231b3727600,
0x00000231b37240e0, 0x00000231b3724630, 0x00000231b3724b80, 0x00000231b3726b60,
0x00000231b3728b40, 0x00000231b37295e0, 0x00000231b3729090, 0x00000231b37285f0,
0x00000231b3725b70, 0x00000231b372ab20, 0x00000231b3729b30, 0x00000231b372a080,
0x00000231b372b070, 0x00000231b372a5d0, 0x00000231b372b5c0, 0x00000231b6de3540,
0x00000231b6de3a90, 0x00000231b6de5520, 0x00000231b6de4a80, 0x00000231b6de5a70,
0x00000231b6de4fd0, 0x00000231b6de3fe0
}

Java Threads: ( => current thread )
  0x00000231900f2ad0 JavaThread "main" [_thread_blocked, id=35584, stack(0x000000443f700000,0x000000443f800000)]
  0x00000231aee62790 JavaThread "Reference Handler" daemon [_thread_blocked, id=29140, stack(0x000000443fe00000,0x000000443ff00000)]
  0x00000231aee662e0 JavaThread "Finalizer" daemon [_thread_blocked, id=34980, stack(0x000000443ff00000,0x0000004440000000)]
  0x00000231aee6fda0 JavaThread "Signal Dispatcher" daemon [_thread_blocked, id=16668, stack(0x0000004440000000,0x0000004440100000)]
  0x00000231aee74890 JavaThread "Attach Listener" daemon [_thread_blocked, id=35012, stack(0x0000004440100000,0x0000004440200000)]
  0x00000231aee76750 JavaThread "Service Thread" daemon [_thread_blocked, id=35368, stack(0x0000004440200000,0x0000004440300000)]
  0x00000231b34089d0 JavaThread "Monitor Deflation Thread" daemon [_thread_blocked, id=30740, stack(0x0000004440300000,0x0000004440400000)]
  0x00000231b3411ad0 JavaThread "C2 CompilerThread0" daemon [_thread_blocked, id=24340, stack(0x0000004440400000,0x0000004440500000)]
  0x00000231b3418080 JavaThread "C1 CompilerThread0" daemon [_thread_blocked, id=6008, stack(0x0000004440500000,0x0000004440600000)]
  0x00000231b342d100 JavaThread "Sweeper thread" daemon [_thread_blocked, id=16868, stack(0x0000004440600000,0x0000004440700000)]
  0x00000231b342abd0 JavaThread "Common-Cleaner" daemon [_thread_blocked, id=35508, stack(0x0000004440700000,0x0000004440800000)]
  0x00000231b342c110 JavaThread "Notification Thread" daemon [_thread_blocked, id=33908, stack(0x0000004440800000,0x0000004440900000)]
  0x00000231b342b670 JavaThread "Daemon health stats" [_thread_blocked, id=11292, stack(0x0000004440f00000,0x0000004441000000)]
  0x00000231b342c660 JavaThread "Incoming local TCP Connector on port 59564" [_thread_in_native, id=25904, stack(0x0000004441000000,0x0000004441100000)]
  0x00000231b342cbb0 JavaThread "Daemon periodic checks" [_thread_blocked, id=19408, stack(0x0000004441100000,0x0000004441200000)]
  0x00000231b342dba0 JavaThread "Daemon" [_thread_blocked, id=27848, stack(0x0000004441200000,0x0000004441300000)]
  0x00000231b342a680 JavaThread "Handler for socket connection from /127.0.0.1:59564 to /127.0.0.1:59571" [_thread_in_native, id=27284, stack(0x0000004441300000,0x0000004441400000)]
  0x00000231b342b120 JavaThread "Cancel handler" [_thread_blocked, id=31104, stack(0x0000004441400000,0x0000004441500000)]
  0x00000231b5124050 JavaThread "Daemon worker" [_thread_blocked, id=30692, stack(0x0000004441500000,0x0000004441600000)]
  0x00000231b51245a0 JavaThread "Asynchronous log dispatcher for DefaultDaemonConnection: socket connection from /127.0.0.1:59564 to /127.0.0.1:59571" [_thread_blocked, id=27992, stack(0x0000004441600000,0x0000004441700000)]
  0x00000231b5125040 JavaThread "Stdin handler" [_thread_blocked, id=20088, stack(0x0000004441700000,0x0000004441800000)]
  0x00000231b5122070 JavaThread "Daemon client event forwarder" [_thread_blocked, id=22104, stack(0x0000004441800000,0x0000004441900000)]
  0x00000231b5125ae0 JavaThread "Cache worker for journal cache (C:\Users\SYS0124-P001\.gradle\caches\journal-1)" [_thread_blocked, id=21968, stack(0x0000004441900000,0x0000004441a00000)]
  0x00000231b51235b0 JavaThread "File lock request listener" [_thread_in_native, id=34988, stack(0x0000004441a00000,0x0000004441b00000)]
  0x00000231b5123b00 JavaThread "Cache worker for file hash cache (C:\Users\SYS0124-P001\.gradle\caches\8.10.2\fileHashes)" [_thread_blocked, id=22932, stack(0x0000004441b00000,0x0000004441c00000)]
  0x00000231b5126030 JavaThread "Cache worker for file hash cache (C:\Users\SYS0124-P001\react_test\TodoListApp\android\.gradle\8.10.2\fileHashes)" [_thread_blocked, id=27020, stack(0x0000004441e00000,0x0000004441f00000)]
  0x00000231b51225c0 JavaThread "Cache worker for Build Output Cleanup Cache (C:\Users\SYS0124-P001\react_test\TodoListApp\android\.gradle\buildOutputCleanup)" [_thread_blocked, id=7476, stack(0x0000004442000000,0x0000004442100000)]
  0x00000231b5126580 JavaThread "File watcher server" daemon [_thread_in_native, id=6148, stack(0x0000004442100000,0x0000004442200000)]
  0x00000231b5122b10 JavaThread "File watcher consumer" daemon [_thread_blocked, id=17360, stack(0x0000004442200000,0x0000004442300000)]
  0x00000231b5129000 JavaThread "jar transforms" [_thread_blocked, id=18472, stack(0x0000004442300000,0x0000004442400000)]
  0x00000231b5126ad0 JavaThread "jar transforms Thread 2" [_thread_blocked, id=31372, stack(0x0000004442400000,0x0000004442500000)]
  0x00000231b5129550 JavaThread "jar transforms Thread 3" [_thread_blocked, id=35172, stack(0x0000004442500000,0x0000004442600000)]
  0x00000231b5127020 JavaThread "Cache worker for checksums cache (C:\Users\SYS0124-P001\react_test\TodoListApp\android\.gradle\8.10.2\checksums)" [_thread_blocked, id=20548, stack(0x0000004442600000,0x0000004442700000)]
  0x00000231b5127ac0 JavaThread "Cache worker for file content cache (C:\Users\SYS0124-P001\.gradle\caches\8.10.2\fileContent)" [_thread_blocked, id=18288, stack(0x0000004442700000,0x0000004442800000)]
  0x00000231b5128010 JavaThread "Cache worker for cache directory md-rule (C:\Users\SYS0124-P001\.gradle\caches\8.10.2\md-rule)" [_thread_blocked, id=30432, stack(0x0000004442800000,0x0000004442900000)]
  0x00000231b5128560 JavaThread "Cache worker for cache directory md-supplier (C:\Users\SYS0124-P001\.gradle\caches\8.10.2\md-supplier)" [_thread_blocked, id=2868, stack(0x0000004442900000,0x0000004442a00000)]
  0x00000231b3476af0 JavaThread "jar transforms Thread 4" [_thread_blocked, id=35784, stack(0x0000004442a00000,0x0000004442b00000)]
  0x00000231b34765a0 JavaThread "jar transforms Thread 5" [_thread_blocked, id=31736, stack(0x0000004442b00000,0x0000004442c00000)]
  0x00000231b3478580 JavaThread "jar transforms Thread 6" [_thread_blocked, id=35272, stack(0x0000004442d00000,0x0000004442e00000)]
  0x00000231b34755b0 JavaThread "jar transforms Thread 7" [_thread_blocked, id=24740, stack(0x0000004442c00000,0x0000004442d00000)]
  0x00000231b3475b00 JavaThread "jar transforms Thread 8" [_thread_blocked, id=6500, stack(0x0000004442f00000,0x0000004443000000)]
  0x00000231b3477590 JavaThread "Cache worker for Build Output Cleanup Cache (C:\Users\SYS0124-P001\react_test\TodoListApp\node_modules\@react-native\gradle-plugin\.gradle\buildOutputCleanup)" [_thread_blocked, id=21460, stack(0x0000004442e00000,0x0000004442f00000)]
  0x00000231b3477ae0 JavaThread "Unconstrained build operations" [_thread_blocked, id=31320, stack(0x0000004443100000,0x0000004443200000)]
  0x00000231b3476050 JavaThread "Unconstrained build operations Thread 2" [_thread_blocked, id=19728, stack(0x0000004443200000,0x0000004443300000)]
  0x00000231b347a560 JavaThread "Unconstrained build operations Thread 3" [_thread_blocked, id=4092, stack(0x0000004443300000,0x0000004443400000)]
  0x00000231b347aab0 JavaThread "Unconstrained build operations Thread 4" [_thread_blocked, id=20732, stack(0x0000004443400000,0x0000004443500000)]
  0x00000231b347b000 JavaThread "Unconstrained build operations Thread 5" [_thread_blocked, id=4332, stack(0x0000004443500000,0x0000004443600000)]
  0x00000231b347b550 JavaThread "Unconstrained build operations Thread 6" [_thread_blocked, id=15872, stack(0x0000004443600000,0x0000004443700000)]
  0x00000231b347bff0 JavaThread "Unconstrained build operations Thread 7" [_thread_blocked, id=25756, stack(0x0000004443700000,0x0000004443800000)]
  0x00000231b347c540 JavaThread "Unconstrained build operations Thread 8" [_thread_blocked, id=35660, stack(0x0000004443800000,0x0000004443900000)]
  0x00000231b347ca90 JavaThread "Unconstrained build operations Thread 9" [_thread_blocked, id=33436, stack(0x0000004443900000,0x0000004443a00000)]
  0x00000231b3726610 JavaThread "Unconstrained build operations Thread 10" [_thread_blocked, id=25088, stack(0x0000004443a00000,0x0000004443b00000)]
  0x00000231b3725620 JavaThread "Unconstrained build operations Thread 11" [_thread_blocked, id=33604, stack(0x0000004443b00000,0x0000004443c00000)]
  0x00000231b37270b0 JavaThread "Unconstrained build operations Thread 12" [_thread_blocked, id=20632, stack(0x0000004443c00000,0x0000004443d00000)]
  0x00000231b3723b90 JavaThread "Unconstrained build operations Thread 13" [_thread_blocked, id=9928, stack(0x0000004443d00000,0x0000004443e00000)]
  0x00000231b3727600 JavaThread "Unconstrained build operations Thread 14" [_thread_blocked, id=6120, stack(0x0000004443000000,0x0000004443100000)]
  0x00000231b37240e0 JavaThread "Unconstrained build operations Thread 15" [_thread_blocked, id=6836, stack(0x0000004443e00000,0x0000004443f00000)]
  0x00000231b3724630 JavaThread "Unconstrained build operations Thread 16" [_thread_blocked, id=22132, stack(0x0000004444000000,0x0000004444100000)]
  0x00000231b3724b80 JavaThread "Unconstrained build operations Thread 17" [_thread_blocked, id=30032, stack(0x0000004444100000,0x0000004444200000)]
  0x00000231b3726b60 JavaThread "Unconstrained build operations Thread 18" [_thread_blocked, id=8388, stack(0x0000004444200000,0x0000004444300000)]
  0x00000231b3728b40 JavaThread "Unconstrained build operations Thread 19" [_thread_blocked, id=16192, stack(0x0000004444300000,0x0000004444400000)]
  0x00000231b37295e0 JavaThread "Unconstrained build operations Thread 20" [_thread_blocked, id=9088, stack(0x0000004444400000,0x0000004444500000)]
  0x00000231b3729090 JavaThread "Unconstrained build operations Thread 21" [_thread_blocked, id=35460, stack(0x0000004444500000,0x0000004444600000)]
  0x00000231b37285f0 JavaThread "Unconstrained build operations Thread 22" [_thread_blocked, id=34220, stack(0x0000004444600000,0x0000004444700000)]
  0x00000231b3725b70 JavaThread "Unconstrained build operations Thread 23" [_thread_blocked, id=18996, stack(0x0000004444700000,0x0000004444800000)]
  0x00000231b372ab20 JavaThread "Unconstrained build operations Thread 24" [_thread_blocked, id=29716, stack(0x0000004444800000,0x0000004444900000)]
  0x00000231b3729b30 JavaThread "Unconstrained build operations Thread 25" [_thread_blocked, id=29104, stack(0x0000004444900000,0x0000004444a00000)]
  0x00000231b372a080 JavaThread "Unconstrained build operations Thread 26" [_thread_blocked, id=34464, stack(0x0000004444a00000,0x0000004444b00000)]
  0x00000231b372b070 JavaThread "Unconstrained build operations Thread 27" [_thread_blocked, id=33352, stack(0x0000004444b00000,0x0000004444c00000)]
  0x00000231b372a5d0 JavaThread "Unconstrained build operations Thread 28" [_thread_blocked, id=21692, stack(0x0000004444c00000,0x0000004444d00000)]
  0x00000231b372b5c0 JavaThread "Unconstrained build operations Thread 29" [_thread_blocked, id=32472, stack(0x0000004444d00000,0x0000004444e00000)]
  0x00000231b6de3540 JavaThread "Unconstrained build operations Thread 30" [_thread_blocked, id=3004, stack(0x000000443f300000,0x000000443f400000)]
  0x00000231b6de3a90 JavaThread "Unconstrained build operations Thread 31" [_thread_blocked, id=24496, stack(0x000000443f400000,0x000000443f500000)]
  0x00000231b6de5520 JavaThread "Unconstrained build operations Thread 32" [_thread_blocked, id=22600, stack(0x000000443f500000,0x000000443f600000)]
  0x00000231b6de4a80 JavaThread "Unconstrained build operations Thread 33" [_thread_blocked, id=25488, stack(0x0000004444e00000,0x0000004444f00000)]
  0x00000231b6de5a70 JavaThread "Unconstrained build operations Thread 34" [_thread_blocked, id=13372, stack(0x0000004444f00000,0x0000004445000000)]
  0x00000231b6de4fd0 JavaThread "Unconstrained build operations Thread 35" [_thread_blocked, id=14268, stack(0x0000004445000000,0x0000004445100000)]
  0x00000231b6de3fe0 JavaThread "Unconstrained build operations Thread 36" [_thread_blocked, id=29976, stack(0x0000004445100000,0x0000004445200000)]

Other Threads:
=>0x00000231aee47600 VMThread "VM Thread" [stack: 0x000000443fd00000,0x000000443fe00000] [id=33376]
  0x00000231b370f970 WatcherThread "VM Periodic Task Thread" [stack: 0x0000004440900000,0x0000004440a00000] [id=35728]
  0x0000023190155770 WorkerThread "GC Thread#0" [stack: 0x000000443f800000,0x000000443f900000] [id=19572]
  0x00000231b3915600 WorkerThread "GC Thread#1" [stack: 0x0000004440a00000,0x0000004440b00000] [id=22616]
  0x00000231b39c6e10 WorkerThread "GC Thread#2" [stack: 0x0000004440b00000,0x0000004440c00000] [id=23924]
  0x00000231b3ffbaf0 WorkerThread "GC Thread#3" [stack: 0x0000004440c00000,0x0000004440d00000] [id=16360]
  0x00000231b3ffbdc0 WorkerThread "GC Thread#4" [stack: 0x0000004440d00000,0x0000004440e00000] [id=10132]
  0x00000231b3ffc900 WorkerThread "GC Thread#5" [stack: 0x0000004440e00000,0x0000004440f00000] [id=28748]
  0x00000231b52e49e0 WorkerThread "GC Thread#6" [stack: 0x0000004441c00000,0x0000004441d00000] [id=29376]
  0x00000231b52e2550 WorkerThread "GC Thread#7" [stack: 0x0000004441d00000,0x0000004441e00000] [id=14564]
  0x0000023190166a30 ConcurrentGCThread "G1 Main Marker" [stack: 0x000000443f900000,0x000000443fa00000] [id=20680]
  0x0000023190167ee0 WorkerThread "G1 Conc#0" [stack: 0x000000443fa00000,0x000000443fb00000] [id=18736]
  0x00000231b52e2820 WorkerThread "G1 Conc#1" [stack: 0x0000004441f00000,0x0000004442000000] [id=21792]
  0x00000231aecfe190 ConcurrentGCThread "G1 Refine#0" [stack: 0x000000443fb00000,0x000000443fc00000] [id=29072]
  0x00000231aed00390 ConcurrentGCThread "G1 Service" [stack: 0x000000443fc00000,0x000000443fd00000] [id=28616]

Threads with active compile tasks:

VM state: at safepoint (normal execution)

VM Mutex/Monitor currently owned by a thread:  ([mutex/lock_event])
[0x00000231900eee50] Threads_lock - owner thread: 0x00000231aee47600
[0x00000231900ef120] Heap_lock - owner thread: 0x00000231b6de5520

Heap address: 0x0000000080000000, size: 2048 MB, Compressed Oops mode: 32-bit

CDS archive(s) mapped at: [0x0000000800000000-0x0000000800c40000-0x0000000800c40000), size 12845056, SharedBaseAddress: 0x0000000800000000, ArchiveRelocationMode: 0.
Compressed class space mapped at: 0x0000000801000000-0x000000081ac00000, reserved size: 432013312
Narrow klass base: 0x0000000800000000, Narrow klass shift: 0, Narrow klass range: 0x100000000

GC Precious Log:
 CardTable entry size: 512
 Card Set container configuration: InlinePtr #cards 5 size 8 Array Of Cards #cards 12 size 40 Howl #buckets 4 coarsen threshold 1843 Howl Bitmap #cards 512 size 80 coarsen threshold 460 Card regions per heap region 1 cards per card region 2048
 CPUs: 8 total, 8 available
 Memory: 7834M
 Large Page Support: Disabled
 NUMA Support: Disabled
 Compressed Oops: Enabled (32-bit)
 Heap Region Size: 1M
 Heap Min Capacity: 8M
 Heap Initial Capacity: 124M
 Heap Max Capacity: 2G
 Pre-touch: Disabled
 Parallel Workers: 8
 Concurrent Workers: 2
 Concurrent Refinement Workers: 8
 Periodic GC: Disabled

Heap:
 garbage-first heap   total 156672K, used 67511K [0x0000000080000000, 0x0000000100000000)
  region size 1024K, 7 young (7168K), 7 survivors (7168K)
 Metaspace       used 68812K, committed 70656K, reserved 487424K
  class space    used 9442K, committed 10432K, reserved 421888K

Heap Regions: E=young(eden), S=young(survivor), O=old, HS=humongous(starts), HC=humongous(continues), CS=collection set, F=free, OA=open archive, CA=closed archive, TAMS=top-at-mark-start (previous, next)
|   0|0x0000000080000000, 0x0000000080100000, 0x0000000080100000|100%| O|  |TAMS 0x0000000080100000, 0x0000000080100000| Untracked 
|   1|0x0000000080100000, 0x0000000080200000, 0x0000000080200000|100%| O|  |TAMS 0x0000000080200000, 0x0000000080200000| Untracked 
|   2|0x0000000080200000, 0x0000000080300000, 0x0000000080300000|100%|HS|  |TAMS 0x0000000080300000, 0x0000000080300000| Complete 
|   3|0x0000000080300000, 0x0000000080400000, 0x0000000080400000|100%|HC|  |TAMS 0x0000000080400000, 0x0000000080400000| Complete 
|   4|0x0000000080400000, 0x0000000080500000, 0x0000000080500000|100%|HC|  |TAMS 0x0000000080500000, 0x0000000080500000| Complete 
|   5|0x0000000080500000, 0x0000000080600000, 0x0000000080600000|100%|HC|  |TAMS 0x0000000080600000, 0x0000000080600000| Complete 
|   6|0x0000000080600000, 0x0000000080700000, 0x0000000080700000|100%| O|  |TAMS 0x0000000080700000, 0x0000000080700000| Untracked 
|   7|0x0000000080700000, 0x0000000080800000, 0x0000000080800000|100%| O|  |TAMS 0x0000000080700000, 0x0000000080800000| Untracked 
|   8|0x0000000080800000, 0x0000000080900000, 0x0000000080900000|100%| O|  |TAMS 0x0000000080900000, 0x0000000080900000| Untracked 
|   9|0x0000000080900000, 0x0000000080a00000, 0x0000000080a00000|100%|HS|  |TAMS 0x0000000080a00000, 0x0000000080a00000| Complete 
|  10|0x0000000080a00000, 0x0000000080b00000, 0x0000000080b00000|100%| O|  |TAMS 0x0000000080b00000, 0x0000000080b00000| Untracked 
|  11|0x0000000080b00000, 0x0000000080c00000, 0x0000000080c00000|100%| O|  |TAMS 0x0000000080c00000, 0x0000000080c00000| Untracked 
|  12|0x0000000080c00000, 0x0000000080d00000, 0x0000000080d00000|100%| O|  |TAMS 0x0000000080d00000, 0x0000000080d00000| Untracked 
|  13|0x0000000080d00000, 0x0000000080e00000, 0x0000000080e00000|100%| O|  |TAMS 0x0000000080e00000, 0x0000000080e00000| Untracked 
|  14|0x0000000080e00000, 0x0000000080f00000, 0x0000000080f00000|100%| O|  |TAMS 0x0000000080f00000, 0x0000000080f00000| Untracked 
|  15|0x0000000080f00000, 0x0000000081000000, 0x0000000081000000|100%| O|  |TAMS 0x0000000081000000, 0x0000000081000000| Untracked 
|  16|0x0000000081000000, 0x0000000081100000, 0x0000000081100000|100%| O|  |TAMS 0x0000000081100000, 0x0000000081100000| Untracked 
|  17|0x0000000081100000, 0x0000000081200000, 0x0000000081200000|100%| O|  |TAMS 0x0000000081200000, 0x0000000081200000| Untracked 
|  18|0x0000000081200000, 0x0000000081300000, 0x0000000081300000|100%| O|  |TAMS 0x0000000081300000, 0x0000000081300000| Untracked 
|  19|0x0000000081300000, 0x0000000081400000, 0x0000000081400000|100%| O|  |TAMS 0x0000000081400000, 0x0000000081400000| Untracked 
|  20|0x0000000081400000, 0x0000000081500000, 0x0000000081500000|100%| O|  |TAMS 0x0000000081500000, 0x0000000081500000| Untracked 
|  21|0x0000000081500000, 0x0000000081600000, 0x0000000081600000|100%| O|  |TAMS 0x0000000081600000, 0x0000000081600000| Untracked 
|  22|0x0000000081600000, 0x00000000816f2600, 0x0000000081700000| 94%| O|  |TAMS 0x00000000816f2600, 0x00000000816f2600| Untracked 
|  23|0x0000000081700000, 0x0000000081800000, 0x0000000081800000|100%| O|  |TAMS 0x0000000081800000, 0x0000000081800000| Untracked 
|  24|0x0000000081800000, 0x0000000081900000, 0x0000000081900000|100%| O|  |TAMS 0x0000000081900000, 0x0000000081900000| Untracked 
|  25|0x0000000081900000, 0x0000000081a00000, 0x0000000081a00000|100%| O|  |TAMS 0x0000000081a00000, 0x0000000081a00000| Untracked 
|  26|0x0000000081a00000, 0x0000000081b00000, 0x0000000081b00000|100%| O|  |TAMS 0x0000000081b00000, 0x0000000081b00000| Untracked 
|  27|0x0000000081b00000, 0x0000000081c00000, 0x0000000081c00000|100%| O|  |TAMS 0x0000000081c00000, 0x0000000081c00000| Untracked 
|  28|0x0000000081c00000, 0x0000000081d00000, 0x0000000081d00000|100%| O|  |TAMS 0x0000000081d00000, 0x0000000081d00000| Untracked 
|  29|0x0000000081d00000, 0x0000000081e00000, 0x0000000081e00000|100%| O|  |TAMS 0x0000000081d00000, 0x0000000081d00000| Untracked 
|  30|0x0000000081e00000, 0x0000000081f00000, 0x0000000081f00000|100%| O|  |TAMS 0x0000000081f00000, 0x0000000081f00000| Untracked 
|  31|0x0000000081f00000, 0x0000000082000000, 0x0000000082000000|100%| O|  |TAMS 0x0000000082000000, 0x0000000082000000| Untracked 
|  32|0x0000000082000000, 0x0000000082100000, 0x0000000082100000|100%| O|  |TAMS 0x0000000082100000, 0x0000000082100000| Untracked 
|  33|0x0000000082100000, 0x0000000082200000, 0x0000000082200000|100%| O|  |TAMS 0x0000000082200000, 0x0000000082200000| Untracked 
|  34|0x0000000082200000, 0x0000000082300000, 0x0000000082300000|100%| O|  |TAMS 0x00000000822b4c00, 0x0000000082300000| Untracked 
|  35|0x0000000082300000, 0x0000000082400000, 0x0000000082400000|100%| O|  |TAMS 0x0000000082400000, 0x0000000082400000| Untracked 
|  36|0x0000000082400000, 0x0000000082500000, 0x0000000082500000|100%| O|  |TAMS 0x0000000082400000, 0x0000000082500000| Untracked 
|  37|0x0000000082500000, 0x0000000082600000, 0x0000000082600000|100%| O|  |TAMS 0x0000000082500000, 0x0000000082600000| Untracked 
|  38|0x0000000082600000, 0x0000000082700000, 0x0000000082700000|100%| O|  |TAMS 0x0000000082600000, 0x0000000082700000| Untracked 
|  39|0x0000000082700000, 0x0000000082800000, 0x0000000082800000|100%| O|  |TAMS 0x0000000082700000, 0x0000000082800000| Untracked 
|  40|0x0000000082800000, 0x0000000082900000, 0x0000000082900000|100%| O|  |TAMS 0x0000000082800000, 0x0000000082900000| Untracked 
|  41|0x0000000082900000, 0x0000000082a00000, 0x0000000082a00000|100%| O|  |TAMS 0x0000000082900000, 0x0000000082a00000| Untracked 
|  42|0x0000000082a00000, 0x0000000082b00000, 0x0000000082b00000|100%| O|  |TAMS 0x0000000082a00000, 0x0000000082b00000| Untracked 
|  43|0x0000000082b00000, 0x0000000082c00000, 0x0000000082c00000|100%| O|  |TAMS 0x0000000082b00000, 0x0000000082c00000| Untracked 
|  44|0x0000000082c00000, 0x0000000082d00000, 0x0000000082d00000|100%| O|  |TAMS 0x0000000082c00000, 0x0000000082d00000| Untracked 
|  45|0x0000000082d00000, 0x0000000082e00000, 0x0000000082e00000|100%| O|  |TAMS 0x0000000082d00000, 0x0000000082e00000| Untracked 
|  46|0x0000000082e00000, 0x0000000082f00000, 0x0000000082f00000|100%| O|  |TAMS 0x0000000082e00000, 0x0000000082f00000| Untracked 
|  47|0x0000000082f00000, 0x0000000083000000, 0x0000000083000000|100%| O|  |TAMS 0x0000000082f00000, 0x0000000083000000| Untracked 
|  48|0x0000000083000000, 0x0000000083100000, 0x0000000083100000|100%| O|  |TAMS 0x0000000083000000, 0x0000000083100000| Untracked 
|  49|0x0000000083100000, 0x0000000083200000, 0x0000000083200000|100%| O|  |TAMS 0x0000000083100000, 0x0000000083200000| Untracked 
|  50|0x0000000083200000, 0x0000000083300000, 0x0000000083300000|100%| O|  |TAMS 0x0000000083200000, 0x000000008325ac00| Untracked 
|  51|0x0000000083300000, 0x0000000083400000, 0x0000000083400000|100%|HS|  |TAMS 0x0000000083300000, 0x0000000083400000| Complete 
|  52|0x0000000083400000, 0x0000000083500000, 0x0000000083500000|100%|HC|  |TAMS 0x0000000083400000, 0x0000000083500000| Complete 
|  53|0x0000000083500000, 0x0000000083600000, 0x0000000083600000|100%|HS|  |TAMS 0x0000000083500000, 0x0000000083600000| Complete 
|  54|0x0000000083600000, 0x0000000083700000, 0x0000000083700000|100%|HC|  |TAMS 0x0000000083600000, 0x0000000083700000| Complete 
|  55|0x0000000083700000, 0x0000000083800000, 0x0000000083800000|100%|HC|  |TAMS 0x0000000083700000, 0x0000000083800000| Complete 
|  56|0x0000000083800000, 0x0000000083900000, 0x0000000083900000|100%|HC|  |TAMS 0x0000000083800000, 0x0000000083900000| Complete 
|  57|0x0000000083900000, 0x0000000083a00000, 0x0000000083a00000|100%| O|  |TAMS 0x0000000083900000, 0x0000000083900000| Untracked 
|  58|0x0000000083a00000, 0x0000000083b00000, 0x0000000083b00000|100%| O|  |TAMS 0x0000000083a00000, 0x0000000083a00000| Untracked 
|  59|0x0000000083b00000, 0x0000000083b95e00, 0x0000000083c00000| 58%| O|  |TAMS 0x0000000083b00000, 0x0000000083b00000| Untracked 
|  60|0x0000000083c00000, 0x0000000083c00000, 0x0000000083d00000|  0%| F|  |TAMS 0x0000000083c00000, 0x0000000083c00000| Untracked 
|  61|0x0000000083d00000, 0x0000000083d00000, 0x0000000083e00000|  0%| F|  |TAMS 0x0000000083d00000, 0x0000000083d00000| Untracked 
|  62|0x0000000083e00000, 0x0000000083e00000, 0x0000000083f00000|  0%| F|  |TAMS 0x0000000083e00000, 0x0000000083e00000| Untracked 
|  63|0x0000000083f00000, 0x0000000083f00000, 0x0000000084000000|  0%| F|  |TAMS 0x0000000083f00000, 0x0000000083f00000| Untracked 
|  64|0x0000000084000000, 0x0000000084000000, 0x0000000084100000|  0%| F|  |TAMS 0x0000000084000000, 0x0000000084000000| Untracked 
|  65|0x0000000084100000, 0x0000000084100000, 0x0000000084200000|  0%| F|  |TAMS 0x0000000084100000, 0x0000000084100000| Untracked 
|  66|0x0000000084200000, 0x0000000084200000, 0x0000000084300000|  0%| F|  |TAMS 0x0000000084200000, 0x0000000084200000| Untracked 
|  67|0x0000000084300000, 0x0000000084300000, 0x0000000084400000|  0%| F|  |TAMS 0x0000000084300000, 0x0000000084300000| Untracked 
|  68|0x0000000084400000, 0x0000000084400000, 0x0000000084500000|  0%| F|  |TAMS 0x0000000084400000, 0x0000000084400000| Untracked 
|  69|0x0000000084500000, 0x0000000084500000, 0x0000000084600000|  0%| F|  |TAMS 0x0000000084500000, 0x0000000084500000| Untracked 
|  70|0x0000000084600000, 0x0000000084600000, 0x0000000084700000|  0%| F|  |TAMS 0x0000000084600000, 0x0000000084600000| Untracked 
|  71|0x0000000084700000, 0x0000000084700000, 0x0000000084800000|  0%| F|  |TAMS 0x0000000084700000, 0x0000000084700000| Untracked 
|  72|0x0000000084800000, 0x0000000084800000, 0x0000000084900000|  0%| F|  |TAMS 0x0000000084800000, 0x0000000084800000| Untracked 
|  73|0x0000000084900000, 0x0000000084900000, 0x0000000084a00000|  0%| F|  |TAMS 0x0000000084900000, 0x0000000084900000| Untracked 
|  74|0x0000000084a00000, 0x0000000084a00000, 0x0000000084b00000|  0%| F|  |TAMS 0x0000000084a00000, 0x0000000084a00000| Untracked 
|  75|0x0000000084b00000, 0x0000000084b00000, 0x0000000084c00000|  0%| F|  |TAMS 0x0000000084b00000, 0x0000000084b00000| Untracked 
|  76|0x0000000084c00000, 0x0000000084c65958, 0x0000000084d00000| 39%| S|CS|TAMS 0x0000000084c00000, 0x0000000084c00000| Complete 
|  77|0x0000000084d00000, 0x0000000084d00000, 0x0000000084e00000|  0%| F|  |TAMS 0x0000000084d00000, 0x0000000084d00000| Untracked 
|  78|0x0000000084e00000, 0x0000000084e00000, 0x0000000084f00000|  0%| F|  |TAMS 0x0000000084e00000, 0x0000000084e00000| Untracked 
|  79|0x0000000084f00000, 0x0000000085000000, 0x0000000085000000|100%| S|CS|TAMS 0x0000000084f00000, 0x0000000084f00000| Complete 
|  80|0x0000000085000000, 0x0000000085100000, 0x0000000085100000|100%| S|CS|TAMS 0x0000000085000000, 0x0000000085000000| Complete 
|  81|0x0000000085100000, 0x0000000085200000, 0x0000000085200000|100%| S|CS|TAMS 0x0000000085100000, 0x0000000085100000| Complete 
|  82|0x0000000085200000, 0x0000000085200000, 0x0000000085300000|  0%| F|  |TAMS 0x0000000085200000, 0x0000000085200000| Untracked 
|  83|0x0000000085300000, 0x0000000085300000, 0x0000000085400000|  0%| F|  |TAMS 0x0000000085300000, 0x0000000085300000| Untracked 
|  84|0x0000000085400000, 0x0000000085400000, 0x0000000085500000|  0%| F|  |TAMS 0x0000000085400000, 0x0000000085400000| Untracked 
|  85|0x0000000085500000, 0x0000000085500000, 0x0000000085600000|  0%| F|  |TAMS 0x0000000085500000, 0x0000000085500000| Untracked 
|  86|0x0000000085600000, 0x0000000085600000, 0x0000000085700000|  0%| F|  |TAMS 0x0000000085600000, 0x0000000085600000| Untracked 
|  87|0x0000000085700000, 0x0000000085800000, 0x0000000085800000|100%| S|CS|TAMS 0x0000000085700000, 0x0000000085700000| Complete 
|  88|0x0000000085800000, 0x0000000085900000, 0x0000000085900000|100%| S|CS|TAMS 0x0000000085800000, 0x0000000085800000| Complete 
|  89|0x0000000085900000, 0x0000000085a00000, 0x0000000085a00000|100%| S|CS|TAMS 0x0000000085900000, 0x0000000085900000| Complete 
|  90|0x0000000085a00000, 0x0000000085a00000, 0x0000000085b00000|  0%| F|  |TAMS 0x0000000085a00000, 0x0000000085a00000| Untracked 
|  91|0x0000000085b00000, 0x0000000085b00000, 0x0000000085c00000|  0%| F|  |TAMS 0x0000000085b00000, 0x0000000085b00000| Untracked 
|  92|0x0000000085c00000, 0x0000000085c00000, 0x0000000085d00000|  0%| F|  |TAMS 0x0000000085c00000, 0x0000000085c00000| Untracked 
|  93|0x0000000085d00000, 0x0000000085d00000, 0x0000000085e00000|  0%| F|  |TAMS 0x0000000085d00000, 0x0000000085d00000| Untracked 
|  94|0x0000000085e00000, 0x0000000085e00000, 0x0000000085f00000|  0%| F|  |TAMS 0x0000000085e00000, 0x0000000085e00000| Untracked 
|  95|0x0000000085f00000, 0x0000000085f00000, 0x0000000086000000|  0%| F|  |TAMS 0x0000000085f00000, 0x0000000085f00000| Untracked 
|  96|0x0000000086000000, 0x0000000086000000, 0x0000000086100000|  0%| F|  |TAMS 0x0000000086000000, 0x0000000086000000| Untracked 
|  97|0x0000000086100000, 0x0000000086100000, 0x0000000086200000|  0%| F|  |TAMS 0x0000000086100000, 0x0000000086100000| Untracked 
|  98|0x0000000086200000, 0x0000000086200000, 0x0000000086300000|  0%| F|  |TAMS 0x0000000086200000, 0x0000000086200000| Untracked 
|  99|0x0000000086300000, 0x0000000086300000, 0x0000000086400000|  0%| F|  |TAMS 0x0000000086300000, 0x0000000086300000| Untracked 
| 100|0x0000000086400000, 0x0000000086400000, 0x0000000086500000|  0%| F|  |TAMS 0x0000000086400000, 0x0000000086400000| Untracked 
| 101|0x0000000086500000, 0x0000000086500000, 0x0000000086600000|  0%| F|  |TAMS 0x0000000086500000, 0x0000000086500000| Untracked 
| 102|0x0000000086600000, 0x0000000086600000, 0x0000000086700000|  0%| F|  |TAMS 0x0000000086600000, 0x0000000086600000| Untracked 
| 103|0x0000000086700000, 0x0000000086700000, 0x0000000086800000|  0%| F|  |TAMS 0x0000000086700000, 0x0000000086700000| Untracked 
| 104|0x0000000086800000, 0x0000000086800000, 0x0000000086900000|  0%| F|  |TAMS 0x0000000086800000, 0x0000000086800000| Untracked 
| 105|0x0000000086900000, 0x0000000086900000, 0x0000000086a00000|  0%| F|  |TAMS 0x0000000086900000, 0x0000000086900000| Untracked 
| 106|0x0000000086a00000, 0x0000000086a00000, 0x0000000086b00000|  0%| F|  |TAMS 0x0000000086a00000, 0x0000000086a00000| Untracked 
| 107|0x0000000086b00000, 0x0000000086b00000, 0x0000000086c00000|  0%| F|  |TAMS 0x0000000086b00000, 0x0000000086b00000| Untracked 
| 108|0x0000000086c00000, 0x0000000086c00000, 0x0000000086d00000|  0%| F|  |TAMS 0x0000000086c00000, 0x0000000086c00000| Untracked 
| 109|0x0000000086d00000, 0x0000000086d00000, 0x0000000086e00000|  0%| F|  |TAMS 0x0000000086d00000, 0x0000000086d00000| Untracked 
| 110|0x0000000086e00000, 0x0000000086e00000, 0x0000000086f00000|  0%| F|  |TAMS 0x0000000086e00000, 0x0000000086e00000| Untracked 
| 111|0x0000000086f00000, 0x0000000086f00000, 0x0000000087000000|  0%| F|  |TAMS 0x0000000086f00000, 0x0000000086f00000| Untracked 
| 112|0x0000000087000000, 0x0000000087000000, 0x0000000087100000|  0%| F|  |TAMS 0x0000000087000000, 0x0000000087000000| Untracked 
| 113|0x0000000087100000, 0x0000000087100000, 0x0000000087200000|  0%| F|  |TAMS 0x0000000087100000, 0x0000000087100000| Untracked 
| 114|0x0000000087200000, 0x0000000087200000, 0x0000000087300000|  0%| F|  |TAMS 0x0000000087200000, 0x0000000087200000| Untracked 
| 115|0x0000000087300000, 0x0000000087300000, 0x0000000087400000|  0%| F|  |TAMS 0x0000000087300000, 0x0000000087300000| Untracked 
| 116|0x0000000087400000, 0x0000000087400000, 0x0000000087500000|  0%| F|  |TAMS 0x0000000087400000, 0x0000000087400000| Untracked 
| 117|0x0000000087500000, 0x0000000087500000, 0x0000000087600000|  0%| F|  |TAMS 0x0000000087500000, 0x0000000087500000| Untracked 
| 118|0x0000000087600000, 0x0000000087600000, 0x0000000087700000|  0%| F|  |TAMS 0x0000000087600000, 0x0000000087600000| Untracked 
| 119|0x0000000087700000, 0x0000000087700000, 0x0000000087800000|  0%| F|  |TAMS 0x0000000087700000, 0x0000000087700000| Untracked 
| 120|0x0000000087800000, 0x0000000087800000, 0x0000000087900000|  0%| F|  |TAMS 0x0000000087800000, 0x0000000087800000| Untracked 
| 121|0x0000000087900000, 0x0000000087900000, 0x0000000087a00000|  0%| F|  |TAMS 0x0000000087900000, 0x0000000087900000| Untracked 
| 122|0x0000000087a00000, 0x0000000087a00000, 0x0000000087b00000|  0%| F|  |TAMS 0x0000000087a00000, 0x0000000087a00000| Untracked 
| 123|0x0000000087b00000, 0x0000000087b00000, 0x0000000087c00000|  0%| F|  |TAMS 0x0000000087b00000, 0x0000000087b00000| Untracked 
| 124|0x0000000087c00000, 0x0000000087c00000, 0x0000000087d00000|  0%| F|  |TAMS 0x0000000087c00000, 0x0000000087c00000| Untracked 
| 125|0x0000000087d00000, 0x0000000087d00000, 0x0000000087e00000|  0%| F|  |TAMS 0x0000000087d00000, 0x0000000087d00000| Untracked 
| 126|0x0000000087e00000, 0x0000000087e00000, 0x0000000087f00000|  0%| F|  |TAMS 0x0000000087e00000, 0x0000000087e00000| Untracked 
| 127|0x0000000087f00000, 0x0000000087f00000, 0x0000000088000000|  0%| F|  |TAMS 0x0000000087f00000, 0x0000000087f00000| Untracked 
| 128|0x0000000088000000, 0x0000000088000000, 0x0000000088100000|  0%| F|  |TAMS 0x0000000088000000, 0x0000000088000000| Untracked 
| 129|0x0000000088100000, 0x0000000088100000, 0x0000000088200000|  0%| F|  |TAMS 0x0000000088100000, 0x0000000088100000| Untracked 
| 130|0x0000000088200000, 0x0000000088200000, 0x0000000088300000|  0%| F|  |TAMS 0x0000000088200000, 0x0000000088200000| Untracked 
| 131|0x0000000088300000, 0x0000000088300000, 0x0000000088400000|  0%| F|  |TAMS 0x0000000088300000, 0x0000000088300000| Untracked 
| 132|0x0000000088400000, 0x0000000088400000, 0x0000000088500000|  0%| F|  |TAMS 0x0000000088400000, 0x0000000088400000| Untracked 
| 133|0x0000000088500000, 0x0000000088500000, 0x0000000088600000|  0%| F|  |TAMS 0x0000000088500000, 0x0000000088500000| Untracked 
| 134|0x0000000088600000, 0x0000000088600000, 0x0000000088700000|  0%| F|  |TAMS 0x0000000088600000, 0x0000000088600000| Untracked 
| 135|0x0000000088700000, 0x0000000088700000, 0x0000000088800000|  0%| F|  |TAMS 0x0000000088700000, 0x0000000088700000| Untracked 
| 136|0x0000000088800000, 0x0000000088800000, 0x0000000088900000|  0%| F|  |TAMS 0x0000000088800000, 0x0000000088800000| Untracked 
| 137|0x0000000088900000, 0x0000000088900000, 0x0000000088a00000|  0%| F|  |TAMS 0x0000000088900000, 0x0000000088900000| Untracked 
| 138|0x0000000088a00000, 0x0000000088a00000, 0x0000000088b00000|  0%| F|  |TAMS 0x0000000088a00000, 0x0000000088a00000| Untracked 
| 139|0x0000000088b00000, 0x0000000088b00000, 0x0000000088c00000|  0%| F|  |TAMS 0x0000000088b00000, 0x0000000088b00000| Untracked 
| 140|0x0000000088c00000, 0x0000000088c00000, 0x0000000088d00000|  0%| F|  |TAMS 0x0000000088c00000, 0x0000000088c00000| Untracked 
| 141|0x0000000088d00000, 0x0000000088d00000, 0x0000000088e00000|  0%| F|  |TAMS 0x0000000088d00000, 0x0000000088d00000| Untracked 
| 142|0x0000000088e00000, 0x0000000088e00000, 0x0000000088f00000|  0%| F|  |TAMS 0x0000000088e00000, 0x0000000088e00000| Untracked 
| 143|0x0000000088f00000, 0x0000000088f00000, 0x0000000089000000|  0%| F|  |TAMS 0x0000000088f00000, 0x0000000088f00000| Untracked 
| 144|0x0000000089000000, 0x0000000089000000, 0x0000000089100000|  0%| F|  |TAMS 0x0000000089000000, 0x0000000089000000| Untracked 
| 145|0x0000000089100000, 0x0000000089100000, 0x0000000089200000|  0%| F|  |TAMS 0x0000000089100000, 0x0000000089100000| Untracked 
| 146|0x0000000089200000, 0x0000000089200000, 0x0000000089300000|  0%| F|  |TAMS 0x0000000089200000, 0x0000000089200000| Untracked 
| 147|0x0000000089300000, 0x0000000089300000, 0x0000000089400000|  0%| F|  |TAMS 0x0000000089300000, 0x0000000089300000| Untracked 
| 148|0x0000000089400000, 0x0000000089400000, 0x0000000089500000|  0%| F|  |TAMS 0x0000000089400000, 0x0000000089400000| Untracked 
| 149|0x0000000089500000, 0x0000000089500000, 0x0000000089600000|  0%| F|  |TAMS 0x0000000089500000, 0x0000000089500000| Untracked 
| 150|0x0000000089600000, 0x0000000089600000, 0x0000000089700000|  0%| F|  |TAMS 0x0000000089600000, 0x0000000089600000| Untracked 
| 151|0x0000000089700000, 0x0000000089700000, 0x0000000089800000|  0%| F|  |TAMS 0x0000000089700000, 0x0000000089700000| Untracked 
| 152|0x0000000089800000, 0x0000000089800000, 0x0000000089900000|  0%| F|  |TAMS 0x0000000089800000, 0x0000000089800000| Untracked 

Card table byte_map: [0x00000231a7ea0000,0x00000231a82a0000] _byte_map_base: 0x00000231a7aa0000

Marking Bits (Prev, Next): (CMBitMap*) 0x0000023190155cf0, (CMBitMap*) 0x0000023190155cb0
 Prev Bits: [0x00000231aa6a0000, 0x00000231ac6a0000)
 Next Bits: [0x00000231a86a0000, 0x00000231aa6a0000)

Polling page: 0x000002318e850000

Metaspace:

Usage:
  Non-class:     57.98 MB used.
      Class:      9.22 MB used.
       Both:     67.20 MB used.

Virtual space:
  Non-class space:       64.00 MB reserved,      58.81 MB ( 92%) committed,  1 nodes.
      Class space:      412.00 MB reserved,      10.19 MB (  2%) committed,  1 nodes.
             Both:      476.00 MB reserved,      69.00 MB ( 14%) committed. 

Chunk freelists:
   Non-Class:  1.22 MB
       Class:  1.86 MB
        Both:  3.08 MB

MaxMetaspaceSize: 512.00 MB
CompressedClassSpaceSize: 412.00 MB
Initial GC threshold: 21.00 MB
Current GC threshold: 98.25 MB
CDS: on
MetaspaceReclaimPolicy: balanced
 - commit_granule_bytes: 65536.
 - commit_granule_words: 8192.
 - virtual_space_node_default_size: 8388608.
 - enlarge_chunks_in_place: 1.
 - new_chunks_are_fully_committed: 0.
 - uncommit_free_chunks: 1.
 - use_allocation_guard: 0.


Internal statistics:

num_allocs_failed_limit: 9.
num_arena_births: 3322.
num_arena_deaths: 0.
num_vsnodes_births: 2.
num_vsnodes_deaths: 0.
num_space_committed: 1104.
num_space_uncommitted: 0.
num_chunks_returned_to_freelist: 9.
num_chunks_taken_from_freelist: 6479.
num_chunk_merges: 9.
num_chunk_splits: 4100.
num_chunks_enlarged: 2396.
num_inconsistent_stats: 0.

CodeHeap 'non-profiled nmethods': size=120000Kb used=4617Kb max_used=4976Kb free=115382Kb
 bounds [0x000002319fb10000, 0x000002319fff0000, 0x00000231a7040000]
CodeHeap 'profiled nmethods': size=120000Kb used=14046Kb max_used=16165Kb free=105953Kb
 bounds [0x0000023198040000, 0x0000023199010000, 0x000002319f570000]
CodeHeap 'non-nmethods': size=5760Kb used=2512Kb max_used=2560Kb free=3247Kb
 bounds [0x000002319f570000, 0x000002319f800000, 0x000002319fb10000]
 total_blobs=8437 nmethods=7495 adapters=852
 compilation: enabled
              stopped_count=0, restarted_count=0
 full_count=0

Compilation events (20 events):
Event: 172.922 Thread 0x00000231b3411ad0 9137       4       org.gradle.internal.classpath.ClasspathWalker$ZipClasspathEntry::getContent (10 bytes)
Event: 172.929 Thread 0x00000231b3411ad0 nmethod 9137 0x000002319fe53c90 code [0x000002319fe53e60, 0x000002319fe54268]
Event: 172.929 Thread 0x00000231b3411ad0 9151       4       org.gradle.api.internal.initialization.transform.utils.ClassAnalysisUtils::getClassDependencies (66 bytes)
Event: 172.948 Thread 0x00000231b3411ad0 nmethod 9151 0x000002319fb3c190 code [0x000002319fb3c360, 0x000002319fb3ccb8]
Event: 172.948 Thread 0x00000231b3411ad0 9152       4       java.lang.StringLatin1::equals (36 bytes)
Event: 172.952 Thread 0x00000231b3411ad0 nmethod 9152 0x000002319fcc8f10 code [0x000002319fcc90a0, 0x000002319fcc9258]
Event: 172.952 Thread 0x00000231b3411ad0 9153       4       java.util.TreeSet::add (22 bytes)
Event: 172.953 Thread 0x00000231b3411ad0 nmethod 9153 0x000002319fcc8b90 code [0x000002319fcc8d20, 0x000002319fcc8e08]
Event: 172.953 Thread 0x00000231b3411ad0 9138       4       org.gradle.api.internal.file.archive.impl.AbstractZipEntry::getContent (16 bytes)
Event: 172.969 Thread 0x00000231b3411ad0 nmethod 9138 0x000002319fc9ed10 code [0x000002319fc9eee0, 0x000002319fc9f2c8]
Event: 172.969 Thread 0x00000231b3411ad0 9154   !   4       org.gradle.api.internal.file.archive.impl.FileZipInput$FileZipEntry::withInputStream (28 bytes)
Event: 172.977 Thread 0x00000231b3411ad0 nmethod 9154 0x000002319fbc0f10 code [0x000002319fbc1100, 0x000002319fbc14e8]
Event: 172.977 Thread 0x00000231b3411ad0 9139       4       org.gradle.api.internal.file.archive.impl.AbstractZipEntry$1::<init> (10 bytes)
Event: 172.978 Thread 0x00000231b3411ad0 nmethod 9139 0x000002319fcc8610 code [0x000002319fcc8780, 0x000002319fcc88b8]
Event: 172.979 Thread 0x00000231b3411ad0 9155       4       java.util.TimSort::sort (229 bytes)
Event: 173.034 Thread 0x00000231b3411ad0 nmethod 9155 0x000002319fcda610 code [0x000002319fcda860, 0x000002319fcdc480]
Event: 173.034 Thread 0x00000231b3411ad0 9156       4       java.util.Arrays::sort (47 bytes)
Event: 173.035 Thread 0x00000231b3411ad0 nmethod 9156 0x000002319fbc0890 code [0x000002319fbc0a20, 0x000002319fbc0b58]
Event: 173.036 Thread 0x00000231b3411ad0 9157       4       java.util.TreeMap::rotateLeft (96 bytes)
Event: 173.043 Thread 0x00000231b3411ad0 nmethod 9157 0x000002319fcf1210 code [0x000002319fcf13a0, 0x000002319fcf1af8]

GC Heap History (20 events):
Event: 14.795 GC heap after
{Heap after GC invocations=14 (full 0):
 garbage-first heap   total 156672K, used 38676K [0x0000000080000000, 0x0000000100000000)
  region size 1024K, 4 young (4096K), 4 survivors (4096K)
 Metaspace       used 42665K, committed 44096K, reserved 487424K
  class space    used 5880K, committed 6592K, reserved 421888K
}
Event: 16.299 GC heap before
{Heap before GC invocations=14 (full 0):
 garbage-first heap   total 156672K, used 117524K [0x0000000080000000, 0x0000000100000000)
  region size 1024K, 81 young (82944K), 4 survivors (4096K)
 Metaspace       used 48602K, committed 50176K, reserved 487424K
  class space    used 6817K, committed 7680K, reserved 421888K
}
Event: 16.305 GC heap after
{Heap after GC invocations=15 (full 0):
 garbage-first heap   total 156672K, used 41035K [0x0000000080000000, 0x0000000100000000)
  region size 1024K, 6 young (6144K), 6 survivors (6144K)
 Metaspace       used 48602K, committed 50176K, reserved 487424K
  class space    used 6817K, committed 7680K, reserved 421888K
}
Event: 17.996 GC heap before
{Heap before GC invocations=15 (full 0):
 garbage-first heap   total 156672K, used 125003K [0x0000000080000000, 0x0000000100000000)
  region size 1024K, 86 young (88064K), 6 survivors (6144K)
 Metaspace       used 57730K, committed 59584K, reserved 487424K
  class space    used 7995K, committed 8960K, reserved 421888K
}
Event: 18.005 GC heap after
{Heap after GC invocations=16 (full 0):
 garbage-first heap   total 156672K, used 45379K [0x0000000080000000, 0x0000000100000000)
  region size 1024K, 10 young (10240K), 10 survivors (10240K)
 Metaspace       used 57730K, committed 59584K, reserved 487424K
  class space    used 7995K, committed 8960K, reserved 421888K
}
Event: 18.198 GC heap before
{Heap before GC invocations=16 (full 0):
 garbage-first heap   total 156672K, used 55619K [0x0000000080000000, 0x0000000100000000)
  region size 1024K, 21 young (21504K), 10 survivors (10240K)
 Metaspace       used 58515K, committed 60288K, reserved 487424K
  class space    used 8139K, committed 9088K, reserved 421888K
}
Event: 18.206 GC heap after
{Heap after GC invocations=17 (full 0):
 garbage-first heap   total 156672K, used 46334K [0x0000000080000000, 0x0000000100000000)
  region size 1024K, 6 young (6144K), 6 survivors (6144K)
 Metaspace       used 58515K, committed 60288K, reserved 487424K
  class space    used 8139K, committed 9088K, reserved 421888K
}
Event: 27.920 GC heap before
{Heap before GC invocations=18 (full 0):
 garbage-first heap   total 156672K, used 122110K [0x0000000080000000, 0x0000000100000000)
  region size 1024K, 81 young (82944K), 6 survivors (6144K)
 Metaspace       used 67626K, committed 69440K, reserved 487424K
  class space    used 9173K, committed 10112K, reserved 421888K
}
Event: 27.933 GC heap after
{Heap after GC invocations=19 (full 0):
 garbage-first heap   total 156672K, used 51601K [0x0000000080000000, 0x0000000100000000)
  region size 1024K, 11 young (11264K), 11 survivors (11264K)
 Metaspace       used 67626K, committed 69440K, reserved 487424K
  class space    used 9173K, committed 10112K, reserved 421888K
}
Event: 28.038 GC heap before
{Heap before GC invocations=19 (full 0):
 garbage-first heap   total 156672K, used 52625K [0x0000000080000000, 0x0000000100000000)
  region size 1024K, 12 young (12288K), 11 survivors (11264K)
 Metaspace       used 67626K, committed 69440K, reserved 487424K
  class space    used 9173K, committed 10112K, reserved 421888K
}
Event: 28.045 GC heap after
{Heap after GC invocations=20 (full 0):
 garbage-first heap   total 156672K, used 51947K [0x0000000080000000, 0x0000000100000000)
  region size 1024K, 2 young (2048K), 2 survivors (2048K)
 Metaspace       used 67626K, committed 69440K, reserved 487424K
  class space    used 9173K, committed 10112K, reserved 421888K
}
Event: 170.507 GC heap before
{Heap before GC invocations=20 (full 0):
 garbage-first heap   total 156672K, used 127723K [0x0000000080000000, 0x0000000100000000)
  region size 1024K, 71 young (72704K), 2 survivors (2048K)
 Metaspace       used 68732K, committed 70592K, reserved 487424K
  class space    used 9442K, committed 10432K, reserved 421888K
}
Event: 170.758 GC heap after
{Heap after GC invocations=21 (full 0):
 garbage-first heap   total 156672K, used 59227K [0x0000000080000000, 0x0000000100000000)
  region size 1024K, 3 young (3072K), 3 survivors (3072K)
 Metaspace       used 68732K, committed 70592K, reserved 487424K
  class space    used 9442K, committed 10432K, reserved 421888K
}
Event: 171.844 GC heap before
{Heap before GC invocations=21 (full 0):
 garbage-first heap   total 156672K, used 124763K [0x0000000080000000, 0x0000000100000000)
  region size 1024K, 68 young (69632K), 3 survivors (3072K)
 Metaspace       used 68780K, committed 70592K, reserved 487424K
  class space    used 9442K, committed 10432K, reserved 421888K
}
Event: 171.874 GC heap after
{Heap after GC invocations=22 (full 0):
 garbage-first heap   total 156672K, used 61847K [0x0000000080000000, 0x0000000100000000)
  region size 1024K, 6 young (6144K), 6 survivors (6144K)
 Metaspace       used 68780K, committed 70592K, reserved 487424K
  class space    used 9442K, committed 10432K, reserved 421888K
}
Event: 172.254 GC heap before
{Heap before GC invocations=22 (full 0):
 garbage-first heap   total 156672K, used 125335K [0x0000000080000000, 0x0000000100000000)
  region size 1024K, 69 young (70656K), 6 survivors (6144K)
 Metaspace       used 68808K, committed 70656K, reserved 487424K
  class space    used 9442K, committed 10432K, reserved 421888K
}
Event: 172.578 GC heap after
{Heap after GC invocations=23 (full 0):
 garbage-first heap   total 156672K, used 63264K [0x0000000080000000, 0x0000000100000000)
  region size 1024K, 5 young (5120K), 5 survivors (5120K)
 Metaspace       used 68808K, committed 70656K, reserved 487424K
  class space    used 9442K, committed 10432K, reserved 421888K
}
Event: 172.956 GC heap before
{Heap before GC invocations=23 (full 0):
 garbage-first heap   total 156672K, used 127776K [0x0000000080000000, 0x0000000100000000)
  region size 1024K, 69 young (70656K), 5 survivors (5120K)
 Metaspace       used 68812K, committed 70656K, reserved 487424K
  class space    used 9442K, committed 10432K, reserved 421888K
}
Event: 172.965 GC heap after
{Heap after GC invocations=24 (full 0):
 garbage-first heap   total 156672K, used 65577K [0x0000000080000000, 0x0000000100000000)
  region size 1024K, 7 young (7168K), 7 survivors (7168K)
 Metaspace       used 68812K, committed 70656K, reserved 487424K
  class space    used 9442K, committed 10432K, reserved 421888K
}
Event: 173.201 GC heap before
{Heap before GC invocations=24 (full 0):
 garbage-first heap   total 156672K, used 130089K [0x0000000080000000, 0x0000000100000000)
  region size 1024K, 70 young (71680K), 7 survivors (7168K)
 Metaspace       used 68812K, committed 70656K, reserved 487424K
  class space    used 9442K, committed 10432K, reserved 421888K
}

Dll operation events (15 events):
Event: 0.018 Loaded shared library C:\Program Files\Java\jdk-19\bin\java.dll
Event: 0.034 Loaded shared library C:\Program Files\Java\jdk-19\bin\jsvml.dll
Event: 0.144 Loaded shared library C:\Program Files\Java\jdk-19\bin\zip.dll
Event: 0.150 Loaded shared library C:\Program Files\Java\jdk-19\bin\instrument.dll
Event: 0.169 Loaded shared library C:\Program Files\Java\jdk-19\bin\net.dll
Event: 0.175 Loaded shared library C:\Program Files\Java\jdk-19\bin\nio.dll
Event: 0.180 Loaded shared library C:\Program Files\Java\jdk-19\bin\zip.dll
Event: 0.581 Loaded shared library C:\Program Files\Java\jdk-19\bin\jimage.dll
Event: 0.786 Loaded shared library C:\Program Files\Java\jdk-19\bin\verify.dll
Event: 0.990 Loaded shared library C:\Users\SYS0124-P001\.gradle\native\c067742578af261105cb4f569cf0c3c89f3d7b1fecec35dd04571415982c5e48\windows-amd64\native-platform.dll
Event: 1.010 Loaded shared library C:\Users\SYS0124-P001\.gradle\native\100fb08df4bc3b14c8652ba06237920a3bd2aa13389f12d3474272988ae205f9\windows-amd64\native-platform-file-events.dll
Event: 2.642 Loaded shared library C:\Program Files\Java\jdk-19\bin\management.dll
Event: 2.649 Loaded shared library C:\Program Files\Java\jdk-19\bin\management_ext.dll
Event: 3.187 Loaded shared library C:\Program Files\Java\jdk-19\bin\extnet.dll
Event: 3.712 Loaded shared library C:\Program Files\Java\jdk-19\bin\sunmscapi.dll

Deoptimization events (20 events):
Event: 172.899 Thread 0x00000231b6de3540 Uncommon trap: trap_request=0xffffff45 fr.pc=0x000002319fb1cf24 relative=0x0000000000000184
Event: 172.899 Thread 0x00000231b6de3540 Uncommon trap: reason=unstable_if action=reinterpret pc=0x000002319fb1cf24 method=java.lang.String.equals(Ljava/lang/Object;)Z @ 33 c2
Event: 172.899 Thread 0x00000231b6de3540 DEOPT PACKING pc=0x000002319fb1cf24 sp=0x000000443f3faef0
Event: 172.899 Thread 0x00000231b6de3540 DEOPT UNPACKING pc=0x000002319f5da5a3 sp=0x000000443f3fae80 mode 2
Event: 172.901 Thread 0x00000231b6de5520 DEOPT PACKING pc=0x000002319839e463 sp=0x000000443f5fb2b0
Event: 172.901 Thread 0x00000231b6de5520 DEOPT UNPACKING pc=0x000002319f5db0e3 sp=0x000000443f5fa768 mode 0
Event: 172.906 Thread 0x00000231b6de5520 DEOPT PACKING pc=0x000002319839e463 sp=0x000000443f5fb2b0
Event: 172.906 Thread 0x00000231b6de5520 DEOPT UNPACKING pc=0x000002319f5db0e3 sp=0x000000443f5fa768 mode 0
Event: 172.914 Thread 0x00000231b6de5520 DEOPT PACKING pc=0x000002319839e463 sp=0x000000443f5fb2b0
Event: 172.914 Thread 0x00000231b6de5520 DEOPT UNPACKING pc=0x000002319f5db0e3 sp=0x000000443f5fa768 mode 0
Event: 172.924 Thread 0x00000231b6de5520 DEOPT PACKING pc=0x000002319839e463 sp=0x000000443f5fb2b0
Event: 172.924 Thread 0x00000231b6de5520 DEOPT UNPACKING pc=0x000002319f5db0e3 sp=0x000000443f5fa768 mode 0
Event: 172.930 Thread 0x00000231b6de5520 DEOPT PACKING pc=0x000002319839e463 sp=0x000000443f5fb2b0
Event: 172.930 Thread 0x00000231b6de5520 DEOPT UNPACKING pc=0x000002319f5db0e3 sp=0x000000443f5fa768 mode 0
Event: 172.936 Thread 0x00000231b6de3540 DEOPT PACKING pc=0x000002319839e463 sp=0x000000443f3fb040
Event: 172.936 Thread 0x00000231b6de3540 DEOPT UNPACKING pc=0x000002319f5db0e3 sp=0x000000443f3fa4f8 mode 0
Event: 172.943 Thread 0x00000231b6de3540 DEOPT PACKING pc=0x000002319839e463 sp=0x000000443f3fb040
Event: 172.943 Thread 0x00000231b6de3540 DEOPT UNPACKING pc=0x000002319f5db0e3 sp=0x000000443f3fa4f8 mode 0
Event: 172.945 Thread 0x00000231b6de5520 DEOPT PACKING pc=0x000002319839e463 sp=0x000000443f5fb2b0
Event: 172.945 Thread 0x00000231b6de5520 DEOPT UNPACKING pc=0x000002319f5db0e3 sp=0x000000443f5fa768 mode 0

Classes loaded (20 events):
Event: 19.696 Loading class com/sun/org/apache/xerces/internal/dom/DeferredCommentImpl
Event: 19.696 Loading class com/sun/org/apache/xerces/internal/dom/CommentImpl
Event: 19.696 Loading class org/w3c/dom/Comment
Event: 19.696 Loading class org/w3c/dom/Comment done
Event: 19.696 Loading class com/sun/org/apache/xerces/internal/dom/CommentImpl done
Event: 19.696 Loading class com/sun/org/apache/xerces/internal/dom/DeferredCommentImpl done
Event: 21.371 Loading class java/lang/foreign/MemorySegment
Event: 21.371 Loading class java/lang/foreign/Addressable
Event: 21.372 Loading class java/lang/foreign/Addressable done
Event: 21.372 Loading class java/lang/foreign/MemorySegment done
Event: 169.355 Loading class java/util/zip/ZipFile$ZipEntryIterator
Event: 169.362 Loading class java/util/zip/ZipFile$ZipEntryIterator done
Event: 169.496 Loading class java/util/zip/ZipInputStream
Event: 169.526 Loading class java/util/zip/ZipInputStream done
Event: 169.689 Loading class sun/nio/ch/ChannelOutputStream
Event: 169.690 Loading class sun/nio/ch/ChannelOutputStream done
Event: 170.240 Loading class java/nio/file/StandardCopyOption
Event: 170.241 Loading class java/nio/file/StandardCopyOption done
Event: 170.244 Loading class sun/nio/fs/WindowsFileCopy
Event: 170.251 Loading class sun/nio/fs/WindowsFileCopy done

Classes unloaded (0 events):
No events

Classes redefined (0 events):
No events

Internal exceptions (20 events):
Event: 19.549 Thread 0x00000231b5122070 Exception <a 'java/lang/NoSuchMethodError'{0x00000000871858b8}: static Lorg/gradle/internal/build/event/types/DefaultStatusEvent;.<clinit>()V> (0x00000000871858b8) 
thrown [s\open\src\hotspot\share\prims\jni.cpp, line 1107]
Event: 19.561 Thread 0x00000231b5122070 Exception <a 'java/lang/NoSuchMethodError'{0x00000000870255e0}: static Lorg/gradle/internal/build/event/types/DefaultFileDownloadSuccessResult;.<clinit>()V> (0x00000000870255e0) 
thrown [s\open\src\hotspot\share\prims\jni.cpp, line 1107]
Event: 19.565 Thread 0x00000231b5124050 Exception <a 'java/lang/NoSuchMethodError'{0x000000008717ff80}: 'int java.lang.invoke.DirectMethodHandle$Holder.invokeSpecial(java.lang.Object, java.lang.Object, int)'> (0x000000008717ff80) 
thrown [s\open\src\hotspot\share\interpreter\linkResolver.cpp, line 774]
Event: 165.345 Thread 0x00000231b5124050 Implicit null exception at 0x000002319ff86ebe to 0x000002319ff86eec
Event: 167.436 Thread 0x00000231b6de3fe0 Exception <a 'java/lang/IncompatibleClassChangeError'{0x0000000087151a68}: Found class java.lang.Object, but interface was expected> (0x0000000087151a68) 
thrown [s\open\src\hotspot\share\interpreter\linkResolver.cpp, line 841]
Event: 167.436 Thread 0x00000231b6de5520 Exception <a 'java/lang/IncompatibleClassChangeError'{0x0000000087123d48}: Found class java.lang.Object, but interface was expected> (0x0000000087123d48) 
thrown [s\open\src\hotspot\share\interpreter\linkResolver.cpp, line 841]
Event: 167.436 Thread 0x00000231b6de4a80 Exception <a 'java/lang/IncompatibleClassChangeError'{0x000000008710e138}: Found class java.lang.Object, but interface was expected> (0x000000008710e138) 
thrown [s\open\src\hotspot\share\interpreter\linkResolver.cpp, line 841]
Event: 167.436 Thread 0x00000231b6de3540 Exception <a 'java/lang/IncompatibleClassChangeError'{0x00000000872fbdc8}: Found class java.lang.Object, but interface was expected> (0x00000000872fbdc8) 
thrown [s\open\src\hotspot\share\interpreter\linkResolver.cpp, line 841]
Event: 167.436 Thread 0x00000231b6de5a70 Exception <a 'java/lang/IncompatibleClassChangeError'{0x0000000087167590}: Found class java.lang.Object, but interface was expected> (0x0000000087167590) 
thrown [s\open\src\hotspot\share\interpreter\linkResolver.cpp, line 841]
Event: 167.437 Thread 0x00000231b6de4fd0 Exception <a 'java/lang/IncompatibleClassChangeError'{0x000000008717d1e0}: Found class java.lang.Object, but interface was expected> (0x000000008717d1e0) 
thrown [s\open\src\hotspot\share\interpreter\linkResolver.cpp, line 841]
Event: 167.439 Thread 0x00000231b5124050 Exception <a 'java/lang/IncompatibleClassChangeError'{0x00000000872c27e0}: Found class java.lang.Object, but interface was expected> (0x00000000872c27e0) 
thrown [s\open\src\hotspot\share\interpreter\linkResolver.cpp, line 841]
Event: 169.428 Thread 0x00000231b6de4fd0 Implicit null exception at 0x000002319fd13b1c to 0x000002319fd1459c
Event: 169.428 Thread 0x00000231b5124050 Implicit null exception at 0x000002319fd13b1c to 0x000002319fd1459c
Event: 169.428 Thread 0x00000231b6de3fe0 Implicit null exception at 0x000002319fd13b1c to 0x000002319fd1459c
Event: 169.428 Thread 0x00000231b6de5a70 Implicit null exception at 0x000002319fd13b1c to 0x000002319fd1459c
Event: 169.428 Thread 0x00000231b6de4a80 Implicit null exception at 0x000002319fd13b1c to 0x000002319fd1459c
Event: 169.429 Thread 0x00000231b6de3a90 Implicit null exception at 0x000002319fd13b1c to 0x000002319fd1459c
Event: 169.429 Thread 0x00000231b6de3540 Implicit null exception at 0x000002319fd13b1c to 0x000002319fd1459c
Event: 170.329 Thread 0x00000231b6de5a70 Implicit null exception at 0x000002319ff6b3e7 to 0x000002319ff6be27
Event: 171.888 Thread 0x00000231b6de4a80 Implicit null exception at 0x000002319ff870cb to 0x000002319ff87488

VM Operations (20 events):
Event: 170.213 Executing VM operation: Cleanup done
Event: 170.392 Executing VM operation: G1CollectForAllocation
Event: 170.493 Executing VM operation: G1CollectForAllocation done
Event: 170.494 Executing VM operation: G1CollectForAllocation
Event: 170.758 Executing VM operation: G1CollectForAllocation done
Event: 171.119 Executing VM operation: HandshakeAllThreads
Event: 171.135 Executing VM operation: HandshakeAllThreads done
Event: 171.203 Executing VM operation: HandshakeAllThreads
Event: 171.212 Executing VM operation: HandshakeAllThreads done
Event: 171.828 Executing VM operation: G1CollectForAllocation
Event: 171.844 Executing VM operation: G1CollectForAllocation done
Event: 171.844 Executing VM operation: G1CollectForAllocation
Event: 171.874 Executing VM operation: G1CollectForAllocation done
Event: 172.222 Executing VM operation: G1CollectForAllocation
Event: 172.244 Executing VM operation: G1CollectForAllocation done
Event: 172.245 Executing VM operation: G1CollectForAllocation
Event: 172.579 Executing VM operation: G1CollectForAllocation done
Event: 172.949 Executing VM operation: G1CollectForAllocation
Event: 172.966 Executing VM operation: G1CollectForAllocation done
Event: 173.183 Executing VM operation: G1CollectForAllocation

Events (20 events):
Event: 171.239 Thread 0x00000231b342d100 flushing nmethod 0x0000023198eb2310
Event: 171.239 Thread 0x00000231b342d100 flushing nmethod 0x0000023198eb3e90
Event: 171.239 Thread 0x00000231b342d100 flushing nmethod 0x0000023198ec9690
Event: 171.240 Thread 0x00000231b342d100 flushing nmethod 0x0000023198f4b390
Event: 171.240 Thread 0x00000231b342d100 flushing nmethod 0x0000023198f4f110
Event: 171.240 Thread 0x00000231b342d100 flushing nmethod 0x0000023198f53990
Event: 171.240 Thread 0x00000231b342d100 flushing nmethod 0x0000023198f56190
Event: 171.240 Thread 0x00000231b342d100 flushing nmethod 0x0000023198f81d10
Event: 171.240 Thread 0x00000231b342d100 flushing nmethod 0x0000023198f82090
Event: 171.240 Thread 0x00000231b342d100 flushing nmethod 0x0000023198f87f10
Event: 171.240 Thread 0x00000231b342d100 flushing nmethod 0x0000023198f88f10
Event: 171.240 Thread 0x00000231b342d100 flushing nmethod 0x0000023198f89290
Event: 171.240 Thread 0x00000231b342d100 flushing nmethod 0x0000023198f8b610
Event: 171.240 Thread 0x00000231b342d100 flushing nmethod 0x0000023198faf690
Event: 171.240 Thread 0x00000231b342d100 flushing nmethod 0x0000023198fafa90
Event: 171.240 Thread 0x00000231b342d100 flushing nmethod 0x0000023198fb0010
Event: 171.240 Thread 0x00000231b342d100 flushing nmethod 0x0000023198fb0510
Event: 171.240 Thread 0x00000231b342d100 flushing nmethod 0x0000023198fb1490
Event: 171.240 Thread 0x00000231b342d100 flushing nmethod 0x0000023198fb2390
Event: 171.240 Thread 0x00000231b342d100 flushing nmethod 0x0000023198fba510


Dynamic libraries:
0x00007ff675a70000 - 0x00007ff675a80000 	C:\Program Files\Java\jdk-19\bin\java.exe
0x00007ff8cbe20000 - 0x00007ff8cc083000 	C:\WINDOWS\SYSTEM32\ntdll.dll
0x00007ff8caea0000 - 0x00007ff8caf68000 	C:\WINDOWS\System32\KERNEL32.DLL
0x00007ff8c9420000 - 0x00007ff8c97d1000 	C:\WINDOWS\System32\KERNELBASE.dll
0x0000000076820000 - 0x0000000076b4e000 	C:\Program Files\Norton Security\NortonData\22.23.10.10\Definitions\IPSDefs\20241120.064\IPSEng64.dll
0x00007ff8cbc00000 - 0x00007ff8cbcb4000 	C:\WINDOWS\System32\ADVAPI32.dll
0x00007ff8ca1d0000 - 0x00007ff8ca279000 	C:\WINDOWS\System32\msvcrt.dll
0x00007ff8caf70000 - 0x00007ff8cb016000 	C:\WINDOWS\System32\sechost.dll
0x00007ff8cb8f0000 - 0x00007ff8cba06000 	C:\WINDOWS\System32\RPCRT4.dll
0x00007ff8ca280000 - 0x00007ff8ca288000 	C:\WINDOWS\System32\PSAPI.DLL
0x00007ff8c97e0000 - 0x00007ff8c992b000 	C:\WINDOWS\System32\ucrtbase.dll
0x00007ff8a8f80000 - 0x00007ff8a8f9b000 	C:\Program Files\Java\jdk-19\bin\VCRUNTIME140.dll
0x00007ff877c50000 - 0x00007ff877c68000 	C:\Program Files\Java\jdk-19\bin\jli.dll
0x00007ff8cacd0000 - 0x00007ff8cae98000 	C:\WINDOWS\System32\USER32.dll
0x00007ff8c9930000 - 0x00007ff8c9957000 	C:\WINDOWS\System32\win32u.dll
0x00007ff8a5950000 - 0x00007ff8a5be0000 	C:\WINDOWS\WinSxS\amd64_microsoft.windows.common-controls_6595b64144ccf1df_6.0.26100.2161_none_3e0cadb0e33078e1\COMCTL32.dll
0x00007ff8ca120000 - 0x00007ff8ca14a000 	C:\WINDOWS\System32\GDI32.dll
0x00007ff8c9960000 - 0x00007ff8c9a85000 	C:\WINDOWS\System32\gdi32full.dll
0x00007ff8c92b0000 - 0x00007ff8c9353000 	C:\WINDOWS\System32\msvcp_win.dll
0x00007ff8b70f0000 - 0x00007ff8b70fb000 	C:\WINDOWS\SYSTEM32\VERSION.dll
0x00007ff8cbda0000 - 0x00007ff8cbdcf000 	C:\WINDOWS\System32\IMM32.DLL
0x00007ff8a4fc0000 - 0x00007ff8a4fcc000 	C:\Program Files\Java\jdk-19\bin\vcruntime140_1.dll
0x00007ff80f830000 - 0x00007ff80f8be000 	C:\Program Files\Java\jdk-19\bin\msvcp140.dll
0x00007fffe1450000 - 0x00007fffe2110000 	C:\Program Files\Java\jdk-19\bin\server\jvm.dll
0x00007ff8bb6a0000 - 0x00007ff8bb6d6000 	C:\WINDOWS\SYSTEM32\WINMM.dll
0x00007ff8a7800000 - 0x00007ff8a780a000 	C:\WINDOWS\SYSTEM32\WSOCK32.dll
0x00007ff8ca610000 - 0x00007ff8ca684000 	C:\WINDOWS\System32\WS2_32.dll
0x00007ff8c8030000 - 0x00007ff8c804a000 	C:\WINDOWS\SYSTEM32\kernel.appcore.dll
0x00007ff89bd20000 - 0x00007ff89bd2a000 	C:\Program Files\Java\jdk-19\bin\jimage.dll
0x00007ff8c6a50000 - 0x00007ff8c6c91000 	C:\WINDOWS\SYSTEM32\DBGHELP.DLL
0x00007ff8ca290000 - 0x00007ff8ca60d000 	C:\WINDOWS\System32\combase.dll
0x00007ff8cbcc0000 - 0x00007ff8cbd96000 	C:\WINDOWS\System32\OLEAUT32.dll
0x00007ff8a4380000 - 0x00007ff8a43b9000 	C:\WINDOWS\SYSTEM32\dbgcore.DLL
0x00007ff8c9210000 - 0x00007ff8c92a9000 	C:\WINDOWS\System32\bcryptPrimitives.dll
0x00007ff87c970000 - 0x00007ff87c97e000 	C:\Program Files\Java\jdk-19\bin\instrument.dll
0x00007ff8048f0000 - 0x00007ff804916000 	C:\Program Files\Java\jdk-19\bin\java.dll
0x00007ffffe080000 - 0x00007ffffe157000 	C:\Program Files\Java\jdk-19\bin\jsvml.dll
0x00007ff8cb170000 - 0x00007ff8cb86f000 	C:\WINDOWS\System32\SHELL32.dll
0x00007ff8c6f00000 - 0x00007ff8c772d000 	C:\WINDOWS\SYSTEM32\windows.storage.dll
0x00007ff8cba10000 - 0x00007ff8cbae3000 	C:\WINDOWS\System32\SHCORE.dll
0x00007ff8cac60000 - 0x00007ff8cacbd000 	C:\WINDOWS\System32\shlwapi.dll
0x00007ff8c9120000 - 0x00007ff8c914e000 	C:\WINDOWS\SYSTEM32\profapi.dll
0x00007ff810910000 - 0x00007ff810928000 	C:\Program Files\Java\jdk-19\bin\zip.dll
0x00007ff810630000 - 0x00007ff810643000 	C:\Program Files\Java\jdk-19\bin\net.dll
0x00007ff8bfa40000 - 0x00007ff8bfb66000 	C:\WINDOWS\SYSTEM32\WINHTTP.dll
0x00007ff8c8560000 - 0x00007ff8c85c8000 	C:\WINDOWS\system32\mswsock.dll
0x00007ff810510000 - 0x00007ff810526000 	C:\Program Files\Java\jdk-19\bin\nio.dll
0x00007ff87b530000 - 0x00007ff87b540000 	C:\Program Files\Java\jdk-19\bin\verify.dll
0x00007ff80f8c0000 - 0x00007ff80f8e7000 	C:\Users\SYS0124-P001\.gradle\native\c067742578af261105cb4f569cf0c3c89f3d7b1fecec35dd04571415982c5e48\windows-amd64\native-platform.dll
0x00007ffffd610000 - 0x00007ffffd754000 	C:\Users\SYS0124-P001\.gradle\native\100fb08df4bc3b14c8652ba06237920a3bd2aa13389f12d3474272988ae205f9\windows-amd64\native-platform-file-events.dll
0x00007ff879e50000 - 0x00007ff879e5a000 	C:\Program Files\Java\jdk-19\bin\management.dll
0x00007ff8787b0000 - 0x00007ff8787bb000 	C:\Program Files\Java\jdk-19\bin\management_ext.dll
0x00007ff8c8800000 - 0x00007ff8c881c000 	C:\WINDOWS\SYSTEM32\CRYPTSP.dll
0x00007ff8c7f90000 - 0x00007ff8c7fc8000 	C:\WINDOWS\system32\rsaenh.dll
0x00007ff8c8600000 - 0x00007ff8c862b000 	C:\WINDOWS\SYSTEM32\USERENV.dll
0x00007ff8c8a40000 - 0x00007ff8c8a66000 	C:\WINDOWS\SYSTEM32\bcrypt.dll
0x00007ff8c8820000 - 0x00007ff8c882c000 	C:\WINDOWS\SYSTEM32\CRYPTBASE.dll
0x00007ff8c7a40000 - 0x00007ff8c7a71000 	C:\WINDOWS\SYSTEM32\IPHLPAPI.DLL
0x00007ff8cb160000 - 0x00007ff8cb16a000 	C:\WINDOWS\System32\NSI.dll
0x00007ff8c01b0000 - 0x00007ff8c01ce000 	C:\WINDOWS\SYSTEM32\dhcpcsvc6.DLL
0x00007ff8c0180000 - 0x00007ff8c01a5000 	C:\WINDOWS\SYSTEM32\dhcpcsvc.DLL
0x00007ff8c7ad0000 - 0x00007ff8c7bf5000 	C:\WINDOWS\SYSTEM32\DNSAPI.dll
0x00007ff877520000 - 0x00007ff877528000 	C:\Program Files\Java\jdk-19\bin\extnet.dll
0x00007ff86b320000 - 0x00007ff86b32e000 	C:\Program Files\Java\jdk-19\bin\sunmscapi.dll
0x00007ff8c9b10000 - 0x00007ff8c9c86000 	C:\WINDOWS\System32\CRYPT32.dll
0x00007ff8c8a00000 - 0x00007ff8c8a30000 	C:\WINDOWS\SYSTEM32\ncrypt.dll
0x00007ff8c89b0000 - 0x00007ff8c89ef000 	C:\WINDOWS\SYSTEM32\NTASN1.dll
0x00007ff890320000 - 0x00007ff890328000 	C:\WINDOWS\system32\wshunix.dll
0x00007ff8bd550000 - 0x00007ff8bd55b000 	C:\Windows\System32\rasadhlp.dll
0x00007ff8c05f0000 - 0x00007ff8c0676000 	C:\WINDOWS\System32\fwpuclnt.dll

dbghelp: loaded successfully - version: 4.0.5 - missing functions: none
symbol engine: initialized successfully - sym options: 0x614 - pdb path: .;C:\Program Files\Java\jdk-19\bin;C:\WINDOWS\SYSTEM32;C:\Program Files\Norton Security\NortonData\22.23.10.10\Definitions\IPSDefs\20241120.064;C:\WINDOWS\WinSxS\amd64_microsoft.windows.common-controls_6595b64144ccf1df_6.0.26100.2161_none_3e0cadb0e33078e1;C:\Program Files\Java\jdk-19\bin\server;C:\Users\SYS0124-P001\.gradle\native\c067742578af261105cb4f569cf0c3c89f3d7b1fecec35dd04571415982c5e48\windows-amd64;C:\Users\SYS0124-P001\.gradle\native\100fb08df4bc3b14c8652ba06237920a3bd2aa13389f12d3474272988ae205f9\windows-amd64

VM Arguments:
jvm_args: -XX:MaxMetaspaceSize=512m --add-opens=java.base/java.util=ALL-UNNAMED --add-opens=java.base/java.lang=ALL-UNNAMED --add-opens=java.base/java.lang.invoke=ALL-UNNAMED --add-opens=java.prefs/java.util.prefs=ALL-UNNAMED --add-exports=jdk.compiler/com.sun.tools.javac.api=ALL-UNNAMED --add-exports=jdk.compiler/com.sun.tools.javac.util=ALL-UNNAMED --add-opens=java.base/java.nio.charset=ALL-UNNAMED --add-opens=java.base/java.net=ALL-UNNAMED --add-opens=java.base/java.util.concurrent.atomic=ALL-UNNAMED -Xmx2048m -Dfile.encoding=utf8 -Duser.country=US -Duser.language=en -Duser.variant -javaagent:C:\Users\SYS0124-P001\.gradle\wrapper\dists\gradle-8.10.2-all\7iv73wktx1xtkvlq19urqw1wm\gradle-8.10.2\lib\agents\gradle-instrumentation-agent-8.10.2.jar 
java_command: org.gradle.launcher.daemon.bootstrap.GradleDaemon 8.10.2
java_class_path (initial): C:\Users\SYS0124-P001\.gradle\wrapper\dists\gradle-8.10.2-all\7iv73wktx1xtkvlq19urqw1wm\gradle-8.10.2\lib\gradle-daemon-main-8.10.2.jar
Launcher Type: SUN_STANDARD

[Global flags]
     intx CICompilerCount                          = 4                                         {product} {ergonomic}
   size_t CompressedClassSpaceSize                 = 432013312                                 {product} {ergonomic}
     uint ConcGCThreads                            = 2                                         {product} {ergonomic}
     uint G1ConcRefinementThreads                  = 8                                         {product} {ergonomic}
   size_t G1HeapRegionSize                         = 1048576                                   {product} {ergonomic}
    uintx GCDrainStackTargetSize                   = 64                                        {product} {ergonomic}
   size_t InitialHeapSize                          = 130023424                                 {product} {ergonomic}
   size_t MarkStackSize                            = 4194304                                   {product} {ergonomic}
   size_t MaxHeapSize                              = 2147483648                                {product} {command line}
   size_t MaxMetaspaceSize                         = 536870912                                 {product} {command line}
   size_t MaxNewSize                               = 1287651328                                {product} {ergonomic}
   size_t MinHeapDeltaBytes                        = 1048576                                   {product} {ergonomic}
   size_t MinHeapSize                              = 8388608                                   {product} {ergonomic}
    uintx NonNMethodCodeHeapSize                   = 5839372                                {pd product} {ergonomic}
    uintx NonProfiledCodeHeapSize                  = 122909434                              {pd product} {ergonomic}
    uintx ProfiledCodeHeapSize                     = 122909434                              {pd product} {ergonomic}
    uintx ReservedCodeCacheSize                    = 251658240                              {pd product} {ergonomic}
     bool SegmentedCodeCache                       = true                                      {product} {ergonomic}
   size_t SoftMaxHeapSize                          = 2147483648                             {manageable} {ergonomic}
     bool UseCompressedClassPointers               = true                           {product lp64_product} {ergonomic}
     bool UseCompressedOops                        = true                           {product lp64_product} {ergonomic}
     bool UseG1GC                                  = true                                      {product} {ergonomic}
     bool UseLargePagesIndividualAllocation        = false                                  {pd product} {ergonomic}

Logging:
Log output configuration:
 #0: stdout all=warning uptime,level,tags foldmultilines=false
 #1: stderr all=off uptime,level,tags foldmultilines=false

Environment Variables:
PATH=C:\Program Files (x86)\NVIDIA Corporation\PhysX\Common;C:\Program Files (x86)\ActiveState Komodo Edit 12\;C:\Program Files\Common Files\Oracle\Java\javapath;C:\Program Files (x86)\Common Files\Oracle\Java\java8path;C:\Program Files (x86)\Common Files\Oracle\Java\javapath;C:\windows\system32;C:\windows;C:\windows\System32\Wbem;C:\windows\System32\WindowsPowerShell\v1.0\;C:\windows\System32\OpenSSH\;C:\Program Files\PuTTY\;C:\Program Files (x86)\nodejs\;C:\Program Files\HP\HP One Agent;C:\WINDOWS\system32;C:\WINDOWS;C:\WINDOWS\System32\Wbem;C:\WINDOWS\System32\WindowsPowerShell\v1.0\;C:\WINDOWS\System32\OpenSSH\;C:\xampp\php;C:\ProgramData\ComposerSetup\bin;C:\Users\SYS0124-P001\AppData\Local\Programs\Python\Python313;C:\Users\SYS0124-P001\AppData\Local\Programs\Python\Python313\Scripts\;C:\Users\SYS0124-P001\AppData\Local\Programs\Python\Python313\;C:\Users\SYS0124-P001\anaconda3;C:\Users\SYS0124-P001\anaconda3\Library\mingw-w64\bin;C:\Users\SYS0124-P001\anaconda3\Library\usr\bin;C:\Users\SYS0124-P001\anaconda3\Library\bin;C:\Users\SYS0124-P001\anaconda3\Scripts;C:\Users\SYS0124-P001\AppData\Local\Microsoft\WindowsApps;C:\Users\SYS0124-P001\AppData\Local\Programs\Microsoft VS Code\bin;C:\xampp\php;C:\Users\SYS0124-P001\AppData\Local\ComposerSetup\bin;C:\Users\SYS0124-P001\AppData\Roaming\Composer\vendor\bin;C:\Users\SYS0124-P001\AppData\Roaming\npm;C:\Users\SYS0124-P001\AppData\Local\GitHubDesktop\bin;C:\Users\SYS0124-P001\AppData\Local\Programs\Git\cmd;C:\Users\SYS0124-P001\.bun\bin;C:\Users\SYS0124-P001\AppData\Local\atom\bin
USERNAME=SYS0124-P001
OS=Windows_NT
PROCESSOR_IDENTIFIER=Intel64 Family 6 Model 140 Stepping 1, GenuineIntel
TMP=C:\Users\SYS012~1\AppData\Local\Temp
TEMP=C:\Users\SYS012~1\AppData\Local\Temp



---------------  S Y S T E M  ---------------

OS:
 Windows 11 , 64 bit Build 26100 (10.0.26100.2161)
OS uptime: 0 days 20:57 hours
Hyper-V role detected

CPU: total 8 (initial active 8) (4 cores per cpu, 2 threads per core) family 6 model 140 stepping 1 microcode 0xb4, cx8, cmov, fxsr, ht, mmx, 3dnowpref, sse, sse2, sse3, ssse3, sse4.1, sse4.2, popcnt, lzcnt, tsc, tscinvbit, avx, avx2, aes, erms, clmul, bmi1, bmi2, adx, avx512f, avx512dq, avx512cd, avx512bw, avx512vl, sha, fma, vzeroupper, avx512_vpopcntdq, avx512_vpclmulqdq, avx512_vaes, avx512_vnni, clflush, clflushopt, clwb, avx512_vbmi2, avx512_vbmi, hv, rdtscp, rdpid, fsrm, gfni, avx512_bitalg

Memory: 4k page, system-wide physical 7834M (283M free)
TotalPageFile size 31386M (AvailPageFile size 98M)
current process WorkingSet (physical memory assigned to process): 229M, peak: 361M
current process commit charge ("private bytes"): 394M, peak: 564M

vm_info: Java HotSpot(TM) 64-Bit Server VM (19.0.2+7-44) for windows-amd64 JRE (19.0.2+7-44), built on 2022-11-30T18:02:09Z by "mach5one" with MS VC++ 17.1 (VS2022)

END.
